[2022-04-24 09:05:20.738] [exthost] [info] Extension host with pid 876579 started
[2022-04-24 09:05:20.754] [exthost] [info] Lock '/home/zjl/.vscode-server/data/User/workspaceStorage/2074cc806682da7ab43325e33433e1e3/vscode.lock': Lock acquired.
[2022-04-24 09:05:20.970] [exthost] [info] ExtensionService#_doActivateExtension vscode.debug-auto-launch, startup: true, activationEvent: '*'
[2022-04-24 09:05:20.983] [exthost] [info] ExtensionService#_doActivateExtension vscode.git-base, startup: true, activationEvent: '*', root cause: vscode.github
[2022-04-24 09:05:21.380] [exthost] [info] ExtensionService#_doActivateExtension vscode.git, startup: true, activationEvent: '*'
[2022-04-24 09:05:21.583] [exthost] [info] ExtensionService#_doActivateExtension vscode.github, startup: true, activationEvent: '*'
[2022-04-24 09:05:21.700] [exthost] [info] ExtensionService#_doActivateExtension vscode.emmet, startup: false, activationEvent: 'onStartupFinished'
[2022-04-24 09:05:21.740] [exthost] [info] ExtensionService#_doActivateExtension vscode.merge-conflict, startup: false, activationEvent: 'onStartupFinished'
[2022-04-24 09:05:21.747] [exthost] [info] Eager extensions activated
[2022-04-24 09:05:22.088] [exthost] [warning] [Decorations] CAPPING events from decorations provider vscode.git 1784
[2022-04-24 09:05:25.285] [exthost] [warning] [Decorations] CAPPING events from decorations provider vscode.git 1784
[2022-04-24 09:05:30.416] [exthost] [warning] [Decorations] CAPPING events from decorations provider vscode.git 1784
[2022-04-24 09:05:35.649] [exthost] [warning] [Decorations] CAPPING events from decorations provider vscode.git 1784
[2022-04-24 09:05:40.776] [exthost] [warning] [Decorations] CAPPING events from decorations provider vscode.git 1784
[2022-04-24 09:05:46.268] [exthost] [warning] [Decorations] CAPPING events from decorations provider vscode.git 1784
[2022-04-24 09:05:51.551] [exthost] [warning] [Decorations] CAPPING events from decorations provider vscode.git 1784
[2022-04-24 09:05:57.905] [exthost] [warning] [Decorations] CAPPING events from decorations provider vscode.git 1784
[2022-04-24 09:06:03.060] [exthost] [warning] [Decorations] CAPPING events from decorations provider vscode.git 1784
[2022-04-24 09:06:08.222] [exthost] [warning] [Decorations] CAPPING events from decorations provider vscode.git 1784
[2022-04-24 09:06:13.366] [exthost] [warning] [Decorations] CAPPING events from decorations provider vscode.git 1784
[2022-04-24 09:06:19.200] [exthost] [warning] [Decorations] CAPPING events from decorations provider vscode.git 1784
[2022-04-24 09:08:58.783] [exthost] [warning] [Decorations] CAPPING events from decorations provider vscode.git 1784
[2022-04-24 21:50:17.482] [exthost] [warning] [Decorations] CAPPING events from decorations provider vscode.git 1784
[2022-04-24 21:50:19.564] [exthost] [info] extension host terminating: received terminate message from renderer
[2022-04-24 21:50:19.566] [exthost] [info] Lock '/home/zjl/.vscode-server/data/User/workspaceStorage/2074cc806682da7ab43325e33433e1e3/vscode.lock': Marking the lockfile as scheduled to be released in 6000 ms.
[2022-04-24 21:50:19.600] [exthost] [info] Extension host with pid 876579 exiting with code 0
