[2022-05-08 23:19:42.760] [exthost] [info] Extension host with pid 339 started
[2022-05-08 23:19:42.762] [exthost] [error] Error: EEXIST: file already exists, open '/home/zjl/.vscode-server/data/User/workspaceStorage/2074cc806682da7ab43325e33433e1e3/vscode.lock'
[2022-05-08 23:19:42.764] [exthost] [info] Lock '/home/zjl/.vscode-server/data/User/workspaceStorage/2074cc806682da7ab43325e33433e1e3/vscode.lock': Could not acquire lock, checking if the file is stale.
[2022-05-08 23:19:42.764] [exthost] [info] Lock '/home/zjl/.vscode-server/data/User/workspaceStorage/2074cc806682da7ab43325e33433e1e3/vscode.lock': The pid 1874974 appears to be gone.
[2022-05-08 23:19:42.765] [exthost] [info] Lock '/home/zjl/.vscode-server/data/User/workspaceStorage/2074cc806682da7ab43325e33433e1e3/vscode.lock': Deleting a stale lock.
[2022-05-08 23:19:42.773] [exthost] [info] Lock '/home/zjl/.vscode-server/data/User/workspaceStorage/2074cc806682da7ab43325e33433e1e3/vscode.lock': Lock acquired.
[2022-05-08 23:19:43.007] [exthost] [info] ExtensionService#_doActivateExtension vscode.html-language-features, startup: false, activationEvent: 'onLanguage:html'
[2022-05-08 23:19:43.181] [exthost] [info] ExtensionService#_doActivateExtension vscode.debug-auto-launch, startup: true, activationEvent: '*'
[2022-05-08 23:19:43.190] [exthost] [info] ExtensionService#_doActivateExtension vscode.git-base, startup: true, activationEvent: '*', root cause: vscode.github
[2022-05-08 23:19:43.434] [exthost] [info] ExtensionService#_doActivateExtension vscode.git, startup: true, activationEvent: '*'
[2022-05-08 23:19:43.577] [exthost] [info] ExtensionService#_doActivateExtension vscode.github, startup: true, activationEvent: '*'
[2022-05-08 23:19:43.986] [exthost] [info] ExtensionService#_doActivateExtension vscode.emmet, startup: false, activationEvent: 'onStartupFinished'
[2022-05-08 23:19:44.062] [exthost] [info] ExtensionService#_doActivateExtension vscode.merge-conflict, startup: false, activationEvent: 'onStartupFinished'
[2022-05-08 23:19:44.074] [exthost] [info] Eager extensions activated
[2022-05-08 23:19:44.376] [exthost] [warning] [Decorations] CAPPING events from decorations provider vscode.git 1808
[2022-05-08 23:19:54.314] [exthost] [warning] [Decorations] CAPPING events from decorations provider vscode.git 1808
[2022-05-08 23:19:59.421] [exthost] [warning] [Decorations] CAPPING events from decorations provider vscode.git 1804
[2022-05-08 23:20:04.525] [exthost] [warning] [Decorations] CAPPING events from decorations provider vscode.git 1804
[2022-05-08 23:20:09.651] [exthost] [warning] [Decorations] CAPPING events from decorations provider vscode.git 1804
[2022-05-08 23:20:14.763] [exthost] [warning] [Decorations] CAPPING events from decorations provider vscode.git 1804
[2022-05-08 23:20:19.912] [exthost] [warning] [Decorations] CAPPING events from decorations provider vscode.git 1804
[2022-05-08 23:20:25.015] [exthost] [warning] [Decorations] CAPPING events from decorations provider vscode.git 1804
[2022-05-08 23:20:30.263] [exthost] [warning] [Decorations] CAPPING events from decorations provider vscode.git 1804
[2022-05-08 23:20:35.471] [exthost] [warning] [Decorations] CAPPING events from decorations provider vscode.git 1804
[2022-05-08 23:20:40.591] [exthost] [warning] [Decorations] CAPPING events from decorations provider vscode.git 1804
[2022-05-08 23:20:45.767] [exthost] [warning] [Decorations] CAPPING events from decorations provider vscode.git 1804
[2022-05-08 23:20:50.994] [exthost] [warning] [Decorations] CAPPING events from decorations provider vscode.git 1804
[2022-05-08 23:20:57.367] [exthost] [warning] [Decorations] CAPPING events from decorations provider vscode.git 1804
[2022-05-08 23:21:02.499] [exthost] [warning] [Decorations] CAPPING events from decorations provider vscode.git 1804
[2022-05-08 23:21:07.593] [exthost] [warning] [Decorations] CAPPING events from decorations provider vscode.git 1804
[2022-05-08 23:21:12.694] [exthost] [warning] [Decorations] CAPPING events from decorations provider vscode.git 1804
[2022-05-08 23:21:17.846] [exthost] [warning] [Decorations] CAPPING events from decorations provider vscode.git 1804
[2022-05-08 23:21:23.119] [exthost] [warning] [Decorations] CAPPING events from decorations provider vscode.git 1804
[2022-05-08 23:21:28.255] [exthost] [warning] [Decorations] CAPPING events from decorations provider vscode.git 1804
[2022-05-08 23:21:33.392] [exthost] [warning] [Decorations] CAPPING events from decorations provider vscode.git 1804
[2022-05-08 23:21:38.509] [exthost] [warning] [Decorations] CAPPING events from decorations provider vscode.git 1804
[2022-05-08 23:21:43.634] [exthost] [warning] [Decorations] CAPPING events from decorations provider vscode.git 1804
[2022-05-08 23:21:48.731] [exthost] [warning] [Decorations] CAPPING events from decorations provider vscode.git 1804
[2022-05-08 23:21:53.850] [exthost] [warning] [Decorations] CAPPING events from decorations provider vscode.git 1804
[2022-05-08 23:21:58.970] [exthost] [warning] [Decorations] CAPPING events from decorations provider vscode.git 1804
[2022-05-08 23:22:04.120] [exthost] [warning] [Decorations] CAPPING events from decorations provider vscode.git 1804
[2022-05-08 23:22:09.209] [exthost] [warning] [Decorations] CAPPING events from decorations provider vscode.git 1804
[2022-05-08 23:22:14.339] [exthost] [warning] [Decorations] CAPPING events from decorations provider vscode.git 1804
[2022-05-08 23:22:19.464] [exthost] [warning] [Decorations] CAPPING events from decorations provider vscode.git 1804
[2022-05-08 23:22:24.584] [exthost] [warning] [Decorations] CAPPING events from decorations provider vscode.git 1804
[2022-05-08 23:22:29.938] [exthost] [warning] [Decorations] CAPPING events from decorations provider vscode.git 1804
[2022-05-08 23:22:35.069] [exthost] [warning] [Decorations] CAPPING events from decorations provider vscode.git 1804
[2022-05-08 23:22:40.298] [exthost] [warning] [Decorations] CAPPING events from decorations provider vscode.git 1804
[2022-05-08 23:22:45.541] [exthost] [warning] [Decorations] CAPPING events from decorations provider vscode.git 1804
[2022-05-08 23:22:52.216] [exthost] [warning] [Decorations] CAPPING events from decorations provider vscode.git 1804
[2022-05-08 23:22:57.329] [exthost] [warning] [Decorations] CAPPING events from decorations provider vscode.git 1804
[2022-05-08 23:23:02.520] [exthost] [warning] [Decorations] CAPPING events from decorations provider vscode.git 1804
[2022-05-08 23:23:07.727] [exthost] [warning] [Decorations] CAPPING events from decorations provider vscode.git 1804
[2022-05-08 23:23:12.892] [exthost] [warning] [Decorations] CAPPING events from decorations provider vscode.git 1804
[2022-05-08 23:23:17.994] [exthost] [warning] [Decorations] CAPPING events from decorations provider vscode.git 1804
[2022-05-08 23:23:23.303] [exthost] [warning] [Decorations] CAPPING events from decorations provider vscode.git 1804
[2022-05-08 23:23:28.444] [exthost] [warning] [Decorations] CAPPING events from decorations provider vscode.git 1804
[2022-05-08 23:23:33.570] [exthost] [warning] [Decorations] CAPPING events from decorations provider vscode.git 1804
[2022-05-08 23:23:38.682] [exthost] [warning] [Decorations] CAPPING events from decorations provider vscode.git 1804
[2022-05-08 23:23:43.839] [exthost] [warning] [Decorations] CAPPING events from decorations provider vscode.git 1804
[2022-05-08 23:23:48.949] [exthost] [warning] [Decorations] CAPPING events from decorations provider vscode.git 1804
[2022-05-08 23:23:54.095] [exthost] [warning] [Decorations] CAPPING events from decorations provider vscode.git 1804
[2022-05-08 23:23:59.218] [exthost] [warning] [Decorations] CAPPING events from decorations provider vscode.git 1804
[2022-05-08 23:24:04.342] [exthost] [warning] [Decorations] CAPPING events from decorations provider vscode.git 1804
[2022-05-08 23:24:09.450] [exthost] [warning] [Decorations] CAPPING events from decorations provider vscode.git 1804
[2022-05-08 23:24:14.577] [exthost] [warning] [Decorations] CAPPING events from decorations provider vscode.git 1804
[2022-05-08 23:24:19.751] [exthost] [warning] [Decorations] CAPPING events from decorations provider vscode.git 1804
[2022-05-08 23:24:24.938] [exthost] [warning] [Decorations] CAPPING events from decorations provider vscode.git 1804
[2022-05-08 23:24:30.088] [exthost] [warning] [Decorations] CAPPING events from decorations provider vscode.git 1804
[2022-05-08 23:24:35.197] [exthost] [warning] [Decorations] CAPPING events from decorations provider vscode.git 1804
[2022-05-08 23:24:40.311] [exthost] [warning] [Decorations] CAPPING events from decorations provider vscode.git 1804
[2022-05-08 23:24:45.418] [exthost] [warning] [Decorations] CAPPING events from decorations provider vscode.git 1804
[2022-05-08 23:24:50.566] [exthost] [warning] [Decorations] CAPPING events from decorations provider vscode.git 1804
[2022-05-08 23:24:55.676] [exthost] [warning] [Decorations] CAPPING events from decorations provider vscode.git 1804
[2022-05-08 23:25:00.793] [exthost] [warning] [Decorations] CAPPING events from decorations provider vscode.git 1804
[2022-05-08 23:25:05.989] [exthost] [warning] [Decorations] CAPPING events from decorations provider vscode.git 1804
[2022-05-08 23:25:11.134] [exthost] [warning] [Decorations] CAPPING events from decorations provider vscode.git 1804
[2022-05-08 23:25:16.285] [exthost] [warning] [Decorations] CAPPING events from decorations provider vscode.git 1804
[2022-05-08 23:25:21.464] [exthost] [warning] [Decorations] CAPPING events from decorations provider vscode.git 1804
[2022-05-08 23:25:26.607] [exthost] [warning] [Decorations] CAPPING events from decorations provider vscode.git 1804
[2022-05-08 23:25:31.725] [exthost] [warning] [Decorations] CAPPING events from decorations provider vscode.git 1804
[2022-05-08 23:25:36.865] [exthost] [warning] [Decorations] CAPPING events from decorations provider vscode.git 1804
[2022-05-08 23:25:41.979] [exthost] [warning] [Decorations] CAPPING events from decorations provider vscode.git 1804
[2022-05-08 23:25:47.082] [exthost] [warning] [Decorations] CAPPING events from decorations provider vscode.git 1804
[2022-05-08 23:25:52.196] [exthost] [warning] [Decorations] CAPPING events from decorations provider vscode.git 1804
[2022-05-08 23:25:57.318] [exthost] [warning] [Decorations] CAPPING events from decorations provider vscode.git 1804
[2022-05-08 23:26:02.413] [exthost] [warning] [Decorations] CAPPING events from decorations provider vscode.git 1804
[2022-05-08 23:26:07.524] [exthost] [warning] [Decorations] CAPPING events from decorations provider vscode.git 1804
[2022-05-08 23:26:12.619] [exthost] [warning] [Decorations] CAPPING events from decorations provider vscode.git 1804
[2022-05-08 23:26:17.791] [exthost] [warning] [Decorations] CAPPING events from decorations provider vscode.git 1804
[2022-05-08 23:26:22.907] [exthost] [warning] [Decorations] CAPPING events from decorations provider vscode.git 1804
[2022-05-08 23:26:28.022] [exthost] [warning] [Decorations] CAPPING events from decorations provider vscode.git 1804
[2022-05-08 23:26:33.130] [exthost] [warning] [Decorations] CAPPING events from decorations provider vscode.git 1804
[2022-05-08 23:26:38.232] [exthost] [warning] [Decorations] CAPPING events from decorations provider vscode.git 1804
[2022-05-08 23:26:43.332] [exthost] [warning] [Decorations] CAPPING events from decorations provider vscode.git 1804
[2022-05-08 23:26:48.445] [exthost] [warning] [Decorations] CAPPING events from decorations provider vscode.git 1804
[2022-05-08 23:26:53.604] [exthost] [warning] [Decorations] CAPPING events from decorations provider vscode.git 1804
[2022-05-08 23:26:55.917] [exthost] [info] ExtensionService#_doActivateExtension vscode.typescript-language-features, startup: false, activationEvent: 'onLanguage:javascript'
[2022-05-08 23:26:58.951] [exthost] [warning] [Decorations] CAPPING events from decorations provider vscode.git 1805
[2022-05-08 23:27:08.070] [exthost] [warning] [Decorations] CAPPING events from decorations provider vscode.git 1805
[2022-05-08 23:27:19.527] [exthost] [warning] [Decorations] CAPPING events from decorations provider vscode.git 1805
[2022-05-08 23:27:24.681] [exthost] [warning] [Decorations] CAPPING events from decorations provider vscode.git 1805
[2022-05-08 23:27:29.800] [exthost] [warning] [Decorations] CAPPING events from decorations provider vscode.git 1805
[2022-05-08 23:27:34.911] [exthost] [warning] [Decorations] CAPPING events from decorations provider vscode.git 1805
[2022-05-08 23:27:40.225] [exthost] [warning] [Decorations] CAPPING events from decorations provider vscode.git 1805
[2022-05-08 23:27:46.671] [exthost] [warning] [Decorations] CAPPING events from decorations provider vscode.git 1805
[2022-05-08 23:27:51.801] [exthost] [warning] [Decorations] CAPPING events from decorations provider vscode.git 1805
[2022-05-08 23:27:56.977] [exthost] [warning] [Decorations] CAPPING events from decorations provider vscode.git 1805
[2022-05-08 23:28:02.122] [exthost] [warning] [Decorations] CAPPING events from decorations provider vscode.git 1805
[2022-05-08 23:28:07.238] [exthost] [warning] [Decorations] CAPPING events from decorations provider vscode.git 1805
[2022-05-08 23:28:32.928] [exthost] [warning] [Decorations] CAPPING events from decorations provider vscode.git 1805
[2022-05-08 23:28:38.038] [exthost] [warning] [Decorations] CAPPING events from decorations provider vscode.git 1805
[2022-05-08 23:28:43.136] [exthost] [warning] [Decorations] CAPPING events from decorations provider vscode.git 1805
[2022-05-08 23:28:51.721] [exthost] [warning] [Decorations] CAPPING events from decorations provider vscode.git 1805
[2022-05-08 23:28:56.821] [exthost] [warning] [Decorations] CAPPING events from decorations provider vscode.git 1805
[2022-05-08 23:29:01.926] [exthost] [warning] [Decorations] CAPPING events from decorations provider vscode.git 1805
[2022-05-08 23:29:07.031] [exthost] [warning] [Decorations] CAPPING events from decorations provider vscode.git 1805
[2022-05-08 23:29:12.143] [exthost] [warning] [Decorations] CAPPING events from decorations provider vscode.git 1805
[2022-05-08 23:29:17.252] [exthost] [warning] [Decorations] CAPPING events from decorations provider vscode.git 1805
[2022-05-08 23:29:22.509] [exthost] [warning] [Decorations] CAPPING events from decorations provider vscode.git 1805
[2022-05-08 23:29:27.627] [exthost] [warning] [Decorations] CAPPING events from decorations provider vscode.git 1805
[2022-05-08 23:29:34.987] [exthost] [warning] [Decorations] CAPPING events from decorations provider vscode.git 1805
[2022-05-08 23:29:40.156] [exthost] [warning] [Decorations] CAPPING events from decorations provider vscode.git 1805
[2022-05-08 23:29:45.259] [exthost] [warning] [Decorations] CAPPING events from decorations provider vscode.git 1805
[2022-05-08 23:29:50.364] [exthost] [warning] [Decorations] CAPPING events from decorations provider vscode.git 1805
[2022-05-08 23:29:55.462] [exthost] [warning] [Decorations] CAPPING events from decorations provider vscode.git 1805
[2022-05-08 23:30:01.626] [exthost] [warning] [Decorations] CAPPING events from decorations provider vscode.git 1805
[2022-05-08 23:30:06.737] [exthost] [warning] [Decorations] CAPPING events from decorations provider vscode.git 1805
[2022-05-08 23:30:11.836] [exthost] [warning] [Decorations] CAPPING events from decorations provider vscode.git 1805
[2022-05-08 23:30:16.946] [exthost] [warning] [Decorations] CAPPING events from decorations provider vscode.git 1805
[2022-05-08 23:30:22.148] [exthost] [warning] [Decorations] CAPPING events from decorations provider vscode.git 1805
[2022-05-08 23:30:27.261] [exthost] [warning] [Decorations] CAPPING events from decorations provider vscode.git 1805
[2022-05-08 23:30:32.376] [exthost] [warning] [Decorations] CAPPING events from decorations provider vscode.git 1805
[2022-05-08 23:31:06.856] [exthost] [warning] [Decorations] CAPPING events from decorations provider vscode.git 1805
[2022-05-08 23:31:14.007] [exthost] [warning] [Decorations] CAPPING events from decorations provider vscode.git 1805
[2022-05-08 23:31:19.126] [exthost] [warning] [Decorations] CAPPING events from decorations provider vscode.git 1805
[2022-05-08 23:31:24.262] [exthost] [warning] [Decorations] CAPPING events from decorations provider vscode.git 1805
[2022-05-08 23:31:29.386] [exthost] [warning] [Decorations] CAPPING events from decorations provider vscode.git 1805
[2022-05-08 23:31:34.491] [exthost] [warning] [Decorations] CAPPING events from decorations provider vscode.git 1805
[2022-05-08 23:31:39.620] [exthost] [warning] [Decorations] CAPPING events from decorations provider vscode.git 1805
[2022-05-08 23:31:44.717] [exthost] [warning] [Decorations] CAPPING events from decorations provider vscode.git 1805
[2022-05-08 23:31:49.820] [exthost] [warning] [Decorations] CAPPING events from decorations provider vscode.git 1805
[2022-05-08 23:31:54.909] [exthost] [warning] [Decorations] CAPPING events from decorations provider vscode.git 1805
[2022-05-08 23:32:01.900] [exthost] [warning] [Decorations] CAPPING events from decorations provider vscode.git 1805
[2022-05-08 23:32:24.526] [exthost] [warning] [Decorations] CAPPING events from decorations provider vscode.git 1805
[2022-05-08 23:32:46.257] [exthost] [warning] [Decorations] CAPPING events from decorations provider vscode.git 1805
[2022-05-08 23:32:52.306] [exthost] [warning] [Decorations] CAPPING events from decorations provider vscode.git 1805
[2022-05-09 02:40:59.256] [exthost] [info] extension host terminating: renderer disconnected for too long (1)
[2022-05-09 02:40:59.256] [exthost] [info] Lock '/home/zjl/.vscode-server/data/User/workspaceStorage/2074cc806682da7ab43325e33433e1e3/vscode.lock': Marking the lockfile as scheduled to be released in 6000 ms.
[2022-05-09 02:40:59.287] [exthost] [info] Extension host with pid 339 exiting with code 0
