[2022-05-01 10:18:53.736] [exthost] [info] Extension host with pid 1048686 started
[2022-05-01 10:18:53.756] [exthost] [info] Lock '/home/zjl/.vscode-server/data/User/workspaceStorage/2074cc806682da7ab43325e33433e1e3/vscode.lock': Lock acquired.
[2022-05-01 10:18:53.958] [exthost] [info] ExtensionService#_doActivateExtension vscode.debug-auto-launch, startup: true, activationEvent: '*'
[2022-05-01 10:18:53.985] [exthost] [info] ExtensionService#_doActivateExtension vscode.git-base, startup: true, activationEvent: '*', root cause: vscode.github
[2022-05-01 10:18:54.327] [exthost] [info] ExtensionService#_doActivateExtension vscode.git, startup: true, activationEvent: '*'
[2022-05-01 10:18:54.542] [exthost] [info] ExtensionService#_doActivateExtension vscode.github, startup: true, activationEvent: '*'
[2022-05-01 10:18:54.790] [exthost] [info] ExtensionService#_doActivateExtension vscode.emmet, startup: false, activationEvent: 'onStartupFinished'
[2022-05-01 10:18:54.825] [exthost] [info] ExtensionService#_doActivateExtension vscode.merge-conflict, startup: false, activationEvent: 'onStartupFinished'
[2022-05-01 10:18:54.832] [exthost] [info] Eager extensions activated
[2022-05-01 10:18:55.167] [exthost] [warning] [Decorations] CAPPING events from decorations provider vscode.git 1798
[2022-05-01 10:18:59.526] [exthost] [warning] [Decorations] CAPPING events from decorations provider vscode.git 1798
[2022-05-01 10:19:06.579] [exthost] [warning] [Decorations] CAPPING events from decorations provider vscode.git 1795
[2022-05-01 10:19:11.718] [exthost] [warning] [Decorations] CAPPING events from decorations provider vscode.git 1795
[2022-05-01 10:19:16.852] [exthost] [warning] [Decorations] CAPPING events from decorations provider vscode.git 1795
[2022-05-01 10:19:22.020] [exthost] [warning] [Decorations] CAPPING events from decorations provider vscode.git 1795
[2022-05-01 10:19:27.130] [exthost] [warning] [Decorations] CAPPING events from decorations provider vscode.git 1795
[2022-05-01 10:19:32.254] [exthost] [warning] [Decorations] CAPPING events from decorations provider vscode.git 1795
[2022-05-01 10:19:37.377] [exthost] [warning] [Decorations] CAPPING events from decorations provider vscode.git 1795
[2022-05-01 10:19:42.496] [exthost] [warning] [Decorations] CAPPING events from decorations provider vscode.git 1795
[2022-05-01 10:19:47.588] [exthost] [warning] [Decorations] CAPPING events from decorations provider vscode.git 1795
[2022-05-01 10:19:52.788] [exthost] [warning] [Decorations] CAPPING events from decorations provider vscode.git 1795
[2022-05-01 10:19:57.896] [exthost] [warning] [Decorations] CAPPING events from decorations provider vscode.git 1795
[2022-05-01 10:20:03.059] [exthost] [warning] [Decorations] CAPPING events from decorations provider vscode.git 1795
[2022-05-01 10:20:08.148] [exthost] [warning] [Decorations] CAPPING events from decorations provider vscode.git 1795
[2022-05-01 10:20:13.325] [exthost] [warning] [Decorations] CAPPING events from decorations provider vscode.git 1795
[2022-05-01 10:20:18.524] [exthost] [warning] [Decorations] CAPPING events from decorations provider vscode.git 1795
[2022-05-01 10:20:23.718] [exthost] [warning] [Decorations] CAPPING events from decorations provider vscode.git 1795
[2022-05-01 10:20:28.810] [exthost] [warning] [Decorations] CAPPING events from decorations provider vscode.git 1795
[2022-05-01 10:20:33.986] [exthost] [warning] [Decorations] CAPPING events from decorations provider vscode.git 1795
[2022-05-01 10:20:39.503] [exthost] [warning] [Decorations] CAPPING events from decorations provider vscode.git 1795
[2022-05-01 10:20:46.765] [exthost] [warning] [Decorations] CAPPING events from decorations provider vscode.git 1795
[2022-05-01 10:20:51.914] [exthost] [warning] [Decorations] CAPPING events from decorations provider vscode.git 1795
[2022-05-01 10:20:57.082] [exthost] [warning] [Decorations] CAPPING events from decorations provider vscode.git 1795
[2022-05-01 10:21:02.367] [exthost] [warning] [Decorations] CAPPING events from decorations provider vscode.git 1795
[2022-05-01 10:21:07.503] [exthost] [warning] [Decorations] CAPPING events from decorations provider vscode.git 1795
[2022-05-01 10:21:12.731] [exthost] [warning] [Decorations] CAPPING events from decorations provider vscode.git 1795
[2022-05-01 10:21:17.929] [exthost] [warning] [Decorations] CAPPING events from decorations provider vscode.git 1795
[2022-05-01 10:21:23.148] [exthost] [warning] [Decorations] CAPPING events from decorations provider vscode.git 1795
[2022-05-01 10:21:28.464] [exthost] [warning] [Decorations] CAPPING events from decorations provider vscode.git 1795
[2022-05-01 10:21:33.707] [exthost] [warning] [Decorations] CAPPING events from decorations provider vscode.git 1795
[2022-05-01 10:21:39.091] [exthost] [warning] [Decorations] CAPPING events from decorations provider vscode.git 1795
[2022-05-01 10:21:46.876] [exthost] [warning] [Decorations] CAPPING events from decorations provider vscode.git 1795
[2022-05-01 10:21:51.996] [exthost] [warning] [Decorations] CAPPING events from decorations provider vscode.git 1795
[2022-05-01 10:21:57.122] [exthost] [warning] [Decorations] CAPPING events from decorations provider vscode.git 1795
[2022-05-01 10:22:02.243] [exthost] [warning] [Decorations] CAPPING events from decorations provider vscode.git 1795
[2022-05-01 10:22:07.568] [exthost] [warning] [Decorations] CAPPING events from decorations provider vscode.git 1795
[2022-05-01 10:22:12.846] [exthost] [warning] [Decorations] CAPPING events from decorations provider vscode.git 1795
[2022-05-01 10:22:18.274] [exthost] [warning] [Decorations] CAPPING events from decorations provider vscode.git 1795
[2022-05-01 10:22:23.488] [exthost] [warning] [Decorations] CAPPING events from decorations provider vscode.git 1795
[2022-05-01 10:22:28.710] [exthost] [warning] [Decorations] CAPPING events from decorations provider vscode.git 1795
[2022-05-01 10:22:33.821] [exthost] [warning] [Decorations] CAPPING events from decorations provider vscode.git 1795
[2022-05-01 10:22:39.099] [exthost] [warning] [Decorations] CAPPING events from decorations provider vscode.git 1795
[2022-05-01 10:22:46.530] [exthost] [warning] [Decorations] CAPPING events from decorations provider vscode.git 1795
[2022-05-01 10:22:51.771] [exthost] [warning] [Decorations] CAPPING events from decorations provider vscode.git 1795
[2022-05-01 10:22:56.899] [exthost] [warning] [Decorations] CAPPING events from decorations provider vscode.git 1795
[2022-05-01 10:23:02.079] [exthost] [warning] [Decorations] CAPPING events from decorations provider vscode.git 1795
[2022-05-01 10:23:07.209] [exthost] [warning] [Decorations] CAPPING events from decorations provider vscode.git 1795
[2022-05-01 10:23:12.402] [exthost] [warning] [Decorations] CAPPING events from decorations provider vscode.git 1795
[2022-05-01 10:23:17.520] [exthost] [warning] [Decorations] CAPPING events from decorations provider vscode.git 1795
[2022-05-01 10:23:22.683] [exthost] [warning] [Decorations] CAPPING events from decorations provider vscode.git 1795
[2022-05-01 10:23:27.839] [exthost] [warning] [Decorations] CAPPING events from decorations provider vscode.git 1795
[2022-05-01 10:23:33.203] [exthost] [warning] [Decorations] CAPPING events from decorations provider vscode.git 1795
[2022-05-01 10:23:38.314] [exthost] [warning] [Decorations] CAPPING events from decorations provider vscode.git 1795
[2022-05-01 10:23:43.583] [exthost] [warning] [Decorations] CAPPING events from decorations provider vscode.git 1795
[2022-05-01 10:23:48.701] [exthost] [warning] [Decorations] CAPPING events from decorations provider vscode.git 1795
[2022-05-01 10:23:53.823] [exthost] [warning] [Decorations] CAPPING events from decorations provider vscode.git 1795
[2022-05-01 10:23:58.956] [exthost] [warning] [Decorations] CAPPING events from decorations provider vscode.git 1795
[2022-05-01 10:24:04.166] [exthost] [warning] [Decorations] CAPPING events from decorations provider vscode.git 1795
[2022-05-01 10:24:09.299] [exthost] [warning] [Decorations] CAPPING events from decorations provider vscode.git 1795
[2022-05-01 10:24:14.432] [exthost] [warning] [Decorations] CAPPING events from decorations provider vscode.git 1795
[2022-05-01 10:24:19.562] [exthost] [warning] [Decorations] CAPPING events from decorations provider vscode.git 1795
[2022-05-01 10:24:24.666] [exthost] [warning] [Decorations] CAPPING events from decorations provider vscode.git 1795
[2022-05-01 10:24:29.775] [exthost] [warning] [Decorations] CAPPING events from decorations provider vscode.git 1795
[2022-05-01 10:24:34.974] [exthost] [warning] [Decorations] CAPPING events from decorations provider vscode.git 1795
[2022-05-01 10:24:40.270] [exthost] [warning] [Decorations] CAPPING events from decorations provider vscode.git 1795
[2022-05-01 10:24:45.470] [exthost] [warning] [Decorations] CAPPING events from decorations provider vscode.git 1795
[2022-05-01 10:24:50.576] [exthost] [warning] [Decorations] CAPPING events from decorations provider vscode.git 1795
[2022-05-01 10:24:55.689] [exthost] [warning] [Decorations] CAPPING events from decorations provider vscode.git 1795
[2022-05-01 10:25:00.792] [exthost] [warning] [Decorations] CAPPING events from decorations provider vscode.git 1795
[2022-05-01 10:25:05.896] [exthost] [warning] [Decorations] CAPPING events from decorations provider vscode.git 1795
[2022-05-01 10:25:10.995] [exthost] [warning] [Decorations] CAPPING events from decorations provider vscode.git 1795
[2022-05-01 10:25:16.165] [exthost] [warning] [Decorations] CAPPING events from decorations provider vscode.git 1795
[2022-05-01 10:25:21.315] [exthost] [warning] [Decorations] CAPPING events from decorations provider vscode.git 1795
[2022-05-01 10:25:26.478] [exthost] [warning] [Decorations] CAPPING events from decorations provider vscode.git 1795
[2022-05-01 10:25:31.666] [exthost] [warning] [Decorations] CAPPING events from decorations provider vscode.git 1795
[2022-05-01 10:25:36.788] [exthost] [warning] [Decorations] CAPPING events from decorations provider vscode.git 1795
[2022-05-01 10:25:42.077] [exthost] [warning] [Decorations] CAPPING events from decorations provider vscode.git 1795
[2022-05-01 10:25:47.230] [exthost] [warning] [Decorations] CAPPING events from decorations provider vscode.git 1795
[2022-05-01 10:25:52.368] [exthost] [warning] [Decorations] CAPPING events from decorations provider vscode.git 1795
[2022-05-01 10:25:57.546] [exthost] [warning] [Decorations] CAPPING events from decorations provider vscode.git 1795
[2022-05-01 10:26:02.769] [exthost] [warning] [Decorations] CAPPING events from decorations provider vscode.git 1795
[2022-05-01 10:26:07.921] [exthost] [warning] [Decorations] CAPPING events from decorations provider vscode.git 1795
[2022-05-01 10:26:13.025] [exthost] [warning] [Decorations] CAPPING events from decorations provider vscode.git 1795
[2022-05-01 10:26:18.227] [exthost] [warning] [Decorations] CAPPING events from decorations provider vscode.git 1795
[2022-05-01 10:26:23.357] [exthost] [warning] [Decorations] CAPPING events from decorations provider vscode.git 1795
[2022-05-01 10:26:28.545] [exthost] [warning] [Decorations] CAPPING events from decorations provider vscode.git 1795
[2022-05-01 10:26:33.646] [exthost] [warning] [Decorations] CAPPING events from decorations provider vscode.git 1795
[2022-05-01 10:26:38.764] [exthost] [warning] [Decorations] CAPPING events from decorations provider vscode.git 1795
[2022-05-01 10:26:43.962] [exthost] [warning] [Decorations] CAPPING events from decorations provider vscode.git 1795
[2022-05-01 10:26:49.110] [exthost] [warning] [Decorations] CAPPING events from decorations provider vscode.git 1795
[2022-05-01 10:26:54.245] [exthost] [warning] [Decorations] CAPPING events from decorations provider vscode.git 1795
[2022-05-01 10:26:59.366] [exthost] [warning] [Decorations] CAPPING events from decorations provider vscode.git 1795
[2022-05-01 10:27:04.577] [exthost] [warning] [Decorations] CAPPING events from decorations provider vscode.git 1795
[2022-05-01 10:27:09.698] [exthost] [warning] [Decorations] CAPPING events from decorations provider vscode.git 1795
[2022-05-01 10:27:14.899] [exthost] [warning] [Decorations] CAPPING events from decorations provider vscode.git 1795
[2022-05-01 10:27:20.023] [exthost] [warning] [Decorations] CAPPING events from decorations provider vscode.git 1795
[2022-05-01 10:27:25.210] [exthost] [warning] [Decorations] CAPPING events from decorations provider vscode.git 1795
[2022-05-01 10:27:30.311] [exthost] [warning] [Decorations] CAPPING events from decorations provider vscode.git 1795
[2022-05-01 10:27:35.529] [exthost] [warning] [Decorations] CAPPING events from decorations provider vscode.git 1795
[2022-05-01 10:27:40.633] [exthost] [warning] [Decorations] CAPPING events from decorations provider vscode.git 1795
[2022-05-01 10:27:45.727] [exthost] [warning] [Decorations] CAPPING events from decorations provider vscode.git 1795
[2022-05-01 10:27:50.828] [exthost] [warning] [Decorations] CAPPING events from decorations provider vscode.git 1795
[2022-05-01 10:27:55.924] [exthost] [warning] [Decorations] CAPPING events from decorations provider vscode.git 1795
[2022-05-01 10:28:01.044] [exthost] [warning] [Decorations] CAPPING events from decorations provider vscode.git 1795
[2022-05-01 10:28:06.203] [exthost] [warning] [Decorations] CAPPING events from decorations provider vscode.git 1795
[2022-05-01 10:28:11.303] [exthost] [warning] [Decorations] CAPPING events from decorations provider vscode.git 1795
[2022-05-01 10:28:16.450] [exthost] [warning] [Decorations] CAPPING events from decorations provider vscode.git 1795
[2022-05-01 10:28:21.606] [exthost] [warning] [Decorations] CAPPING events from decorations provider vscode.git 1795
[2022-05-01 10:28:26.708] [exthost] [warning] [Decorations] CAPPING events from decorations provider vscode.git 1795
[2022-05-01 10:28:31.833] [exthost] [warning] [Decorations] CAPPING events from decorations provider vscode.git 1795
[2022-05-01 10:28:37.020] [exthost] [warning] [Decorations] CAPPING events from decorations provider vscode.git 1795
[2022-05-01 10:28:42.134] [exthost] [warning] [Decorations] CAPPING events from decorations provider vscode.git 1795
[2022-05-01 10:28:47.320] [exthost] [warning] [Decorations] CAPPING events from decorations provider vscode.git 1795
[2022-05-01 10:28:52.456] [exthost] [warning] [Decorations] CAPPING events from decorations provider vscode.git 1795
[2022-05-01 10:28:57.569] [exthost] [warning] [Decorations] CAPPING events from decorations provider vscode.git 1795
[2022-05-01 10:29:02.693] [exthost] [warning] [Decorations] CAPPING events from decorations provider vscode.git 1795
[2022-05-01 10:29:07.798] [exthost] [warning] [Decorations] CAPPING events from decorations provider vscode.git 1795
[2022-05-01 10:29:12.903] [exthost] [warning] [Decorations] CAPPING events from decorations provider vscode.git 1795
[2022-05-01 10:29:18.070] [exthost] [warning] [Decorations] CAPPING events from decorations provider vscode.git 1795
[2022-05-01 10:29:23.192] [exthost] [warning] [Decorations] CAPPING events from decorations provider vscode.git 1795
[2022-05-01 10:29:28.356] [exthost] [warning] [Decorations] CAPPING events from decorations provider vscode.git 1795
[2022-05-01 10:29:33.461] [exthost] [warning] [Decorations] CAPPING events from decorations provider vscode.git 1795
[2022-05-01 10:29:38.644] [exthost] [warning] [Decorations] CAPPING events from decorations provider vscode.git 1795
[2022-05-01 10:29:43.758] [exthost] [warning] [Decorations] CAPPING events from decorations provider vscode.git 1795
[2022-05-01 10:29:48.947] [exthost] [warning] [Decorations] CAPPING events from decorations provider vscode.git 1795
[2022-05-01 10:29:54.063] [exthost] [warning] [Decorations] CAPPING events from decorations provider vscode.git 1795
[2022-05-01 10:29:59.179] [exthost] [warning] [Decorations] CAPPING events from decorations provider vscode.git 1795
[2022-05-01 10:30:04.352] [exthost] [warning] [Decorations] CAPPING events from decorations provider vscode.git 1795
[2022-05-01 10:30:09.458] [exthost] [warning] [Decorations] CAPPING events from decorations provider vscode.git 1795
[2022-05-01 10:30:14.593] [exthost] [warning] [Decorations] CAPPING events from decorations provider vscode.git 1795
[2022-05-01 10:30:19.810] [exthost] [warning] [Decorations] CAPPING events from decorations provider vscode.git 1795
[2022-05-01 10:30:25.055] [exthost] [warning] [Decorations] CAPPING events from decorations provider vscode.git 1795
[2022-05-01 10:30:30.182] [exthost] [warning] [Decorations] CAPPING events from decorations provider vscode.git 1795
[2022-05-01 10:30:35.520] [exthost] [warning] [Decorations] CAPPING events from decorations provider vscode.git 1795
[2022-05-01 10:30:40.645] [exthost] [warning] [Decorations] CAPPING events from decorations provider vscode.git 1795
[2022-05-01 10:30:45.793] [exthost] [warning] [Decorations] CAPPING events from decorations provider vscode.git 1795
[2022-05-01 10:30:51.049] [exthost] [warning] [Decorations] CAPPING events from decorations provider vscode.git 1795
[2022-05-01 10:30:56.232] [exthost] [warning] [Decorations] CAPPING events from decorations provider vscode.git 1795
[2022-05-01 10:31:01.398] [exthost] [warning] [Decorations] CAPPING events from decorations provider vscode.git 1795
[2022-05-01 10:31:06.504] [exthost] [warning] [Decorations] CAPPING events from decorations provider vscode.git 1795
[2022-05-01 10:31:11.648] [exthost] [warning] [Decorations] CAPPING events from decorations provider vscode.git 1795
[2022-05-01 10:31:16.807] [exthost] [warning] [Decorations] CAPPING events from decorations provider vscode.git 1795
[2022-05-01 10:31:21.927] [exthost] [warning] [Decorations] CAPPING events from decorations provider vscode.git 1795
[2022-05-01 10:31:27.155] [exthost] [warning] [Decorations] CAPPING events from decorations provider vscode.git 1795
[2022-05-01 10:31:32.444] [exthost] [warning] [Decorations] CAPPING events from decorations provider vscode.git 1795
[2022-05-01 10:31:37.969] [exthost] [warning] [Decorations] CAPPING events from decorations provider vscode.git 1795
[2022-05-01 10:31:43.131] [exthost] [warning] [Decorations] CAPPING events from decorations provider vscode.git 1795
[2022-05-01 10:31:45.540] [exthost] [info] ExtensionService#_doActivateExtension vscode.typescript-language-features, startup: false, activationEvent: 'onLanguage:javascript'
[2022-05-01 10:31:48.536] [exthost] [warning] [Decorations] CAPPING events from decorations provider vscode.git 1796
[2022-05-01 10:31:58.937] [exthost] [warning] [Decorations] CAPPING events from decorations provider vscode.git 1800
[2022-05-01 10:32:05.093] [exthost] [warning] [Decorations] CAPPING events from decorations provider vscode.git 1800
[2022-05-01 10:32:10.332] [exthost] [warning] [Decorations] CAPPING events from decorations provider vscode.git 1800
[2022-05-01 10:32:15.619] [exthost] [warning] [Decorations] CAPPING events from decorations provider vscode.git 1800
[2022-05-01 10:32:21.176] [exthost] [warning] [Decorations] CAPPING events from decorations provider vscode.git 1800
[2022-05-01 10:32:28.553] [exthost] [warning] [Decorations] CAPPING events from decorations provider vscode.git 1800
[2022-05-01 10:32:33.794] [exthost] [warning] [Decorations] CAPPING events from decorations provider vscode.git 1800
[2022-05-01 10:32:38.974] [exthost] [warning] [Decorations] CAPPING events from decorations provider vscode.git 1800
[2022-05-01 10:32:44.132] [exthost] [warning] [Decorations] CAPPING events from decorations provider vscode.git 1800
[2022-05-01 10:32:49.252] [exthost] [warning] [Decorations] CAPPING events from decorations provider vscode.git 1800
[2022-05-01 10:32:54.624] [exthost] [warning] [Decorations] CAPPING events from decorations provider vscode.git 1800
[2022-05-01 10:32:59.732] [exthost] [warning] [Decorations] CAPPING events from decorations provider vscode.git 1800
[2022-05-01 10:33:05.149] [exthost] [warning] [Decorations] CAPPING events from decorations provider vscode.git 1800
[2022-05-01 10:33:12.163] [exthost] [warning] [Decorations] CAPPING events from decorations provider vscode.git 1800
[2022-05-01 10:33:20.172] [exthost] [warning] [Decorations] CAPPING events from decorations provider vscode.git 1800
[2022-05-01 10:33:25.406] [exthost] [warning] [Decorations] CAPPING events from decorations provider vscode.git 1800
[2022-05-01 10:33:30.706] [exthost] [warning] [Decorations] CAPPING events from decorations provider vscode.git 1800
[2022-05-01 10:33:35.989] [exthost] [warning] [Decorations] CAPPING events from decorations provider vscode.git 1800
[2022-05-01 10:33:41.143] [exthost] [warning] [Decorations] CAPPING events from decorations provider vscode.git 1800
[2022-05-01 10:33:46.504] [exthost] [warning] [Decorations] CAPPING events from decorations provider vscode.git 1800
[2022-05-01 10:33:54.207] [exthost] [warning] [Decorations] CAPPING events from decorations provider vscode.git 1800
[2022-05-01 10:33:59.329] [exthost] [warning] [Decorations] CAPPING events from decorations provider vscode.git 1800
[2022-05-01 10:34:04.442] [exthost] [warning] [Decorations] CAPPING events from decorations provider vscode.git 1800
[2022-05-01 10:34:09.733] [exthost] [warning] [Decorations] CAPPING events from decorations provider vscode.git 1800
[2022-05-01 10:34:14.857] [exthost] [warning] [Decorations] CAPPING events from decorations provider vscode.git 1800
[2022-05-01 10:34:20.002] [exthost] [warning] [Decorations] CAPPING events from decorations provider vscode.git 1800
[2022-05-01 10:34:25.160] [exthost] [warning] [Decorations] CAPPING events from decorations provider vscode.git 1800
[2022-05-01 10:34:30.299] [exthost] [warning] [Decorations] CAPPING events from decorations provider vscode.git 1800
[2022-05-01 10:34:35.827] [exthost] [warning] [Decorations] CAPPING events from decorations provider vscode.git 1800
[2022-05-01 10:34:42.130] [exthost] [warning] [Decorations] CAPPING events from decorations provider vscode.git 1800
[2022-05-01 10:35:53.531] [exthost] [warning] [Decorations] CAPPING events from decorations provider vscode.git 1800
[2022-05-01 10:35:58.649] [exthost] [warning] [Decorations] CAPPING events from decorations provider vscode.git 1800
[2022-05-01 10:36:03.799] [exthost] [warning] [Decorations] CAPPING events from decorations provider vscode.git 1800
[2022-05-01 10:36:09.003] [exthost] [warning] [Decorations] CAPPING events from decorations provider vscode.git 1800
[2022-05-01 10:36:14.125] [exthost] [warning] [Decorations] CAPPING events from decorations provider vscode.git 1800
[2022-05-01 10:36:19.710] [exthost] [warning] [Decorations] CAPPING events from decorations provider vscode.git 1800
[2022-05-01 10:36:25.752] [exthost] [warning] [Decorations] CAPPING events from decorations provider vscode.git 1800
[2022-05-01 10:36:30.917] [exthost] [warning] [Decorations] CAPPING events from decorations provider vscode.git 1800
[2022-05-01 10:36:36.253] [exthost] [warning] [Decorations] CAPPING events from decorations provider vscode.git 1800
[2022-05-01 10:36:41.399] [exthost] [warning] [Decorations] CAPPING events from decorations provider vscode.git 1800
[2022-05-01 10:36:46.547] [exthost] [warning] [Decorations] CAPPING events from decorations provider vscode.git 1800
[2022-05-01 10:36:51.820] [exthost] [warning] [Decorations] CAPPING events from decorations provider vscode.git 1800
[2022-05-01 10:36:56.941] [exthost] [warning] [Decorations] CAPPING events from decorations provider vscode.git 1800
[2022-05-01 10:37:02.120] [exthost] [warning] [Decorations] CAPPING events from decorations provider vscode.git 1800
[2022-05-01 10:37:07.840] [exthost] [warning] [Decorations] CAPPING events from decorations provider vscode.git 1800
[2022-05-01 10:37:14.801] [exthost] [warning] [Decorations] CAPPING events from decorations provider vscode.git 1800
[2022-05-01 10:37:19.951] [exthost] [warning] [Decorations] CAPPING events from decorations provider vscode.git 1800
[2022-05-01 10:37:25.102] [exthost] [warning] [Decorations] CAPPING events from decorations provider vscode.git 1800
[2022-05-01 10:37:30.252] [exthost] [warning] [Decorations] CAPPING events from decorations provider vscode.git 1800
[2022-05-01 10:37:35.463] [exthost] [warning] [Decorations] CAPPING events from decorations provider vscode.git 1800
[2022-05-01 10:37:40.692] [exthost] [warning] [Decorations] CAPPING events from decorations provider vscode.git 1800
[2022-05-01 10:37:45.863] [exthost] [warning] [Decorations] CAPPING events from decorations provider vscode.git 1800
[2022-05-01 10:37:51.007] [exthost] [warning] [Decorations] CAPPING events from decorations provider vscode.git 1800
[2022-05-01 10:37:56.147] [exthost] [warning] [Decorations] CAPPING events from decorations provider vscode.git 1800
[2022-05-01 10:38:01.352] [exthost] [warning] [Decorations] CAPPING events from decorations provider vscode.git 1800
[2022-05-01 10:38:06.496] [exthost] [warning] [Decorations] CAPPING events from decorations provider vscode.git 1800
[2022-05-01 10:38:11.624] [exthost] [warning] [Decorations] CAPPING events from decorations provider vscode.git 1800
[2022-05-01 10:38:16.749] [exthost] [warning] [Decorations] CAPPING events from decorations provider vscode.git 1800
[2022-05-01 10:38:22.072] [exthost] [warning] [Decorations] CAPPING events from decorations provider vscode.git 1800
[2022-05-01 10:38:27.786] [exthost] [warning] [Decorations] CAPPING events from decorations provider vscode.git 1800
[2022-05-01 10:38:32.899] [exthost] [warning] [Decorations] CAPPING events from decorations provider vscode.git 1800
[2022-05-01 10:38:38.127] [exthost] [warning] [Decorations] CAPPING events from decorations provider vscode.git 1800
[2022-05-01 10:38:43.428] [exthost] [warning] [Decorations] CAPPING events from decorations provider vscode.git 1800
[2022-05-01 10:38:48.551] [exthost] [warning] [Decorations] CAPPING events from decorations provider vscode.git 1800
[2022-05-01 10:38:53.697] [exthost] [warning] [Decorations] CAPPING events from decorations provider vscode.git 1800
[2022-05-01 10:38:58.822] [exthost] [warning] [Decorations] CAPPING events from decorations provider vscode.git 1800
[2022-05-01 10:39:03.966] [exthost] [warning] [Decorations] CAPPING events from decorations provider vscode.git 1800
[2022-05-01 10:39:09.085] [exthost] [warning] [Decorations] CAPPING events from decorations provider vscode.git 1800
[2022-05-01 10:39:14.310] [exthost] [warning] [Decorations] CAPPING events from decorations provider vscode.git 1800
[2022-05-01 10:39:19.558] [exthost] [warning] [Decorations] CAPPING events from decorations provider vscode.git 1800
[2022-05-01 10:39:24.725] [exthost] [warning] [Decorations] CAPPING events from decorations provider vscode.git 1800
[2022-05-01 10:39:29.862] [exthost] [warning] [Decorations] CAPPING events from decorations provider vscode.git 1800
[2022-05-01 10:39:34.980] [exthost] [warning] [Decorations] CAPPING events from decorations provider vscode.git 1800
[2022-05-01 10:39:40.138] [exthost] [warning] [Decorations] CAPPING events from decorations provider vscode.git 1800
[2022-05-01 10:39:45.290] [exthost] [warning] [Decorations] CAPPING events from decorations provider vscode.git 1800
[2022-05-01 10:39:50.558] [exthost] [warning] [Decorations] CAPPING events from decorations provider vscode.git 1800
[2022-05-01 10:40:59.012] [exthost] [warning] [Decorations] CAPPING events from decorations provider vscode.git 1800
[2022-05-01 10:41:04.223] [exthost] [warning] [Decorations] CAPPING events from decorations provider vscode.git 1800
[2022-05-01 10:41:09.411] [exthost] [warning] [Decorations] CAPPING events from decorations provider vscode.git 1800
[2022-05-01 10:41:14.554] [exthost] [warning] [Decorations] CAPPING events from decorations provider vscode.git 1800
[2022-05-01 10:47:24.778] [exthost] [warning] [Decorations] CAPPING events from decorations provider vscode.git 1800
[2022-05-01 10:47:29.939] [exthost] [warning] [Decorations] CAPPING events from decorations provider vscode.git 1800
[2022-05-01 10:47:35.203] [exthost] [warning] [Decorations] CAPPING events from decorations provider vscode.git 1800
[2022-05-01 10:47:40.388] [exthost] [warning] [Decorations] CAPPING events from decorations provider vscode.git 1800
[2022-05-01 10:47:45.646] [exthost] [warning] [Decorations] CAPPING events from decorations provider vscode.git 1800
[2022-05-01 10:47:50.910] [exthost] [warning] [Decorations] CAPPING events from decorations provider vscode.git 1800
[2022-05-01 10:47:58.513] [exthost] [warning] [Decorations] CAPPING events from decorations provider vscode.git 1800
[2022-05-01 10:48:03.640] [exthost] [warning] [Decorations] CAPPING events from decorations provider vscode.git 1800
[2022-05-01 10:48:08.813] [exthost] [warning] [Decorations] CAPPING events from decorations provider vscode.git 1800
[2022-05-01 10:48:14.013] [exthost] [warning] [Decorations] CAPPING events from decorations provider vscode.git 1800
[2022-05-01 10:48:19.260] [exthost] [warning] [Decorations] CAPPING events from decorations provider vscode.git 1800
[2022-05-01 10:48:24.504] [exthost] [warning] [Decorations] CAPPING events from decorations provider vscode.git 1800
[2022-05-01 10:48:29.775] [exthost] [warning] [Decorations] CAPPING events from decorations provider vscode.git 1800
[2022-05-01 10:48:34.951] [exthost] [warning] [Decorations] CAPPING events from decorations provider vscode.git 1800
[2022-05-01 10:48:40.372] [exthost] [warning] [Decorations] CAPPING events from decorations provider vscode.git 1800
[2022-05-01 10:48:48.793] [exthost] [warning] [Decorations] CAPPING events from decorations provider vscode.git 1800
[2022-05-01 10:48:55.080] [exthost] [warning] [Decorations] CAPPING events from decorations provider vscode.git 1800
[2022-05-01 10:49:00.456] [exthost] [warning] [Decorations] CAPPING events from decorations provider vscode.git 1800
[2022-05-01 10:49:07.226] [exthost] [warning] [Decorations] CAPPING events from decorations provider vscode.git 1800
[2022-05-01 10:49:12.403] [exthost] [warning] [Decorations] CAPPING events from decorations provider vscode.git 1800
[2022-05-01 10:49:49.989] [exthost] [warning] [Decorations] CAPPING events from decorations provider vscode.git 1800
[2022-05-01 10:49:55.238] [exthost] [warning] [Decorations] CAPPING events from decorations provider vscode.git 1800
[2022-05-01 10:50:00.581] [exthost] [warning] [Decorations] CAPPING events from decorations provider vscode.git 1800
[2022-05-01 10:50:05.718] [exthost] [warning] [Decorations] CAPPING events from decorations provider vscode.git 1800
[2022-05-01 10:50:11.062] [exthost] [warning] [Decorations] CAPPING events from decorations provider vscode.git 1800
[2022-05-01 10:50:16.472] [exthost] [warning] [Decorations] CAPPING events from decorations provider vscode.git 1800
[2022-05-01 10:50:21.644] [exthost] [warning] [Decorations] CAPPING events from decorations provider vscode.git 1800
[2022-05-01 10:50:26.998] [exthost] [warning] [Decorations] CAPPING events from decorations provider vscode.git 1800
[2022-05-01 10:50:34.344] [exthost] [warning] [Decorations] CAPPING events from decorations provider vscode.git 1800
[2022-05-01 10:50:39.461] [exthost] [warning] [Decorations] CAPPING events from decorations provider vscode.git 1800
[2022-05-01 10:50:44.930] [exthost] [warning] [Decorations] CAPPING events from decorations provider vscode.git 1800
[2022-05-01 10:50:51.897] [exthost] [warning] [Decorations] CAPPING events from decorations provider vscode.git 1800
[2022-05-01 10:50:57.063] [exthost] [warning] [Decorations] CAPPING events from decorations provider vscode.git 1800
[2022-05-01 10:51:02.279] [exthost] [warning] [Decorations] CAPPING events from decorations provider vscode.git 1800
[2022-05-01 10:51:07.453] [exthost] [warning] [Decorations] CAPPING events from decorations provider vscode.git 1800
[2022-05-01 10:51:12.622] [exthost] [warning] [Decorations] CAPPING events from decorations provider vscode.git 1800
[2022-05-01 10:51:17.843] [exthost] [warning] [Decorations] CAPPING events from decorations provider vscode.git 1800
[2022-05-01 10:51:23.043] [exthost] [warning] [Decorations] CAPPING events from decorations provider vscode.git 1800
[2022-05-01 10:51:28.275] [exthost] [warning] [Decorations] CAPPING events from decorations provider vscode.git 1800
[2022-05-01 10:51:33.424] [exthost] [warning] [Decorations] CAPPING events from decorations provider vscode.git 1800
[2022-05-01 10:51:38.560] [exthost] [warning] [Decorations] CAPPING events from decorations provider vscode.git 1800
[2022-05-01 10:51:43.721] [exthost] [warning] [Decorations] CAPPING events from decorations provider vscode.git 1800
[2022-05-01 10:51:48.927] [exthost] [warning] [Decorations] CAPPING events from decorations provider vscode.git 1800
[2022-05-01 10:51:54.060] [exthost] [warning] [Decorations] CAPPING events from decorations provider vscode.git 1800
[2022-05-01 10:51:59.179] [exthost] [warning] [Decorations] CAPPING events from decorations provider vscode.git 1800
[2022-05-01 10:52:04.629] [exthost] [warning] [Decorations] CAPPING events from decorations provider vscode.git 1800
[2022-05-01 10:52:09.815] [exthost] [warning] [Decorations] CAPPING events from decorations provider vscode.git 1800
[2022-05-01 10:52:14.965] [exthost] [warning] [Decorations] CAPPING events from decorations provider vscode.git 1800
[2022-05-01 10:52:20.185] [exthost] [warning] [Decorations] CAPPING events from decorations provider vscode.git 1800
[2022-05-01 10:52:25.397] [exthost] [warning] [Decorations] CAPPING events from decorations provider vscode.git 1800
[2022-05-01 10:52:30.589] [exthost] [warning] [Decorations] CAPPING events from decorations provider vscode.git 1800
[2022-05-01 10:52:35.960] [exthost] [warning] [Decorations] CAPPING events from decorations provider vscode.git 1800
[2022-05-01 10:52:42.526] [exthost] [warning] [Decorations] CAPPING events from decorations provider vscode.git 1800
[2022-05-01 10:52:47.850] [exthost] [warning] [Decorations] CAPPING events from decorations provider vscode.git 1800
[2022-05-01 10:52:53.129] [exthost] [warning] [Decorations] CAPPING events from decorations provider vscode.git 1800
[2022-05-01 10:52:58.306] [exthost] [warning] [Decorations] CAPPING events from decorations provider vscode.git 1800
[2022-05-01 10:53:03.484] [exthost] [warning] [Decorations] CAPPING events from decorations provider vscode.git 1800
[2022-05-01 10:53:09.121] [exthost] [warning] [Decorations] CAPPING events from decorations provider vscode.git 1800
[2022-05-01 10:53:15.861] [exthost] [warning] [Decorations] CAPPING events from decorations provider vscode.git 1800
[2022-05-01 10:53:21.269] [exthost] [warning] [Decorations] CAPPING events from decorations provider vscode.git 1800
[2022-05-01 10:53:28.317] [exthost] [warning] [Decorations] CAPPING events from decorations provider vscode.git 1800
[2022-05-01 10:53:33.566] [exthost] [warning] [Decorations] CAPPING events from decorations provider vscode.git 1800
[2022-05-01 10:53:38.695] [exthost] [warning] [Decorations] CAPPING events from decorations provider vscode.git 1800
[2022-05-01 10:53:43.873] [exthost] [warning] [Decorations] CAPPING events from decorations provider vscode.git 1800
[2022-05-01 10:53:49.068] [exthost] [warning] [Decorations] CAPPING events from decorations provider vscode.git 1800
[2022-05-01 10:53:54.259] [exthost] [warning] [Decorations] CAPPING events from decorations provider vscode.git 1800
[2022-05-01 10:53:59.456] [exthost] [warning] [Decorations] CAPPING events from decorations provider vscode.git 1800
[2022-05-01 10:54:04.725] [exthost] [warning] [Decorations] CAPPING events from decorations provider vscode.git 1800
[2022-05-01 10:54:09.857] [exthost] [warning] [Decorations] CAPPING events from decorations provider vscode.git 1800
[2022-05-01 10:54:15.073] [exthost] [warning] [Decorations] CAPPING events from decorations provider vscode.git 1800
[2022-05-01 10:54:20.330] [exthost] [warning] [Decorations] CAPPING events from decorations provider vscode.git 1800
[2022-05-01 10:54:28.159] [exthost] [warning] [Decorations] CAPPING events from decorations provider vscode.git 1800
[2022-05-01 10:54:33.351] [exthost] [warning] [Decorations] CAPPING events from decorations provider vscode.git 1800
[2022-05-01 10:54:38.468] [exthost] [warning] [Decorations] CAPPING events from decorations provider vscode.git 1800
[2022-05-01 10:54:43.882] [exthost] [warning] [Decorations] CAPPING events from decorations provider vscode.git 1800
[2022-05-01 10:54:49.209] [exthost] [warning] [Decorations] CAPPING events from decorations provider vscode.git 1800
[2022-05-01 10:54:54.490] [exthost] [warning] [Decorations] CAPPING events from decorations provider vscode.git 1800
[2022-05-01 10:55:02.438] [exthost] [warning] [Decorations] CAPPING events from decorations provider vscode.git 1800
[2022-05-01 10:55:07.710] [exthost] [warning] [Decorations] CAPPING events from decorations provider vscode.git 1800
[2022-05-01 10:55:12.987] [exthost] [warning] [Decorations] CAPPING events from decorations provider vscode.git 1800
[2022-05-01 10:55:18.310] [exthost] [warning] [Decorations] CAPPING events from decorations provider vscode.git 1800
[2022-05-01 10:55:23.470] [exthost] [warning] [Decorations] CAPPING events from decorations provider vscode.git 1800
[2022-05-01 10:55:28.630] [exthost] [warning] [Decorations] CAPPING events from decorations provider vscode.git 1800
[2022-05-01 10:55:33.826] [exthost] [warning] [Decorations] CAPPING events from decorations provider vscode.git 1800
[2022-05-01 10:55:38.970] [exthost] [warning] [Decorations] CAPPING events from decorations provider vscode.git 1800
[2022-05-01 10:55:44.106] [exthost] [warning] [Decorations] CAPPING events from decorations provider vscode.git 1800
[2022-05-01 10:55:49.325] [exthost] [warning] [Decorations] CAPPING events from decorations provider vscode.git 1800
[2022-05-01 10:55:54.463] [exthost] [warning] [Decorations] CAPPING events from decorations provider vscode.git 1800
[2022-05-01 10:55:59.671] [exthost] [warning] [Decorations] CAPPING events from decorations provider vscode.git 1800
[2022-05-01 10:56:04.823] [exthost] [warning] [Decorations] CAPPING events from decorations provider vscode.git 1800
[2022-05-01 10:56:10.154] [exthost] [warning] [Decorations] CAPPING events from decorations provider vscode.git 1800
[2022-05-01 10:56:15.372] [exthost] [warning] [Decorations] CAPPING events from decorations provider vscode.git 1800
[2022-05-01 10:56:20.586] [exthost] [warning] [Decorations] CAPPING events from decorations provider vscode.git 1800
[2022-05-01 10:56:25.741] [exthost] [warning] [Decorations] CAPPING events from decorations provider vscode.git 1800
[2022-05-01 10:56:30.903] [exthost] [warning] [Decorations] CAPPING events from decorations provider vscode.git 1800
[2022-05-01 10:56:36.099] [exthost] [warning] [Decorations] CAPPING events from decorations provider vscode.git 1800
[2022-05-01 10:56:41.359] [exthost] [warning] [Decorations] CAPPING events from decorations provider vscode.git 1800
[2022-05-01 10:56:46.730] [exthost] [warning] [Decorations] CAPPING events from decorations provider vscode.git 1800
[2022-05-01 10:56:51.917] [exthost] [warning] [Decorations] CAPPING events from decorations provider vscode.git 1800
[2022-05-01 14:29:31.697] [exthost] [warning] [Decorations] CAPPING events from decorations provider vscode.git 1800
[2022-05-01 17:47:32.421] [exthost] [warning] [Decorations] CAPPING events from decorations provider vscode.git 1800
[2022-05-01 17:47:41.195] [exthost] [warning] [Decorations] CAPPING events from decorations provider vscode.git 1800
[2022-05-03 01:57:58.281] [exthost] [info] extension host terminating: renderer disconnected for too long (1)
[2022-05-03 01:57:58.284] [exthost] [info] Lock '/home/zjl/.vscode-server/data/User/workspaceStorage/2074cc806682da7ab43325e33433e1e3/vscode.lock': Marking the lockfile as scheduled to be released in 6000 ms.
[2022-05-03 01:57:58.374] [exthost] [info] Extension host with pid 1048686 exiting with code 0
