[2022-05-09 09:29:59.807] [exthost] [info] Extension host with pid 1572 started
[2022-05-09 09:29:59.818] [exthost] [info] Lock '/home/zjl/.vscode-server/data/User/workspaceStorage/2074cc806682da7ab43325e33433e1e3/vscode.lock': Lock acquired.
[2022-05-09 09:29:59.950] [exthost] [info] ExtensionService#_doActivateExtension vscode.debug-auto-launch, startup: true, activationEvent: '*'
[2022-05-09 09:29:59.966] [exthost] [info] ExtensionService#_doActivateExtension vscode.git-base, startup: true, activationEvent: '*', root cause: vscode.github
[2022-05-09 09:30:00.285] [exthost] [info] ExtensionService#_doActivateExtension vscode.git, startup: true, activationEvent: '*'
[2022-05-09 09:30:00.408] [exthost] [info] ExtensionService#_doActivateExtension vscode.github, startup: true, activationEvent: '*'
[2022-05-09 09:30:00.711] [exthost] [info] ExtensionService#_doActivateExtension vscode.emmet, startup: false, activationEvent: 'onStartupFinished'
[2022-05-09 09:30:00.739] [exthost] [info] ExtensionService#_doActivateExtension vscode.merge-conflict, startup: false, activationEvent: 'onStartupFinished'
[2022-05-09 09:30:00.748] [exthost] [info] Eager extensions activated
[2022-05-09 09:30:01.065] [exthost] [warning] [Decorations] CAPPING events from decorations provider vscode.git 1803
[2022-05-09 09:30:04.391] [exthost] [warning] [Decorations] CAPPING events from decorations provider vscode.git 1804
[2022-05-09 09:30:09.545] [exthost] [warning] [Decorations] CAPPING events from decorations provider vscode.git 1804
[2022-05-09 09:30:14.771] [exthost] [warning] [Decorations] CAPPING events from decorations provider vscode.git 1804
[2022-05-09 09:30:19.971] [exthost] [warning] [Decorations] CAPPING events from decorations provider vscode.git 1803
[2022-05-09 09:30:25.171] [exthost] [warning] [Decorations] CAPPING events from decorations provider vscode.git 1803
[2022-05-09 09:30:30.618] [exthost] [warning] [Decorations] CAPPING events from decorations provider vscode.git 1803
[2022-05-09 09:30:38.013] [exthost] [warning] [Decorations] CAPPING events from decorations provider vscode.git 1803
[2022-05-09 09:34:35.650] [exthost] [warning] [Decorations] CAPPING events from decorations provider vscode.git 1803
[2022-05-09 09:34:38.236] [exthost] [info] ExtensionService#_doActivateExtension vscode.extension-editing, startup: false, activationEvent: 'onLanguage:markdown'
[2022-05-09 09:34:38.281] [exthost] [info] ExtensionService#_doActivateExtension vscode.markdown-language-features, startup: false, activationEvent: 'onLanguage:markdown'
[2022-05-09 09:34:38.852] [exthost] [info] ExtensionService#_doActivateExtension vscode.markdown-math, startup: false, activationEvent: 'api', root cause: vscode.markdown-language-features
[2022-05-09 09:34:40.864] [exthost] [warning] [Decorations] CAPPING events from decorations provider vscode.git 1803
[2022-05-09 09:36:25.485] [exthost] [warning] [Decorations] CAPPING events from decorations provider vscode.git 1803
[2022-05-09 09:36:30.735] [exthost] [warning] [Decorations] CAPPING events from decorations provider vscode.git 1803
[2022-05-09 09:36:37.545] [exthost] [warning] [Decorations] CAPPING events from decorations provider vscode.git 1803
[2022-05-09 09:36:42.725] [exthost] [warning] [Decorations] CAPPING events from decorations provider vscode.git 1803
[2022-05-09 09:36:47.856] [exthost] [warning] [Decorations] CAPPING events from decorations provider vscode.git 1803
[2022-05-09 09:36:53.012] [exthost] [warning] [Decorations] CAPPING events from decorations provider vscode.git 1803
[2022-05-09 09:36:58.286] [exthost] [warning] [Decorations] CAPPING events from decorations provider vscode.git 1803
[2022-05-09 09:37:03.470] [exthost] [warning] [Decorations] CAPPING events from decorations provider vscode.git 1803
[2022-05-09 09:37:08.722] [exthost] [warning] [Decorations] CAPPING events from decorations provider vscode.git 1803
[2022-05-09 09:40:05.254] [exthost] [warning] [Decorations] CAPPING events from decorations provider vscode.git 1803
[2022-05-09 09:41:50.702] [exthost] [warning] [Decorations] CAPPING events from decorations provider vscode.git 1803
[2022-05-09 09:41:55.817] [exthost] [warning] [Decorations] CAPPING events from decorations provider vscode.git 1803
[2022-05-09 09:42:00.942] [exthost] [warning] [Decorations] CAPPING events from decorations provider vscode.git 1803
[2022-05-09 09:42:06.054] [exthost] [warning] [Decorations] CAPPING events from decorations provider vscode.git 1803
[2022-05-09 09:42:11.217] [exthost] [warning] [Decorations] CAPPING events from decorations provider vscode.git 1803
[2022-05-09 09:42:19.611] [exthost] [warning] [Decorations] CAPPING events from decorations provider vscode.git 1803
[2022-05-09 09:42:24.828] [exthost] [warning] [Decorations] CAPPING events from decorations provider vscode.git 1803
[2022-05-09 09:42:29.981] [exthost] [warning] [Decorations] CAPPING events from decorations provider vscode.git 1803
[2022-05-09 09:42:35.174] [exthost] [warning] [Decorations] CAPPING events from decorations provider vscode.git 1803
[2022-05-09 09:43:36.278] [exthost] [warning] [Decorations] CAPPING events from decorations provider vscode.git 1803
[2022-05-09 09:43:41.401] [exthost] [warning] [Decorations] CAPPING events from decorations provider vscode.git 1803
[2022-05-09 09:43:46.665] [exthost] [warning] [Decorations] CAPPING events from decorations provider vscode.git 1803
[2022-05-09 09:43:51.928] [exthost] [warning] [Decorations] CAPPING events from decorations provider vscode.git 1803
[2022-05-09 09:43:58.596] [exthost] [warning] [Decorations] CAPPING events from decorations provider vscode.git 1803
[2022-05-09 09:44:32.279] [exthost] [warning] [Decorations] CAPPING events from decorations provider vscode.git 1803
[2022-05-09 09:44:37.434] [exthost] [warning] [Decorations] CAPPING events from decorations provider vscode.git 1803
[2022-05-09 09:44:42.685] [exthost] [warning] [Decorations] CAPPING events from decorations provider vscode.git 1803
[2022-05-09 09:44:47.937] [exthost] [warning] [Decorations] CAPPING events from decorations provider vscode.git 1803
[2022-05-09 09:44:53.186] [exthost] [warning] [Decorations] CAPPING events from decorations provider vscode.git 1803
[2022-05-09 09:44:58.321] [exthost] [warning] [Decorations] CAPPING events from decorations provider vscode.git 1803
[2022-05-09 09:45:03.774] [exthost] [warning] [Decorations] CAPPING events from decorations provider vscode.git 1803
[2022-05-09 09:45:10.299] [exthost] [warning] [Decorations] CAPPING events from decorations provider vscode.git 1803
[2022-05-09 09:45:15.393] [exthost] [warning] [Decorations] CAPPING events from decorations provider vscode.git 1803
[2022-05-09 09:45:20.537] [exthost] [warning] [Decorations] CAPPING events from decorations provider vscode.git 1803
[2022-05-09 09:45:54.794] [exthost] [warning] [Decorations] CAPPING events from decorations provider vscode.git 1803
[2022-05-09 09:45:59.949] [exthost] [warning] [Decorations] CAPPING events from decorations provider vscode.git 1803
[2022-05-09 09:46:05.163] [exthost] [warning] [Decorations] CAPPING events from decorations provider vscode.git 1803
[2022-05-09 09:46:10.294] [exthost] [warning] [Decorations] CAPPING events from decorations provider vscode.git 1803
[2022-05-09 09:46:15.448] [exthost] [warning] [Decorations] CAPPING events from decorations provider vscode.git 1803
[2022-05-09 09:46:20.543] [exthost] [warning] [Decorations] CAPPING events from decorations provider vscode.git 1803
[2022-05-09 09:46:25.646] [exthost] [warning] [Decorations] CAPPING events from decorations provider vscode.git 1803
[2022-05-09 09:46:30.754] [exthost] [warning] [Decorations] CAPPING events from decorations provider vscode.git 1803
[2022-05-09 09:46:35.970] [exthost] [warning] [Decorations] CAPPING events from decorations provider vscode.git 1803
[2022-05-09 09:46:41.109] [exthost] [warning] [Decorations] CAPPING events from decorations provider vscode.git 1803
[2022-05-09 09:46:46.235] [exthost] [warning] [Decorations] CAPPING events from decorations provider vscode.git 1803
[2022-05-09 09:46:51.408] [exthost] [warning] [Decorations] CAPPING events from decorations provider vscode.git 1803
[2022-05-09 09:46:56.500] [exthost] [warning] [Decorations] CAPPING events from decorations provider vscode.git 1803
[2022-05-09 09:47:01.643] [exthost] [warning] [Decorations] CAPPING events from decorations provider vscode.git 1803
[2022-05-09 09:47:06.965] [exthost] [warning] [Decorations] CAPPING events from decorations provider vscode.git 1803
[2022-05-09 09:47:12.192] [exthost] [warning] [Decorations] CAPPING events from decorations provider vscode.git 1803
[2022-05-09 09:47:17.422] [exthost] [warning] [Decorations] CAPPING events from decorations provider vscode.git 1803
[2022-05-09 09:47:22.557] [exthost] [warning] [Decorations] CAPPING events from decorations provider vscode.git 1803
[2022-05-09 09:47:27.685] [exthost] [warning] [Decorations] CAPPING events from decorations provider vscode.git 1803
[2022-05-09 09:47:32.805] [exthost] [warning] [Decorations] CAPPING events from decorations provider vscode.git 1803
[2022-05-09 09:47:37.985] [exthost] [warning] [Decorations] CAPPING events from decorations provider vscode.git 1803
[2022-05-09 09:47:43.111] [exthost] [warning] [Decorations] CAPPING events from decorations provider vscode.git 1803
[2022-05-09 09:47:48.223] [exthost] [warning] [Decorations] CAPPING events from decorations provider vscode.git 1803
[2022-05-09 09:47:53.390] [exthost] [warning] [Decorations] CAPPING events from decorations provider vscode.git 1803
[2022-05-09 09:47:58.562] [exthost] [warning] [Decorations] CAPPING events from decorations provider vscode.git 1803
[2022-05-09 09:48:17.127] [exthost] [warning] [Decorations] CAPPING events from decorations provider vscode.git 1803
[2022-05-09 09:48:22.239] [exthost] [warning] [Decorations] CAPPING events from decorations provider vscode.git 1803
[2022-05-09 09:48:27.630] [exthost] [warning] [Decorations] CAPPING events from decorations provider vscode.git 1803
[2022-05-09 09:48:32.822] [exthost] [warning] [Decorations] CAPPING events from decorations provider vscode.git 1803
[2022-05-09 09:48:37.930] [exthost] [warning] [Decorations] CAPPING events from decorations provider vscode.git 1803
[2022-05-09 09:48:43.148] [exthost] [warning] [Decorations] CAPPING events from decorations provider vscode.git 1803
[2022-05-09 09:48:48.283] [exthost] [warning] [Decorations] CAPPING events from decorations provider vscode.git 1803
[2022-05-09 09:48:53.435] [exthost] [warning] [Decorations] CAPPING events from decorations provider vscode.git 1803
[2022-05-09 09:48:58.556] [exthost] [warning] [Decorations] CAPPING events from decorations provider vscode.git 1803
[2022-05-09 09:49:03.676] [exthost] [warning] [Decorations] CAPPING events from decorations provider vscode.git 1803
[2022-05-09 09:49:08.901] [exthost] [warning] [Decorations] CAPPING events from decorations provider vscode.git 1803
[2022-05-09 09:49:14.247] [exthost] [warning] [Decorations] CAPPING events from decorations provider vscode.git 1803
[2022-05-09 09:49:19.470] [exthost] [warning] [Decorations] CAPPING events from decorations provider vscode.git 1803
[2022-05-09 09:49:24.600] [exthost] [warning] [Decorations] CAPPING events from decorations provider vscode.git 1803
[2022-05-09 09:49:29.831] [exthost] [warning] [Decorations] CAPPING events from decorations provider vscode.git 1803
[2022-05-09 09:49:35.006] [exthost] [warning] [Decorations] CAPPING events from decorations provider vscode.git 1803
[2022-05-09 09:49:40.151] [exthost] [warning] [Decorations] CAPPING events from decorations provider vscode.git 1803
[2022-05-09 09:49:45.302] [exthost] [warning] [Decorations] CAPPING events from decorations provider vscode.git 1803
[2022-05-09 09:49:50.416] [exthost] [warning] [Decorations] CAPPING events from decorations provider vscode.git 1803
[2022-05-09 09:49:55.657] [exthost] [warning] [Decorations] CAPPING events from decorations provider vscode.git 1803
[2022-05-09 09:50:00.839] [exthost] [warning] [Decorations] CAPPING events from decorations provider vscode.git 1803
[2022-05-09 09:50:06.051] [exthost] [warning] [Decorations] CAPPING events from decorations provider vscode.git 1803
[2022-05-09 09:50:11.229] [exthost] [warning] [Decorations] CAPPING events from decorations provider vscode.git 1803
[2022-05-09 09:50:16.335] [exthost] [warning] [Decorations] CAPPING events from decorations provider vscode.git 1803
[2022-05-09 09:50:21.566] [exthost] [warning] [Decorations] CAPPING events from decorations provider vscode.git 1803
[2022-05-09 09:50:26.678] [exthost] [warning] [Decorations] CAPPING events from decorations provider vscode.git 1803
[2022-05-09 09:50:31.860] [exthost] [warning] [Decorations] CAPPING events from decorations provider vscode.git 1803
[2022-05-09 09:50:36.956] [exthost] [warning] [Decorations] CAPPING events from decorations provider vscode.git 1803
[2022-05-09 09:50:42.046] [exthost] [warning] [Decorations] CAPPING events from decorations provider vscode.git 1803
[2022-05-09 09:50:47.162] [exthost] [warning] [Decorations] CAPPING events from decorations provider vscode.git 1803
[2022-05-09 09:50:52.254] [exthost] [warning] [Decorations] CAPPING events from decorations provider vscode.git 1803
[2022-05-09 09:50:57.424] [exthost] [warning] [Decorations] CAPPING events from decorations provider vscode.git 1803
[2022-05-09 09:51:02.634] [exthost] [warning] [Decorations] CAPPING events from decorations provider vscode.git 1803
[2022-05-09 09:51:07.848] [exthost] [warning] [Decorations] CAPPING events from decorations provider vscode.git 1803
[2022-05-09 09:51:12.957] [exthost] [warning] [Decorations] CAPPING events from decorations provider vscode.git 1803
[2022-05-09 09:51:18.071] [exthost] [warning] [Decorations] CAPPING events from decorations provider vscode.git 1803
[2022-05-09 09:51:23.259] [exthost] [warning] [Decorations] CAPPING events from decorations provider vscode.git 1803
[2022-05-09 09:51:28.363] [exthost] [warning] [Decorations] CAPPING events from decorations provider vscode.git 1803
[2022-05-09 09:51:33.586] [exthost] [warning] [Decorations] CAPPING events from decorations provider vscode.git 1803
[2022-05-09 09:51:41.734] [exthost] [warning] [Decorations] CAPPING events from decorations provider vscode.git 1803
[2022-05-09 09:51:50.858] [exthost] [warning] [Decorations] CAPPING events from decorations provider vscode.git 1803
[2022-05-09 09:51:55.992] [exthost] [warning] [Decorations] CAPPING events from decorations provider vscode.git 1803
[2022-05-09 09:52:01.200] [exthost] [warning] [Decorations] CAPPING events from decorations provider vscode.git 1803
[2022-05-09 09:52:06.309] [exthost] [warning] [Decorations] CAPPING events from decorations provider vscode.git 1803
[2022-05-09 09:52:11.423] [exthost] [warning] [Decorations] CAPPING events from decorations provider vscode.git 1803
[2022-05-09 09:52:16.564] [exthost] [warning] [Decorations] CAPPING events from decorations provider vscode.git 1803
[2022-05-09 09:52:21.767] [exthost] [warning] [Decorations] CAPPING events from decorations provider vscode.git 1803
[2022-05-09 09:52:27.519] [exthost] [warning] [Decorations] CAPPING events from decorations provider vscode.git 1803
[2022-05-09 09:52:32.834] [exthost] [warning] [Decorations] CAPPING events from decorations provider vscode.git 1803
[2022-05-09 09:52:49.687] [exthost] [warning] [Decorations] CAPPING events from decorations provider vscode.git 1803
[2022-05-09 09:52:54.963] [exthost] [warning] [Decorations] CAPPING events from decorations provider vscode.git 1803
[2022-05-09 09:53:00.187] [exthost] [warning] [Decorations] CAPPING events from decorations provider vscode.git 1803
[2022-05-09 09:53:05.425] [exthost] [warning] [Decorations] CAPPING events from decorations provider vscode.git 1803
[2022-05-09 09:53:11.615] [exthost] [warning] [Decorations] CAPPING events from decorations provider vscode.git 1803
[2022-05-09 09:53:17.019] [exthost] [warning] [Decorations] CAPPING events from decorations provider vscode.git 1803
[2022-05-09 09:53:22.278] [exthost] [warning] [Decorations] CAPPING events from decorations provider vscode.git 1803
[2022-05-09 09:53:27.226] [exthost] [info] ExtensionService#_doActivateExtension vscode.typescript-language-features, startup: false, activationEvent: 'onLanguage:javascript'
[2022-05-09 09:53:28.726] [exthost] [warning] [Decorations] CAPPING events from decorations provider vscode.git 1803
[2022-05-09 09:53:42.354] [exthost] [warning] [Decorations] CAPPING events from decorations provider vscode.git 1804
[2022-05-09 09:53:47.576] [exthost] [warning] [Decorations] CAPPING events from decorations provider vscode.git 1804
[2022-05-09 09:53:52.749] [exthost] [warning] [Decorations] CAPPING events from decorations provider vscode.git 1804
[2022-05-09 09:53:59.442] [exthost] [warning] [Decorations] CAPPING events from decorations provider vscode.git 1804
[2022-05-09 09:54:04.558] [exthost] [warning] [Decorations] CAPPING events from decorations provider vscode.git 1804
[2022-05-09 09:54:09.685] [exthost] [warning] [Decorations] CAPPING events from decorations provider vscode.git 1804
[2022-05-09 09:54:14.828] [exthost] [warning] [Decorations] CAPPING events from decorations provider vscode.git 1804
[2022-05-09 09:54:19.989] [exthost] [warning] [Decorations] CAPPING events from decorations provider vscode.git 1804
[2022-05-09 09:54:25.155] [exthost] [warning] [Decorations] CAPPING events from decorations provider vscode.git 1804
[2022-05-09 09:54:30.286] [exthost] [warning] [Decorations] CAPPING events from decorations provider vscode.git 1804
[2022-05-09 09:54:52.391] [exthost] [warning] [Decorations] CAPPING events from decorations provider vscode.git 1804
[2022-05-09 09:54:57.561] [exthost] [warning] [Decorations] CAPPING events from decorations provider vscode.git 1804
[2022-05-09 09:55:02.688] [exthost] [warning] [Decorations] CAPPING events from decorations provider vscode.git 1804
[2022-05-09 09:55:07.873] [exthost] [warning] [Decorations] CAPPING events from decorations provider vscode.git 1804
[2022-05-09 09:55:13.055] [exthost] [warning] [Decorations] CAPPING events from decorations provider vscode.git 1804
[2022-05-09 09:55:18.182] [exthost] [warning] [Decorations] CAPPING events from decorations provider vscode.git 1804
[2022-05-09 09:55:23.323] [exthost] [warning] [Decorations] CAPPING events from decorations provider vscode.git 1804
[2022-05-09 09:55:28.427] [exthost] [warning] [Decorations] CAPPING events from decorations provider vscode.git 1804
[2022-05-09 09:57:59.873] [exthost] [warning] [Decorations] CAPPING events from decorations provider vscode.git 1804
[2022-05-09 09:58:05.085] [exthost] [warning] [Decorations] CAPPING events from decorations provider vscode.git 1804
[2022-05-09 09:58:11.143] [exthost] [warning] [Decorations] CAPPING events from decorations provider vscode.git 1804
[2022-05-09 09:58:16.297] [exthost] [warning] [Decorations] CAPPING events from decorations provider vscode.git 1804
[2022-05-09 09:58:21.440] [exthost] [warning] [Decorations] CAPPING events from decorations provider vscode.git 1804
[2022-05-09 09:58:27.400] [exthost] [warning] [Decorations] CAPPING events from decorations provider vscode.git 1804
[2022-05-09 09:58:34.937] [exthost] [warning] [Decorations] CAPPING events from decorations provider vscode.git 1804
[2022-05-09 09:58:40.088] [exthost] [warning] [Decorations] CAPPING events from decorations provider vscode.git 1804
[2022-05-09 09:58:45.254] [exthost] [warning] [Decorations] CAPPING events from decorations provider vscode.git 1804
[2022-05-09 10:00:02.514] [exthost] [warning] [Decorations] CAPPING events from decorations provider vscode.git 1804
[2022-05-09 10:00:07.635] [exthost] [warning] [Decorations] CAPPING events from decorations provider vscode.git 1804
[2022-05-09 10:00:19.646] [exthost] [warning] [Decorations] CAPPING events from decorations provider vscode.git 1804
[2022-05-09 10:00:24.755] [exthost] [warning] [Decorations] CAPPING events from decorations provider vscode.git 1804
[2022-05-09 10:00:29.892] [exthost] [warning] [Decorations] CAPPING events from decorations provider vscode.git 1804
[2022-05-09 10:00:35.017] [exthost] [warning] [Decorations] CAPPING events from decorations provider vscode.git 1804
[2022-05-09 10:00:40.270] [exthost] [warning] [Decorations] CAPPING events from decorations provider vscode.git 1804
[2022-05-09 10:00:45.398] [exthost] [warning] [Decorations] CAPPING events from decorations provider vscode.git 1804
[2022-05-09 10:00:50.719] [exthost] [warning] [Decorations] CAPPING events from decorations provider vscode.git 1804
[2022-05-09 10:00:55.862] [exthost] [warning] [Decorations] CAPPING events from decorations provider vscode.git 1804
[2022-05-09 10:01:01.701] [exthost] [warning] [Decorations] CAPPING events from decorations provider vscode.git 1804
[2022-05-09 10:01:06.911] [exthost] [warning] [Decorations] CAPPING events from decorations provider vscode.git 1804
[2022-05-09 10:01:12.141] [exthost] [warning] [Decorations] CAPPING events from decorations provider vscode.git 1804
[2022-05-09 10:01:17.332] [exthost] [warning] [Decorations] CAPPING events from decorations provider vscode.git 1804
[2022-05-09 10:01:22.460] [exthost] [warning] [Decorations] CAPPING events from decorations provider vscode.git 1804
[2022-05-09 10:01:28.451] [exthost] [warning] [Decorations] CAPPING events from decorations provider vscode.git 1804
[2022-05-09 10:01:33.592] [exthost] [warning] [Decorations] CAPPING events from decorations provider vscode.git 1804
[2022-05-09 10:01:38.717] [exthost] [warning] [Decorations] CAPPING events from decorations provider vscode.git 1804
[2022-05-09 10:01:43.824] [exthost] [warning] [Decorations] CAPPING events from decorations provider vscode.git 1804
[2022-05-09 10:01:48.936] [exthost] [warning] [Decorations] CAPPING events from decorations provider vscode.git 1804
[2022-05-09 10:01:54.072] [exthost] [warning] [Decorations] CAPPING events from decorations provider vscode.git 1804
[2022-05-09 10:01:59.189] [exthost] [warning] [Decorations] CAPPING events from decorations provider vscode.git 1804
[2022-05-09 10:02:04.314] [exthost] [warning] [Decorations] CAPPING events from decorations provider vscode.git 1804
[2022-05-09 10:02:09.444] [exthost] [warning] [Decorations] CAPPING events from decorations provider vscode.git 1804
[2022-05-09 10:02:14.563] [exthost] [warning] [Decorations] CAPPING events from decorations provider vscode.git 1804
[2022-05-09 10:02:52.615] [exthost] [warning] [Decorations] CAPPING events from decorations provider vscode.git 1804
[2022-05-09 10:02:57.737] [exthost] [warning] [Decorations] CAPPING events from decorations provider vscode.git 1804
[2022-05-09 10:03:04.000] [exthost] [warning] [Decorations] CAPPING events from decorations provider vscode.git 1804
[2022-05-09 10:03:09.360] [exthost] [warning] [Decorations] CAPPING events from decorations provider vscode.git 1804
[2022-05-09 10:03:14.503] [exthost] [warning] [Decorations] CAPPING events from decorations provider vscode.git 1804
[2022-05-09 10:03:19.714] [exthost] [warning] [Decorations] CAPPING events from decorations provider vscode.git 1804
[2022-05-09 10:03:24.867] [exthost] [warning] [Decorations] CAPPING events from decorations provider vscode.git 1804
[2022-05-09 10:03:30.277] [exthost] [warning] [Decorations] CAPPING events from decorations provider vscode.git 1804
[2022-05-09 10:03:35.545] [exthost] [warning] [Decorations] CAPPING events from decorations provider vscode.git 1804
[2022-05-09 10:03:44.147] [exthost] [warning] [Decorations] CAPPING events from decorations provider vscode.git 1804
[2022-05-09 10:03:49.273] [exthost] [warning] [Decorations] CAPPING events from decorations provider vscode.git 1804
[2022-05-09 10:03:54.413] [exthost] [warning] [Decorations] CAPPING events from decorations provider vscode.git 1804
[2022-05-09 10:03:59.528] [exthost] [warning] [Decorations] CAPPING events from decorations provider vscode.git 1804
[2022-05-09 10:04:04.638] [exthost] [warning] [Decorations] CAPPING events from decorations provider vscode.git 1804
[2022-05-09 10:04:09.791] [exthost] [warning] [Decorations] CAPPING events from decorations provider vscode.git 1804
[2022-05-09 10:04:15.293] [exthost] [warning] [Decorations] CAPPING events from decorations provider vscode.git 1804
[2022-05-09 10:04:20.421] [exthost] [warning] [Decorations] CAPPING events from decorations provider vscode.git 1804
[2022-05-09 10:23:08.618] [exthost] [warning] [Decorations] CAPPING events from decorations provider vscode.git 1804
[2022-05-09 10:23:23.416] [exthost] [warning] [Decorations] CAPPING events from decorations provider vscode.git 1804
[2022-05-09 10:23:28.562] [exthost] [warning] [Decorations] CAPPING events from decorations provider vscode.git 1804
[2022-05-09 10:23:33.847] [exthost] [warning] [Decorations] CAPPING events from decorations provider vscode.git 1804
[2022-05-09 10:23:41.174] [exthost] [warning] [Decorations] CAPPING events from decorations provider vscode.git 1804
[2022-05-09 10:23:46.293] [exthost] [warning] [Decorations] CAPPING events from decorations provider vscode.git 1804
[2022-05-09 10:23:51.452] [exthost] [warning] [Decorations] CAPPING events from decorations provider vscode.git 1804
[2022-05-09 10:23:58.915] [exthost] [warning] [Decorations] CAPPING events from decorations provider vscode.git 1804
[2022-05-09 10:24:04.160] [exthost] [warning] [Decorations] CAPPING events from decorations provider vscode.git 1804
[2022-05-09 10:24:10.619] [exthost] [warning] [Decorations] CAPPING events from decorations provider vscode.git 1804
[2022-05-09 10:25:45.510] [exthost] [warning] [Decorations] CAPPING events from decorations provider vscode.git 1804
[2022-05-09 10:27:02.104] [exthost] [warning] [Decorations] CAPPING events from decorations provider vscode.git 1804
[2022-05-09 10:27:06.222] [exthost] [info] ExtensionService#_doActivateExtension vscode.css-language-features, startup: false, activationEvent: 'onLanguage:css'
[2022-05-09 10:27:07.220] [exthost] [warning] [Decorations] CAPPING events from decorations provider vscode.git 1804
[2022-05-09 10:27:12.350] [exthost] [warning] [Decorations] CAPPING events from decorations provider vscode.git 1804
[2022-05-09 10:27:17.480] [exthost] [warning] [Decorations] CAPPING events from decorations provider vscode.git 1804
[2022-05-09 10:27:22.455] [exthost] [info] ExtensionService#_doActivateExtension vscode.html-language-features, startup: false, activationEvent: 'onLanguage:html'
[2022-05-09 10:27:22.819] [exthost] [warning] [Decorations] CAPPING events from decorations provider vscode.git 1804
[2022-05-09 10:27:27.951] [exthost] [warning] [Decorations] CAPPING events from decorations provider vscode.git 1804
[2022-05-09 10:27:33.123] [exthost] [warning] [Decorations] CAPPING events from decorations provider vscode.git 1804
[2022-05-09 10:27:38.258] [exthost] [warning] [Decorations] CAPPING events from decorations provider vscode.git 1804
[2022-05-09 10:27:43.410] [exthost] [warning] [Decorations] CAPPING events from decorations provider vscode.git 1804
[2022-05-09 10:27:48.550] [exthost] [warning] [Decorations] CAPPING events from decorations provider vscode.git 1804
[2022-05-09 10:27:53.695] [exthost] [warning] [Decorations] CAPPING events from decorations provider vscode.git 1804
[2022-05-09 10:27:58.972] [exthost] [warning] [Decorations] CAPPING events from decorations provider vscode.git 1804
[2022-05-09 10:28:04.300] [exthost] [warning] [Decorations] CAPPING events from decorations provider vscode.git 1804
[2022-05-09 10:28:19.707] [exthost] [warning] [Decorations] CAPPING events from decorations provider vscode.git 1804
[2022-05-09 10:28:24.827] [exthost] [warning] [Decorations] CAPPING events from decorations provider vscode.git 1804
[2022-05-09 10:28:30.135] [exthost] [warning] [Decorations] CAPPING events from decorations provider vscode.git 1804
[2022-05-09 10:28:35.360] [exthost] [warning] [Decorations] CAPPING events from decorations provider vscode.git 1804
[2022-05-09 10:28:40.618] [exthost] [warning] [Decorations] CAPPING events from decorations provider vscode.git 1804
[2022-05-09 10:28:45.773] [exthost] [warning] [Decorations] CAPPING events from decorations provider vscode.git 1804
[2022-05-09 10:29:10.291] [exthost] [warning] [Decorations] CAPPING events from decorations provider vscode.git 1804
[2022-05-09 10:29:15.407] [exthost] [warning] [Decorations] CAPPING events from decorations provider vscode.git 1804
[2022-05-09 10:29:20.564] [exthost] [warning] [Decorations] CAPPING events from decorations provider vscode.git 1804
[2022-05-09 10:29:25.693] [exthost] [warning] [Decorations] CAPPING events from decorations provider vscode.git 1804
[2022-05-09 10:29:30.828] [exthost] [warning] [Decorations] CAPPING events from decorations provider vscode.git 1804
[2022-05-09 10:29:35.949] [exthost] [warning] [Decorations] CAPPING events from decorations provider vscode.git 1804
[2022-05-09 10:29:43.065] [exthost] [warning] [Decorations] CAPPING events from decorations provider vscode.git 1804
[2022-05-09 10:29:48.217] [exthost] [warning] [Decorations] CAPPING events from decorations provider vscode.git 1804
[2022-05-09 10:30:01.163] [exthost] [warning] [Decorations] CAPPING events from decorations provider vscode.git 1804
[2022-05-09 10:30:06.304] [exthost] [warning] [Decorations] CAPPING events from decorations provider vscode.git 1804
[2022-05-09 10:30:11.406] [exthost] [warning] [Decorations] CAPPING events from decorations provider vscode.git 1804
[2022-05-09 10:30:46.203] [exthost] [warning] [Decorations] CAPPING events from decorations provider vscode.git 1804
[2022-05-09 10:30:51.342] [exthost] [warning] [Decorations] CAPPING events from decorations provider vscode.git 1804
[2022-05-09 10:30:56.447] [exthost] [warning] [Decorations] CAPPING events from decorations provider vscode.git 1804
[2022-05-09 10:31:01.631] [exthost] [warning] [Decorations] CAPPING events from decorations provider vscode.git 1804
[2022-05-09 10:31:06.740] [exthost] [warning] [Decorations] CAPPING events from decorations provider vscode.git 1804
[2022-05-09 10:31:11.912] [exthost] [warning] [Decorations] CAPPING events from decorations provider vscode.git 1804
[2022-05-09 10:31:17.171] [exthost] [warning] [Decorations] CAPPING events from decorations provider vscode.git 1804
[2022-05-09 10:31:22.335] [exthost] [warning] [Decorations] CAPPING events from decorations provider vscode.git 1804
[2022-05-09 10:31:30.187] [exthost] [warning] [Decorations] CAPPING events from decorations provider vscode.git 1804
[2022-05-09 10:31:35.308] [exthost] [warning] [Decorations] CAPPING events from decorations provider vscode.git 1804
[2022-05-09 10:31:40.445] [exthost] [warning] [Decorations] CAPPING events from decorations provider vscode.git 1804
[2022-05-09 10:31:53.410] [exthost] [warning] [Decorations] CAPPING events from decorations provider vscode.git 1804
[2022-05-09 10:32:00.713] [exthost] [warning] [Decorations] CAPPING events from decorations provider vscode.git 1804
[2022-05-09 10:32:05.839] [exthost] [warning] [Decorations] CAPPING events from decorations provider vscode.git 1804
[2022-05-09 10:32:10.957] [exthost] [warning] [Decorations] CAPPING events from decorations provider vscode.git 1804
[2022-05-09 10:32:16.209] [exthost] [warning] [Decorations] CAPPING events from decorations provider vscode.git 1804
[2022-05-09 10:32:38.584] [exthost] [warning] [Decorations] CAPPING events from decorations provider vscode.git 1804
[2022-05-09 10:32:45.204] [exthost] [warning] [Decorations] CAPPING events from decorations provider vscode.git 1804
[2022-05-09 10:32:50.364] [exthost] [warning] [Decorations] CAPPING events from decorations provider vscode.git 1804
[2022-05-09 10:32:55.507] [exthost] [warning] [Decorations] CAPPING events from decorations provider vscode.git 1804
[2022-05-09 10:33:00.634] [exthost] [warning] [Decorations] CAPPING events from decorations provider vscode.git 1804
[2022-05-09 10:33:05.756] [exthost] [warning] [Decorations] CAPPING events from decorations provider vscode.git 1804
[2022-05-09 10:33:11.101] [exthost] [warning] [Decorations] CAPPING events from decorations provider vscode.git 1804
[2022-05-09 10:33:16.272] [exthost] [warning] [Decorations] CAPPING events from decorations provider vscode.git 1804
[2022-05-09 10:33:21.411] [exthost] [warning] [Decorations] CAPPING events from decorations provider vscode.git 1804
[2022-05-09 10:33:26.589] [exthost] [warning] [Decorations] CAPPING events from decorations provider vscode.git 1804
[2022-05-09 10:33:31.750] [exthost] [warning] [Decorations] CAPPING events from decorations provider vscode.git 1804
[2022-05-09 10:33:36.886] [exthost] [warning] [Decorations] CAPPING events from decorations provider vscode.git 1804
[2022-05-09 10:33:42.017] [exthost] [warning] [Decorations] CAPPING events from decorations provider vscode.git 1804
[2022-05-09 10:33:47.147] [exthost] [warning] [Decorations] CAPPING events from decorations provider vscode.git 1804
[2022-05-09 10:33:52.375] [exthost] [warning] [Decorations] CAPPING events from decorations provider vscode.git 1804
[2022-05-09 10:33:57.539] [exthost] [warning] [Decorations] CAPPING events from decorations provider vscode.git 1804
[2022-05-09 10:34:02.684] [exthost] [warning] [Decorations] CAPPING events from decorations provider vscode.git 1804
[2022-05-09 10:34:07.912] [exthost] [warning] [Decorations] CAPPING events from decorations provider vscode.git 1804
[2022-05-09 10:34:14.970] [exthost] [warning] [Decorations] CAPPING events from decorations provider vscode.git 1804
[2022-05-09 10:34:20.133] [exthost] [warning] [Decorations] CAPPING events from decorations provider vscode.git 1804
[2022-05-09 10:34:25.269] [exthost] [warning] [Decorations] CAPPING events from decorations provider vscode.git 1804
[2022-05-09 10:34:30.417] [exthost] [warning] [Decorations] CAPPING events from decorations provider vscode.git 1804
[2022-05-09 10:34:35.820] [exthost] [warning] [Decorations] CAPPING events from decorations provider vscode.git 1804
[2022-05-09 10:34:40.943] [exthost] [warning] [Decorations] CAPPING events from decorations provider vscode.git 1804
[2022-05-09 10:34:46.119] [exthost] [warning] [Decorations] CAPPING events from decorations provider vscode.git 1804
[2022-05-09 10:34:51.385] [exthost] [warning] [Decorations] CAPPING events from decorations provider vscode.git 1804
[2022-05-09 10:34:56.626] [exthost] [warning] [Decorations] CAPPING events from decorations provider vscode.git 1804
[2022-05-09 10:35:01.910] [exthost] [warning] [Decorations] CAPPING events from decorations provider vscode.git 1804
[2022-05-09 10:35:07.143] [exthost] [warning] [Decorations] CAPPING events from decorations provider vscode.git 1804
[2022-05-09 10:35:12.256] [exthost] [warning] [Decorations] CAPPING events from decorations provider vscode.git 1804
[2022-05-09 10:35:17.373] [exthost] [warning] [Decorations] CAPPING events from decorations provider vscode.git 1804
[2022-05-09 10:35:22.671] [exthost] [warning] [Decorations] CAPPING events from decorations provider vscode.git 1804
[2022-05-09 10:35:27.791] [exthost] [warning] [Decorations] CAPPING events from decorations provider vscode.git 1804
[2022-05-09 10:35:32.907] [exthost] [warning] [Decorations] CAPPING events from decorations provider vscode.git 1804
[2022-05-09 10:35:38.060] [exthost] [warning] [Decorations] CAPPING events from decorations provider vscode.git 1804
[2022-05-09 10:35:43.208] [exthost] [warning] [Decorations] CAPPING events from decorations provider vscode.git 1804
[2022-05-09 10:35:48.349] [exthost] [warning] [Decorations] CAPPING events from decorations provider vscode.git 1804
[2022-05-09 10:35:53.497] [exthost] [warning] [Decorations] CAPPING events from decorations provider vscode.git 1804
[2022-05-09 10:35:58.630] [exthost] [warning] [Decorations] CAPPING events from decorations provider vscode.git 1804
[2022-05-09 10:36:03.773] [exthost] [warning] [Decorations] CAPPING events from decorations provider vscode.git 1804
[2022-05-09 10:36:08.950] [exthost] [warning] [Decorations] CAPPING events from decorations provider vscode.git 1804
[2022-05-09 10:36:14.083] [exthost] [warning] [Decorations] CAPPING events from decorations provider vscode.git 1804
[2022-05-09 10:36:24.196] [exthost] [warning] [Decorations] CAPPING events from decorations provider vscode.git 1804
[2022-05-09 10:36:29.317] [exthost] [warning] [Decorations] CAPPING events from decorations provider vscode.git 1804
[2022-05-09 10:36:34.419] [exthost] [warning] [Decorations] CAPPING events from decorations provider vscode.git 1804
[2022-05-09 10:36:39.541] [exthost] [warning] [Decorations] CAPPING events from decorations provider vscode.git 1804
[2022-05-09 10:36:44.677] [exthost] [warning] [Decorations] CAPPING events from decorations provider vscode.git 1804
[2022-05-09 10:36:49.828] [exthost] [warning] [Decorations] CAPPING events from decorations provider vscode.git 1804
[2022-05-09 10:36:55.046] [exthost] [warning] [Decorations] CAPPING events from decorations provider vscode.git 1804
[2022-05-09 10:37:00.179] [exthost] [warning] [Decorations] CAPPING events from decorations provider vscode.git 1804
[2022-05-09 10:37:05.303] [exthost] [warning] [Decorations] CAPPING events from decorations provider vscode.git 1804
[2022-05-09 10:37:10.486] [exthost] [warning] [Decorations] CAPPING events from decorations provider vscode.git 1804
[2022-05-09 10:37:15.659] [exthost] [warning] [Decorations] CAPPING events from decorations provider vscode.git 1804
[2022-05-09 10:37:20.808] [exthost] [warning] [Decorations] CAPPING events from decorations provider vscode.git 1804
[2022-05-09 10:37:25.980] [exthost] [warning] [Decorations] CAPPING events from decorations provider vscode.git 1804
[2022-05-09 10:37:31.234] [exthost] [warning] [Decorations] CAPPING events from decorations provider vscode.git 1804
[2022-05-09 10:37:36.342] [exthost] [warning] [Decorations] CAPPING events from decorations provider vscode.git 1804
[2022-05-09 10:37:41.458] [exthost] [warning] [Decorations] CAPPING events from decorations provider vscode.git 1804
[2022-05-09 10:37:46.585] [exthost] [warning] [Decorations] CAPPING events from decorations provider vscode.git 1804
[2022-05-09 10:37:51.701] [exthost] [warning] [Decorations] CAPPING events from decorations provider vscode.git 1804
[2022-05-09 10:37:56.811] [exthost] [warning] [Decorations] CAPPING events from decorations provider vscode.git 1804
[2022-05-09 10:38:01.924] [exthost] [warning] [Decorations] CAPPING events from decorations provider vscode.git 1804
[2022-05-09 10:38:07.030] [exthost] [warning] [Decorations] CAPPING events from decorations provider vscode.git 1804
[2022-05-09 10:38:12.208] [exthost] [warning] [Decorations] CAPPING events from decorations provider vscode.git 1804
[2022-05-09 10:38:17.325] [exthost] [warning] [Decorations] CAPPING events from decorations provider vscode.git 1804
[2022-05-09 10:38:23.205] [exthost] [warning] [Decorations] CAPPING events from decorations provider vscode.git 1804
[2022-05-09 10:38:28.309] [exthost] [warning] [Decorations] CAPPING events from decorations provider vscode.git 1804
[2022-05-09 10:38:33.426] [exthost] [warning] [Decorations] CAPPING events from decorations provider vscode.git 1804
[2022-05-09 10:38:38.540] [exthost] [warning] [Decorations] CAPPING events from decorations provider vscode.git 1804
[2022-05-09 10:38:43.659] [exthost] [warning] [Decorations] CAPPING events from decorations provider vscode.git 1804
[2022-05-09 10:38:48.795] [exthost] [warning] [Decorations] CAPPING events from decorations provider vscode.git 1804
[2022-05-09 10:38:53.915] [exthost] [warning] [Decorations] CAPPING events from decorations provider vscode.git 1804
[2022-05-09 10:38:59.050] [exthost] [warning] [Decorations] CAPPING events from decorations provider vscode.git 1804
[2022-05-09 10:39:04.224] [exthost] [warning] [Decorations] CAPPING events from decorations provider vscode.git 1804
[2022-05-09 10:39:09.355] [exthost] [warning] [Decorations] CAPPING events from decorations provider vscode.git 1804
[2022-05-09 10:39:14.479] [exthost] [warning] [Decorations] CAPPING events from decorations provider vscode.git 1804
[2022-05-09 10:39:19.590] [exthost] [warning] [Decorations] CAPPING events from decorations provider vscode.git 1804
[2022-05-09 10:39:24.719] [exthost] [warning] [Decorations] CAPPING events from decorations provider vscode.git 1804
[2022-05-09 10:39:29.902] [exthost] [warning] [Decorations] CAPPING events from decorations provider vscode.git 1804
[2022-05-09 10:39:35.054] [exthost] [warning] [Decorations] CAPPING events from decorations provider vscode.git 1804
[2022-05-09 10:39:40.177] [exthost] [warning] [Decorations] CAPPING events from decorations provider vscode.git 1804
[2022-05-09 10:39:45.300] [exthost] [warning] [Decorations] CAPPING events from decorations provider vscode.git 1804
[2022-05-09 10:39:50.608] [exthost] [warning] [Decorations] CAPPING events from decorations provider vscode.git 1804
[2022-05-09 10:39:55.754] [exthost] [warning] [Decorations] CAPPING events from decorations provider vscode.git 1804
[2022-05-09 10:40:00.876] [exthost] [warning] [Decorations] CAPPING events from decorations provider vscode.git 1804
[2022-05-09 10:40:06.025] [exthost] [warning] [Decorations] CAPPING events from decorations provider vscode.git 1804
[2022-05-09 10:40:11.207] [exthost] [warning] [Decorations] CAPPING events from decorations provider vscode.git 1804
[2022-05-09 10:40:16.444] [exthost] [warning] [Decorations] CAPPING events from decorations provider vscode.git 1804
[2022-05-09 10:40:21.610] [exthost] [warning] [Decorations] CAPPING events from decorations provider vscode.git 1804
[2022-05-09 10:40:27.012] [exthost] [warning] [Decorations] CAPPING events from decorations provider vscode.git 1804
[2022-05-09 10:40:34.506] [exthost] [warning] [Decorations] CAPPING events from decorations provider vscode.git 1804
[2022-05-09 10:40:39.634] [exthost] [warning] [Decorations] CAPPING events from decorations provider vscode.git 1804
[2022-05-09 10:40:44.758] [exthost] [warning] [Decorations] CAPPING events from decorations provider vscode.git 1804
[2022-05-09 10:40:49.880] [exthost] [warning] [Decorations] CAPPING events from decorations provider vscode.git 1804
[2022-05-09 10:40:55.066] [exthost] [warning] [Decorations] CAPPING events from decorations provider vscode.git 1804
[2022-05-09 10:41:00.205] [exthost] [warning] [Decorations] CAPPING events from decorations provider vscode.git 1804
[2022-05-09 10:41:05.332] [exthost] [warning] [Decorations] CAPPING events from decorations provider vscode.git 1804
[2022-05-09 10:41:10.454] [exthost] [warning] [Decorations] CAPPING events from decorations provider vscode.git 1804
[2022-05-09 10:41:15.596] [exthost] [warning] [Decorations] CAPPING events from decorations provider vscode.git 1804
[2022-05-09 10:41:20.762] [exthost] [warning] [Decorations] CAPPING events from decorations provider vscode.git 1804
[2022-05-09 10:41:25.906] [exthost] [warning] [Decorations] CAPPING events from decorations provider vscode.git 1804
[2022-05-09 10:41:31.062] [exthost] [warning] [Decorations] CAPPING events from decorations provider vscode.git 1804
[2022-05-09 10:41:36.233] [exthost] [warning] [Decorations] CAPPING events from decorations provider vscode.git 1804
[2022-05-09 10:41:41.348] [exthost] [warning] [Decorations] CAPPING events from decorations provider vscode.git 1804
[2022-05-09 10:41:46.514] [exthost] [warning] [Decorations] CAPPING events from decorations provider vscode.git 1804
[2022-05-09 10:41:51.649] [exthost] [warning] [Decorations] CAPPING events from decorations provider vscode.git 1804
[2022-05-09 10:41:56.804] [exthost] [warning] [Decorations] CAPPING events from decorations provider vscode.git 1804
[2022-05-09 10:42:01.926] [exthost] [warning] [Decorations] CAPPING events from decorations provider vscode.git 1804
[2022-05-09 10:42:07.028] [exthost] [warning] [Decorations] CAPPING events from decorations provider vscode.git 1804
[2022-05-09 10:42:12.180] [exthost] [warning] [Decorations] CAPPING events from decorations provider vscode.git 1804
[2022-05-09 10:42:17.278] [exthost] [warning] [Decorations] CAPPING events from decorations provider vscode.git 1804
[2022-05-09 10:42:22.398] [exthost] [warning] [Decorations] CAPPING events from decorations provider vscode.git 1804
[2022-05-09 10:42:27.513] [exthost] [warning] [Decorations] CAPPING events from decorations provider vscode.git 1804
[2022-05-09 10:42:32.692] [exthost] [warning] [Decorations] CAPPING events from decorations provider vscode.git 1804
[2022-05-09 10:42:37.797] [exthost] [warning] [Decorations] CAPPING events from decorations provider vscode.git 1804
[2022-05-09 10:42:42.917] [exthost] [warning] [Decorations] CAPPING events from decorations provider vscode.git 1804
[2022-05-09 10:42:48.054] [exthost] [warning] [Decorations] CAPPING events from decorations provider vscode.git 1804
[2022-05-09 10:42:53.185] [exthost] [warning] [Decorations] CAPPING events from decorations provider vscode.git 1804
[2022-05-09 10:42:58.312] [exthost] [warning] [Decorations] CAPPING events from decorations provider vscode.git 1804
[2022-05-09 10:43:03.452] [exthost] [warning] [Decorations] CAPPING events from decorations provider vscode.git 1804
[2022-05-09 10:43:08.664] [exthost] [warning] [Decorations] CAPPING events from decorations provider vscode.git 1804
[2022-05-09 10:43:13.816] [exthost] [warning] [Decorations] CAPPING events from decorations provider vscode.git 1804
[2022-05-09 10:43:19.047] [exthost] [warning] [Decorations] CAPPING events from decorations provider vscode.git 1804
[2022-05-09 10:43:24.277] [exthost] [warning] [Decorations] CAPPING events from decorations provider vscode.git 1804
[2022-05-09 10:43:29.416] [exthost] [warning] [Decorations] CAPPING events from decorations provider vscode.git 1804
[2022-05-09 10:43:34.664] [exthost] [warning] [Decorations] CAPPING events from decorations provider vscode.git 1804
[2022-05-09 10:43:39.919] [exthost] [warning] [Decorations] CAPPING events from decorations provider vscode.git 1804
[2022-05-09 10:43:45.209] [exthost] [warning] [Decorations] CAPPING events from decorations provider vscode.git 1804
[2022-05-09 10:43:50.434] [exthost] [warning] [Decorations] CAPPING events from decorations provider vscode.git 1804
[2022-05-09 10:43:55.696] [exthost] [warning] [Decorations] CAPPING events from decorations provider vscode.git 1804
[2022-05-09 10:44:00.932] [exthost] [warning] [Decorations] CAPPING events from decorations provider vscode.git 1804
[2022-05-09 10:44:06.294] [exthost] [warning] [Decorations] CAPPING events from decorations provider vscode.git 1804
[2022-05-09 10:44:11.550] [exthost] [warning] [Decorations] CAPPING events from decorations provider vscode.git 1804
[2022-05-09 10:44:18.460] [exthost] [warning] [Decorations] CAPPING events from decorations provider vscode.git 1804
[2022-05-09 10:44:23.626] [exthost] [warning] [Decorations] CAPPING events from decorations provider vscode.git 1804
[2022-05-09 10:44:28.956] [exthost] [warning] [Decorations] CAPPING events from decorations provider vscode.git 1804
[2022-05-09 10:44:36.107] [exthost] [warning] [Decorations] CAPPING events from decorations provider vscode.git 1804
[2022-05-09 10:44:41.286] [exthost] [warning] [Decorations] CAPPING events from decorations provider vscode.git 1804
[2022-05-09 10:44:46.707] [exthost] [warning] [Decorations] CAPPING events from decorations provider vscode.git 1804
[2022-05-09 10:44:51.958] [exthost] [warning] [Decorations] CAPPING events from decorations provider vscode.git 1804
[2022-05-09 10:44:57.230] [exthost] [warning] [Decorations] CAPPING events from decorations provider vscode.git 1804
[2022-05-09 10:45:04.145] [exthost] [warning] [Decorations] CAPPING events from decorations provider vscode.git 1804
[2022-05-09 10:45:09.388] [exthost] [warning] [Decorations] CAPPING events from decorations provider vscode.git 1804
[2022-05-09 10:45:14.585] [exthost] [warning] [Decorations] CAPPING events from decorations provider vscode.git 1804
[2022-05-09 10:45:19.733] [exthost] [warning] [Decorations] CAPPING events from decorations provider vscode.git 1804
[2022-05-09 10:45:25.032] [exthost] [warning] [Decorations] CAPPING events from decorations provider vscode.git 1804
[2022-05-09 10:45:31.567] [exthost] [warning] [Decorations] CAPPING events from decorations provider vscode.git 1804
[2022-05-09 10:45:38.670] [exthost] [warning] [Decorations] CAPPING events from decorations provider vscode.git 1804
[2022-05-09 10:45:43.865] [exthost] [warning] [Decorations] CAPPING events from decorations provider vscode.git 1804
[2022-05-09 10:45:49.029] [exthost] [warning] [Decorations] CAPPING events from decorations provider vscode.git 1804
[2022-05-09 10:45:54.283] [exthost] [warning] [Decorations] CAPPING events from decorations provider vscode.git 1804
[2022-05-09 10:45:59.633] [exthost] [warning] [Decorations] CAPPING events from decorations provider vscode.git 1804
[2022-05-09 10:46:04.914] [exthost] [warning] [Decorations] CAPPING events from decorations provider vscode.git 1804
[2022-05-09 10:46:12.167] [exthost] [warning] [Decorations] CAPPING events from decorations provider vscode.git 1804
[2022-05-09 10:46:17.389] [exthost] [warning] [Decorations] CAPPING events from decorations provider vscode.git 1804
[2022-05-09 10:46:22.602] [exthost] [warning] [Decorations] CAPPING events from decorations provider vscode.git 1804
[2022-05-09 10:46:27.858] [exthost] [warning] [Decorations] CAPPING events from decorations provider vscode.git 1804
[2022-05-09 10:46:32.984] [exthost] [warning] [Decorations] CAPPING events from decorations provider vscode.git 1804
[2022-05-09 10:46:38.120] [exthost] [warning] [Decorations] CAPPING events from decorations provider vscode.git 1804
[2022-05-09 10:46:43.258] [exthost] [warning] [Decorations] CAPPING events from decorations provider vscode.git 1804
[2022-05-09 10:46:48.419] [exthost] [warning] [Decorations] CAPPING events from decorations provider vscode.git 1804
[2022-05-09 10:46:53.646] [exthost] [warning] [Decorations] CAPPING events from decorations provider vscode.git 1804
[2022-05-09 10:46:58.810] [exthost] [warning] [Decorations] CAPPING events from decorations provider vscode.git 1804
[2022-05-09 10:47:03.967] [exthost] [warning] [Decorations] CAPPING events from decorations provider vscode.git 1804
[2022-05-09 10:47:09.202] [exthost] [warning] [Decorations] CAPPING events from decorations provider vscode.git 1804
[2022-05-09 10:47:16.455] [exthost] [warning] [Decorations] CAPPING events from decorations provider vscode.git 1804
[2022-05-09 10:47:21.912] [exthost] [warning] [Decorations] CAPPING events from decorations provider vscode.git 1804
[2022-05-09 10:47:29.053] [exthost] [warning] [Decorations] CAPPING events from decorations provider vscode.git 1804
[2022-05-09 10:47:34.339] [exthost] [warning] [Decorations] CAPPING events from decorations provider vscode.git 1804
[2022-05-09 10:47:39.637] [exthost] [warning] [Decorations] CAPPING events from decorations provider vscode.git 1804
[2022-05-09 10:47:48.277] [exthost] [warning] [Decorations] CAPPING events from decorations provider vscode.git 1804
[2022-05-09 10:47:53.434] [exthost] [warning] [Decorations] CAPPING events from decorations provider vscode.git 1804
[2022-05-09 10:47:58.579] [exthost] [warning] [Decorations] CAPPING events from decorations provider vscode.git 1804
[2022-05-09 10:48:03.816] [exthost] [warning] [Decorations] CAPPING events from decorations provider vscode.git 1804
[2022-05-09 10:48:08.962] [exthost] [warning] [Decorations] CAPPING events from decorations provider vscode.git 1804
[2022-05-09 10:48:14.086] [exthost] [warning] [Decorations] CAPPING events from decorations provider vscode.git 1804
[2022-05-09 10:48:19.210] [exthost] [warning] [Decorations] CAPPING events from decorations provider vscode.git 1804
[2022-05-09 10:48:24.341] [exthost] [warning] [Decorations] CAPPING events from decorations provider vscode.git 1804
[2022-05-09 10:48:29.471] [exthost] [warning] [Decorations] CAPPING events from decorations provider vscode.git 1804
[2022-05-09 10:48:34.696] [exthost] [warning] [Decorations] CAPPING events from decorations provider vscode.git 1804
[2022-05-09 10:48:39.909] [exthost] [warning] [Decorations] CAPPING events from decorations provider vscode.git 1804
[2022-05-09 10:48:45.032] [exthost] [warning] [Decorations] CAPPING events from decorations provider vscode.git 1804
[2022-05-09 10:48:50.155] [exthost] [warning] [Decorations] CAPPING events from decorations provider vscode.git 1804
[2022-05-09 10:48:55.461] [exthost] [warning] [Decorations] CAPPING events from decorations provider vscode.git 1804
[2022-05-09 10:49:00.605] [exthost] [warning] [Decorations] CAPPING events from decorations provider vscode.git 1804
[2022-05-09 10:49:05.859] [exthost] [warning] [Decorations] CAPPING events from decorations provider vscode.git 1804
[2022-05-09 10:49:12.466] [exthost] [warning] [Decorations] CAPPING events from decorations provider vscode.git 1804
[2022-05-09 10:49:17.588] [exthost] [warning] [Decorations] CAPPING events from decorations provider vscode.git 1804
[2022-05-09 10:49:22.713] [exthost] [warning] [Decorations] CAPPING events from decorations provider vscode.git 1804
[2022-05-09 10:49:27.860] [exthost] [warning] [Decorations] CAPPING events from decorations provider vscode.git 1804
[2022-05-09 10:49:32.974] [exthost] [warning] [Decorations] CAPPING events from decorations provider vscode.git 1804
[2022-05-09 10:49:38.098] [exthost] [warning] [Decorations] CAPPING events from decorations provider vscode.git 1804
[2022-05-09 10:49:43.215] [exthost] [warning] [Decorations] CAPPING events from decorations provider vscode.git 1804
[2022-05-09 10:49:48.329] [exthost] [warning] [Decorations] CAPPING events from decorations provider vscode.git 1804
[2022-05-09 10:49:53.477] [exthost] [warning] [Decorations] CAPPING events from decorations provider vscode.git 1804
[2022-05-09 10:49:58.599] [exthost] [warning] [Decorations] CAPPING events from decorations provider vscode.git 1804
[2022-05-09 10:50:03.804] [exthost] [warning] [Decorations] CAPPING events from decorations provider vscode.git 1804
[2022-05-09 10:50:08.928] [exthost] [warning] [Decorations] CAPPING events from decorations provider vscode.git 1804
[2022-05-09 10:50:14.053] [exthost] [warning] [Decorations] CAPPING events from decorations provider vscode.git 1804
[2022-05-09 10:50:19.247] [exthost] [warning] [Decorations] CAPPING events from decorations provider vscode.git 1804
[2022-05-09 10:50:24.477] [exthost] [warning] [Decorations] CAPPING events from decorations provider vscode.git 1804
[2022-05-09 10:50:29.594] [exthost] [warning] [Decorations] CAPPING events from decorations provider vscode.git 1804
[2022-05-09 10:50:34.739] [exthost] [warning] [Decorations] CAPPING events from decorations provider vscode.git 1804
[2022-05-09 10:50:39.881] [exthost] [warning] [Decorations] CAPPING events from decorations provider vscode.git 1804
[2022-05-09 10:50:44.998] [exthost] [warning] [Decorations] CAPPING events from decorations provider vscode.git 1804
[2022-05-09 10:50:50.113] [exthost] [warning] [Decorations] CAPPING events from decorations provider vscode.git 1804
[2022-05-09 10:50:55.240] [exthost] [warning] [Decorations] CAPPING events from decorations provider vscode.git 1804
[2022-05-09 10:51:00.381] [exthost] [warning] [Decorations] CAPPING events from decorations provider vscode.git 1804
[2022-05-09 10:51:05.646] [exthost] [warning] [Decorations] CAPPING events from decorations provider vscode.git 1804
[2022-05-09 10:51:10.851] [exthost] [warning] [Decorations] CAPPING events from decorations provider vscode.git 1804
[2022-05-09 10:51:16.089] [exthost] [warning] [Decorations] CAPPING events from decorations provider vscode.git 1804
[2022-05-09 10:51:21.210] [exthost] [warning] [Decorations] CAPPING events from decorations provider vscode.git 1804
[2022-05-09 10:51:26.342] [exthost] [warning] [Decorations] CAPPING events from decorations provider vscode.git 1804
[2022-05-09 10:51:31.480] [exthost] [warning] [Decorations] CAPPING events from decorations provider vscode.git 1804
[2022-05-09 10:51:36.646] [exthost] [warning] [Decorations] CAPPING events from decorations provider vscode.git 1804
[2022-05-09 10:51:41.776] [exthost] [warning] [Decorations] CAPPING events from decorations provider vscode.git 1804
[2022-05-09 10:51:46.900] [exthost] [warning] [Decorations] CAPPING events from decorations provider vscode.git 1804
[2022-05-09 10:51:52.015] [exthost] [warning] [Decorations] CAPPING events from decorations provider vscode.git 1804
[2022-05-09 10:51:57.122] [exthost] [warning] [Decorations] CAPPING events from decorations provider vscode.git 1804
[2022-05-09 10:52:02.231] [exthost] [warning] [Decorations] CAPPING events from decorations provider vscode.git 1804
[2022-05-09 10:52:07.348] [exthost] [warning] [Decorations] CAPPING events from decorations provider vscode.git 1804
[2022-05-09 10:52:12.456] [exthost] [warning] [Decorations] CAPPING events from decorations provider vscode.git 1804
[2022-05-09 10:52:17.563] [exthost] [warning] [Decorations] CAPPING events from decorations provider vscode.git 1804
[2022-05-09 10:52:22.676] [exthost] [warning] [Decorations] CAPPING events from decorations provider vscode.git 1804
[2022-05-09 10:52:27.785] [exthost] [warning] [Decorations] CAPPING events from decorations provider vscode.git 1804
[2022-05-09 10:52:32.900] [exthost] [warning] [Decorations] CAPPING events from decorations provider vscode.git 1804
[2022-05-09 10:52:38.010] [exthost] [warning] [Decorations] CAPPING events from decorations provider vscode.git 1804
[2022-05-09 10:52:43.136] [exthost] [warning] [Decorations] CAPPING events from decorations provider vscode.git 1804
[2022-05-09 10:52:48.240] [exthost] [warning] [Decorations] CAPPING events from decorations provider vscode.git 1804
[2022-05-09 10:52:53.345] [exthost] [warning] [Decorations] CAPPING events from decorations provider vscode.git 1804
[2022-05-09 10:52:58.455] [exthost] [warning] [Decorations] CAPPING events from decorations provider vscode.git 1804
[2022-05-09 10:53:03.577] [exthost] [warning] [Decorations] CAPPING events from decorations provider vscode.git 1804
[2022-05-09 10:53:08.697] [exthost] [warning] [Decorations] CAPPING events from decorations provider vscode.git 1804
[2022-05-09 10:53:13.817] [exthost] [warning] [Decorations] CAPPING events from decorations provider vscode.git 1804
[2022-05-09 10:53:18.923] [exthost] [warning] [Decorations] CAPPING events from decorations provider vscode.git 1804
[2022-05-09 10:53:24.051] [exthost] [warning] [Decorations] CAPPING events from decorations provider vscode.git 1804
[2022-05-09 10:53:29.232] [exthost] [warning] [Decorations] CAPPING events from decorations provider vscode.git 1804
[2022-05-09 10:53:34.485] [exthost] [warning] [Decorations] CAPPING events from decorations provider vscode.git 1804
[2022-05-09 10:53:39.633] [exthost] [warning] [Decorations] CAPPING events from decorations provider vscode.git 1804
[2022-05-09 10:53:44.765] [exthost] [warning] [Decorations] CAPPING events from decorations provider vscode.git 1804
[2022-05-09 10:53:49.883] [exthost] [warning] [Decorations] CAPPING events from decorations provider vscode.git 1804
[2022-05-09 10:53:55.181] [exthost] [warning] [Decorations] CAPPING events from decorations provider vscode.git 1804
[2022-05-09 10:54:02.244] [exthost] [warning] [Decorations] CAPPING events from decorations provider vscode.git 1804
[2022-05-09 10:54:07.453] [exthost] [warning] [Decorations] CAPPING events from decorations provider vscode.git 1804
[2022-05-09 10:54:12.594] [exthost] [warning] [Decorations] CAPPING events from decorations provider vscode.git 1804
[2022-05-09 10:54:17.728] [exthost] [warning] [Decorations] CAPPING events from decorations provider vscode.git 1804
[2022-05-09 10:54:23.121] [exthost] [warning] [Decorations] CAPPING events from decorations provider vscode.git 1804
[2022-05-09 10:54:28.387] [exthost] [warning] [Decorations] CAPPING events from decorations provider vscode.git 1804
[2022-05-09 10:54:33.630] [exthost] [warning] [Decorations] CAPPING events from decorations provider vscode.git 1804
[2022-05-09 10:54:38.888] [exthost] [warning] [Decorations] CAPPING events from decorations provider vscode.git 1804
[2022-05-09 10:54:44.109] [exthost] [warning] [Decorations] CAPPING events from decorations provider vscode.git 1804
[2022-05-09 10:54:49.359] [exthost] [warning] [Decorations] CAPPING events from decorations provider vscode.git 1804
[2022-05-09 10:54:54.650] [exthost] [warning] [Decorations] CAPPING events from decorations provider vscode.git 1804
[2022-05-09 10:55:02.356] [exthost] [warning] [Decorations] CAPPING events from decorations provider vscode.git 1804
[2022-05-09 10:55:07.632] [exthost] [warning] [Decorations] CAPPING events from decorations provider vscode.git 1804
[2022-05-09 10:55:12.791] [exthost] [warning] [Decorations] CAPPING events from decorations provider vscode.git 1804
[2022-05-09 10:55:18.071] [exthost] [warning] [Decorations] CAPPING events from decorations provider vscode.git 1804
[2022-05-09 10:55:24.389] [exthost] [warning] [Decorations] CAPPING events from decorations provider vscode.git 1804
[2022-05-09 10:55:29.600] [exthost] [warning] [Decorations] CAPPING events from decorations provider vscode.git 1804
[2022-05-09 10:55:34.818] [exthost] [warning] [Decorations] CAPPING events from decorations provider vscode.git 1804
[2022-05-09 10:55:39.995] [exthost] [warning] [Decorations] CAPPING events from decorations provider vscode.git 1804
[2022-05-09 11:01:12.556] [exthost] [warning] [Decorations] CAPPING events from decorations provider vscode.git 1804
[2022-05-09 11:01:17.819] [exthost] [warning] [Decorations] CAPPING events from decorations provider vscode.git 1804
[2022-05-09 11:01:23.007] [exthost] [warning] [Decorations] CAPPING events from decorations provider vscode.git 1804
[2022-05-09 11:01:28.218] [exthost] [warning] [Decorations] CAPPING events from decorations provider vscode.git 1804
[2022-05-09 11:01:33.433] [exthost] [warning] [Decorations] CAPPING events from decorations provider vscode.git 1804
[2022-05-09 11:01:38.578] [exthost] [warning] [Decorations] CAPPING events from decorations provider vscode.git 1804
[2022-05-09 11:01:43.993] [exthost] [warning] [Decorations] CAPPING events from decorations provider vscode.git 1804
[2022-05-09 11:01:49.696] [exthost] [warning] [Decorations] CAPPING events from decorations provider vscode.git 1804
[2022-05-09 11:01:54.865] [exthost] [warning] [Decorations] CAPPING events from decorations provider vscode.git 1804
[2022-05-09 11:02:00.243] [exthost] [warning] [Decorations] CAPPING events from decorations provider vscode.git 1804
[2022-05-09 11:02:05.384] [exthost] [warning] [Decorations] CAPPING events from decorations provider vscode.git 1804
[2022-05-09 11:02:11.216] [exthost] [warning] [Decorations] CAPPING events from decorations provider vscode.git 1804
[2022-05-09 11:02:17.209] [exthost] [warning] [Decorations] CAPPING events from decorations provider vscode.git 1804
