Validating found git in: git
Using git 2.25.1 from git
Opening repository for path='/bin' failed; ex=Failed to execute git {
  "exitCode": 128,
  "gitErrorCode": "NotAGitRepository",
  "gitCommand": "rev-parse",
  "stdout": "",
  "stderr": "fatal: not a git repository (or any of the parent directories): .git\n"
}
Opening repository for path='/bin/2to3-2.7' failed; ex=Error: spawn ENOTDIR
Opening repository for path='/bin/GET' failed; ex=Error: spawn ENOTDIR
Opening repository for path='/bin/HEAD' failed; ex=Error: spawn ENOTDIR
Opening repository for path='/bin/JSONStream' failed; ex=Error: spawn ENOTDIR
Opening repository for path='/bin/POST' failed; ex=Error: spawn ENOTDIR
Opening repository for path='/bin/X11' failed; ex=Failed to execute git {
  "exitCode": 128,
  "gitErrorCode": "NotAGitRepository",
  "gitCommand": "rev-parse",
  "stdout": "",
  "stderr": "fatal: not a git repository (or any of the parent directories): .git\n"
}
Opening repository for path='/bin/[' failed; ex=Error: spawn ENOTDIR
Opening repository for path='/bin/aclocal' failed; ex=Error: spawn ENOTDIR
Opening repository for path='/bin/aclocal-1.16' failed; ex=Error: spawn ENOTDIR
Opening repository for path='/bin/addpart' failed; ex=Error: spawn ENOTDIR
Opening repository for path='/bin/addr2line' failed; ex=Error: spawn ENOTDIR
Opening repository for path='/bin/ag' failed; ex=Error: spawn ENOTDIR
Opening repository for path='/bin/appres' failed; ex=Error: spawn ENOTDIR
Opening repository for path='/bin/apt' failed; ex=Error: spawn ENOTDIR
Opening repository for path='/bin/apt-cache' failed; ex=Error: spawn ENOTDIR
Opening repository for path='/bin/apt-cdrom' failed; ex=Error: spawn ENOTDIR
Opening repository for path='/bin/apt-config' failed; ex=Error: spawn ENOTDIR
Opening repository for path='/bin/apt-get' failed; ex=Error: spawn ENOTDIR
Opening repository for path='/bin/apt-key' failed; ex=Error: spawn ENOTDIR
Opening repository for path='/bin/apt-mark' failed; ex=Error: spawn ENOTDIR
Opening repository for path='/bin/ar' failed; ex=Error: spawn ENOTDIR
Opening repository for path='/bin/arch' failed; ex=Error: spawn ENOTDIR
Opening repository for path='/bin/as' failed; ex=Error: spawn ENOTDIR
Opening repository for path='/bin/at' failed; ex=Error: spawn ENOTDIR
Opening repository for path='/bin/atq' failed; ex=Error: spawn ENOTDIR
Opening repository for path='/bin/atrm' failed; ex=Error: spawn ENOTDIR
Opening repository for path='/bin/autoconf' failed; ex=Error: spawn ENOTDIR
Opening repository for path='/bin/autoheader' failed; ex=Error: spawn ENOTDIR
Opening repository for path='/bin/autom4te' failed; ex=Error: spawn ENOTDIR
Opening repository for path='/bin/automake' failed; ex=Error: spawn ENOTDIR
Opening repository for path='/bin/automake-1.16' failed; ex=Error: spawn ENOTDIR
Opening repository for path='/bin/autoreconf' failed; ex=Error: spawn ENOTDIR
Opening repository for path='/bin/autoscan' failed; ex=Error: spawn ENOTDIR
Opening repository for path='/bin/autoupdate' failed; ex=Error: spawn ENOTDIR
Opening repository for path='/bin/awk' failed; ex=Error: spawn ENOTDIR
Opening repository for path='/bin/b2' failed; ex=Error: spawn ENOTDIR
Opening repository for path='/bin/b2sum' failed; ex=Error: spawn ENOTDIR
Opening repository for path='/bin/base32' failed; ex=Error: spawn ENOTDIR
Opening repository for path='/bin/base64' failed; ex=Error: spawn ENOTDIR
Opening repository for path='/bin/basename' failed; ex=Error: spawn ENOTDIR
Opening repository for path='/bin/bash' failed; ex=Error: spawn ENOTDIR
Opening repository for path='/bin/bashbug' failed; ex=Error: spawn ENOTDIR
Opening repository for path='/bin/batch' failed; ex=Error: spawn ENOTDIR
Opening repository for path='/bin/bcp' failed; ex=Error: spawn ENOTDIR
Opening repository for path='/bin/bison' failed; ex=Error: spawn ENOTDIR
Opening repository for path='/bin/bison.yacc' failed; ex=Error: spawn ENOTDIR
Opening repository for path='/bin/bjam' failed; ex=Error: spawn ENOTDIR
Opening repository for path='/bin/bootctl' failed; ex=Error: spawn ENOTDIR
Opening repository for path='/bin/browse' failed; ex=Error: spawn ENOTDIR
Opening repository for path='/bin/bunzip2' failed; ex=Error: spawn ENOTDIR
Opening repository for path='/bin/busctl' failed; ex=Error: spawn ENOTDIR
Opening repository for path='/bin/bzcat' failed; ex=Error: spawn ENOTDIR
Opening repository for path='/bin/bzcmp' failed; ex=Error: spawn ENOTDIR
Opening repository for path='/bin/bzdiff' failed; ex=Error: spawn ENOTDIR
Opening repository for path='/bin/bzegrep' failed; ex=Error: spawn ENOTDIR
Opening repository for path='/bin/bzexe' failed; ex=Error: spawn ENOTDIR
Opening repository for path='/bin/bzfgrep' failed; ex=Error: spawn ENOTDIR
Opening repository for path='/bin/bzgrep' failed; ex=Error: spawn ENOTDIR
Opening repository for path='/bin/bzip2' failed; ex=Error: spawn ENOTDIR
Opening repository for path='/bin/bzip2recover' failed; ex=Error: spawn ENOTDIR
Opening repository for path='/bin/bzless' failed; ex=Error: spawn ENOTDIR
Opening repository for path='/bin/bzmore' failed; ex=Error: spawn ENOTDIR
Opening repository for path='/bin/c++' failed; ex=Error: spawn ENOTDIR
Opening repository for path='/bin/c++filt' failed; ex=Error: spawn ENOTDIR
Opening repository for path='/bin/c89' failed; ex=Error: spawn ENOTDIR
Opening repository for path='/bin/c89-gcc' failed; ex=Error: spawn ENOTDIR
Opening repository for path='/bin/c99' failed; ex=Error: spawn ENOTDIR
Opening repository for path='/bin/c99-gcc' failed; ex=Error: spawn ENOTDIR
Opening repository for path='/bin/c_rehash' failed; ex=Error: spawn ENOTDIR
Opening repository for path='/bin/captoinfo' failed; ex=Error: spawn ENOTDIR
Opening repository for path='/bin/cat' failed; ex=Error: spawn ENOTDIR
Opening repository for path='/bin/catchsegv' failed; ex=Error: spawn ENOTDIR
Opening repository for path='/bin/cautious-launcher' failed; ex=Error: spawn ENOTDIR
Opening repository for path='/bin/cc' failed; ex=Error: spawn ENOTDIR
Opening repository for path='/bin/chage' failed; ex=Error: spawn ENOTDIR
Opening repository for path='/bin/chardet3' failed; ex=Error: spawn ENOTDIR
Opening repository for path='/bin/chardetect3' failed; ex=Error: spawn ENOTDIR
Opening repository for path='/bin/chattr' failed; ex=Error: spawn ENOTDIR
Opening repository for path='/bin/chcon' failed; ex=Error: spawn ENOTDIR
Opening repository for path='/bin/chfn' failed; ex=Error: spawn ENOTDIR
Opening repository for path='/bin/chgrp' failed; ex=Error: spawn ENOTDIR
Opening repository for path='/bin/chmod' failed; ex=Error: spawn ENOTDIR
Opening repository for path='/bin/choom' failed; ex=Error: spawn ENOTDIR
Opening repository for path='/bin/chown' failed; ex=Error: spawn ENOTDIR
Opening repository for path='/bin/chrt' failed; ex=Error: spawn ENOTDIR
Opening repository for path='/bin/chsh' failed; ex=Error: spawn ENOTDIR
Opening repository for path='/bin/cksum' failed; ex=Error: spawn ENOTDIR
Opening repository for path='/bin/clear' failed; ex=Error: spawn ENOTDIR
Opening repository for path='/bin/clear_console' failed; ex=Error: spawn ENOTDIR
Opening repository for path='/bin/cmp' failed; ex=Error: spawn ENOTDIR
Opening repository for path='/bin/comm' failed; ex=Error: spawn ENOTDIR
Opening repository for path='/bin/compose' failed; ex=Error: spawn ENOTDIR
Opening repository for path='/bin/corelist' failed; ex=Error: spawn ENOTDIR
Opening repository for path='/bin/cp' failed; ex=Error: spawn ENOTDIR
Opening repository for path='/bin/cpan' failed; ex=Error: spawn ENOTDIR
Opening repository for path='/bin/cpan5.30-x86_64-linux-gnu' failed; ex=Error: spawn ENOTDIR
Opening repository for path='/bin/cpp' failed; ex=Error: spawn ENOTDIR
Opening repository for path='/bin/cpp-8' failed; ex=Error: spawn ENOTDIR
Opening repository for path='/bin/cpp-9' failed; ex=Error: spawn ENOTDIR
Opening repository for path='/bin/crontab' failed; ex=Error: spawn ENOTDIR
Opening repository for path='/bin/csplit' failed; ex=Error: spawn ENOTDIR
Opening repository for path='/bin/ctstat' failed; ex=Error: spawn ENOTDIR
Opening repository for path='/bin/cut' failed; ex=Error: spawn ENOTDIR
Opening repository for path='/bin/cvtsudoers' failed; ex=Error: spawn ENOTDIR
Opening repository for path='/bin/dash' failed; ex=Error: spawn ENOTDIR
Opening repository for path='/bin/date' failed; ex=Error: spawn ENOTDIR
Opening repository for path='/bin/dbus-cleanup-sockets' failed; ex=Error: spawn ENOTDIR
Opening repository for path='/bin/dbus-daemon' failed; ex=Error: spawn ENOTDIR
Opening repository for path='/bin/dbus-monitor' failed; ex=Error: spawn ENOTDIR
Opening repository for path='/bin/dbus-run-session' failed; ex=Error: spawn ENOTDIR
Opening repository for path='/bin/dbus-send' failed; ex=Error: spawn ENOTDIR
Opening repository for path='/bin/dbus-update-activation-environment' failed; ex=Error: spawn ENOTDIR
Opening repository for path='/bin/dbus-uuidgen' failed; ex=Error: spawn ENOTDIR
Opening repository for path='/bin/dd' failed; ex=Error: spawn ENOTDIR
Opening repository for path='/bin/deb-systemd-helper' failed; ex=Error: spawn ENOTDIR
Opening repository for path='/bin/deb-systemd-invoke' failed; ex=Error: spawn ENOTDIR
Opening repository for path='/bin/debconf' failed; ex=Error: spawn ENOTDIR
Opening repository for path='/bin/debconf-apt-progress' failed; ex=Error: spawn ENOTDIR
Opening repository for path='/bin/debconf-communicate' failed; ex=Error: spawn ENOTDIR
Opening repository for path='/bin/debconf-copydb' failed; ex=Error: spawn ENOTDIR
Opening repository for path='/bin/debconf-escape' failed; ex=Error: spawn ENOTDIR
Opening repository for path='/bin/debconf-set-selections' failed; ex=Error: spawn ENOTDIR
Opening repository for path='/bin/debconf-show' failed; ex=Error: spawn ENOTDIR
Opening repository for path='/bin/delpart' failed; ex=Error: spawn ENOTDIR
Opening repository for path='/bin/derb' failed; ex=Error: spawn ENOTDIR
Opening repository for path='/bin/df' failed; ex=Error: spawn ENOTDIR
Opening repository for path='/bin/dh_autotools-dev_restoreconfig' failed; ex=Error: spawn ENOTDIR
Opening repository for path='/bin/dh_autotools-dev_updateconfig' failed; ex=Error: spawn ENOTDIR
Opening repository for path='/bin/dh_perl_openssl' failed; ex=Error: spawn ENOTDIR
Opening repository for path='/bin/dh_python2' failed; ex=Error: spawn ENOTDIR
Opening repository for path='/bin/diff' failed; ex=Error: spawn ENOTDIR
Opening repository for path='/bin/diff3' failed; ex=Error: spawn ENOTDIR
Opening repository for path='/bin/dir' failed; ex=Error: spawn ENOTDIR
Opening repository for path='/bin/dircolors' failed; ex=Error: spawn ENOTDIR
Opening repository for path='/bin/dirmngr' failed; ex=Error: spawn ENOTDIR
Opening repository for path='/bin/dirmngr-client' failed; ex=Error: spawn ENOTDIR
Opening repository for path='/bin/dirname' failed; ex=Error: spawn ENOTDIR
Opening repository for path='/bin/dmesg' failed; ex=Error: spawn ENOTDIR
Opening repository for path='/bin/dnsdomainname' failed; ex=Error: spawn ENOTDIR
Opening repository for path='/bin/domainname' failed; ex=Error: spawn ENOTDIR
Opening repository for path='/bin/dpkg' failed; ex=Error: spawn ENOTDIR
Opening repository for path='/bin/dpkg-architecture' failed; ex=Error: spawn ENOTDIR
Opening repository for path='/bin/dpkg-buildflags' failed; ex=Error: spawn ENOTDIR
Opening repository for path='/bin/dpkg-buildpackage' failed; ex=Error: spawn ENOTDIR
Opening repository for path='/bin/dpkg-checkbuilddeps' failed; ex=Error: spawn ENOTDIR
Opening repository for path='/bin/dpkg-deb' failed; ex=Error: spawn ENOTDIR
Opening repository for path='/bin/dpkg-distaddfile' failed; ex=Error: spawn ENOTDIR
Opening repository for path='/bin/dpkg-divert' failed; ex=Error: spawn ENOTDIR
Opening repository for path='/bin/dpkg-genbuildinfo' failed; ex=Error: spawn ENOTDIR
Opening repository for path='/bin/dpkg-genchanges' failed; ex=Error: spawn ENOTDIR
Opening repository for path='/bin/dpkg-gencontrol' failed; ex=Error: spawn ENOTDIR
Opening repository for path='/bin/dpkg-gensymbols' failed; ex=Error: spawn ENOTDIR
Opening repository for path='/bin/dpkg-maintscript-helper' failed; ex=Error: spawn ENOTDIR
Opening repository for path='/bin/dpkg-mergechangelogs' failed; ex=Error: spawn ENOTDIR
Opening repository for path='/bin/dpkg-name' failed; ex=Error: spawn ENOTDIR
Opening repository for path='/bin/dpkg-parsechangelog' failed; ex=Error: spawn ENOTDIR
Opening repository for path='/bin/dpkg-query' failed; ex=Error: spawn ENOTDIR
Opening repository for path='/bin/dpkg-scanpackages' failed; ex=Error: spawn ENOTDIR
Opening repository for path='/bin/dpkg-scansources' failed; ex=Error: spawn ENOTDIR
Opening repository for path='/bin/dpkg-shlibdeps' failed; ex=Error: spawn ENOTDIR
Opening repository for path='/bin/dpkg-source' failed; ex=Error: spawn ENOTDIR
Opening repository for path='/bin/dpkg-split' failed; ex=Error: spawn ENOTDIR
Opening repository for path='/bin/dpkg-statoverride' failed; ex=Error: spawn ENOTDIR
Opening repository for path='/bin/dpkg-trigger' failed; ex=Error: spawn ENOTDIR
Opening repository for path='/bin/dpkg-vendor' failed; ex=Error: spawn ENOTDIR
Opening repository for path='/bin/du' failed; ex=Error: spawn ENOTDIR
Opening repository for path='/bin/dwp' failed; ex=Error: spawn ENOTDIR
Opening repository for path='/bin/echo' failed; ex=Error: spawn ENOTDIR
Opening repository for path='/bin/edit' failed; ex=Error: spawn ENOTDIR
Opening repository for path='/bin/editor' failed; ex=Error: spawn ENOTDIR
Opening repository for path='/bin/editres' failed; ex=Error: spawn ENOTDIR
Opening repository for path='/bin/egrep' failed; ex=Error: spawn ENOTDIR
Opening repository for path='/bin/elfedit' failed; ex=Error: spawn ENOTDIR
Opening repository for path='/bin/enc2xs' failed; ex=Error: spawn ENOTDIR
Opening repository for path='/bin/encguess' failed; ex=Error: spawn ENOTDIR
Opening repository for path='/bin/env' failed; ex=Error: spawn ENOTDIR
Opening repository for path='/bin/ex' failed; ex=Error: spawn ENOTDIR
Opening repository for path='/bin/expand' failed; ex=Error: spawn ENOTDIR
Opening repository for path='/bin/expiry' failed; ex=Error: spawn ENOTDIR
Opening repository for path='/bin/expr' failed; ex=Error: spawn ENOTDIR
Opening repository for path='/bin/f77' failed; ex=Error: spawn ENOTDIR
Opening repository for path='/bin/f95' failed; ex=Error: spawn ENOTDIR
Opening repository for path='/bin/factor' failed; ex=Error: spawn ENOTDIR
Opening repository for path='/bin/faillog' failed; ex=Error: spawn ENOTDIR
Opening repository for path='/bin/faked-sysv' failed; ex=Error: spawn ENOTDIR
Opening repository for path='/bin/faked-tcp' failed; ex=Error: spawn ENOTDIR
Opening repository for path='/bin/fakeroot' failed; ex=Error: spawn ENOTDIR
Opening repository for path='/bin/fakeroot-sysv' failed; ex=Error: spawn ENOTDIR
Opening repository for path='/bin/fakeroot-tcp' failed; ex=Error: spawn ENOTDIR
Opening repository for path='/bin/fallocate' failed; ex=Error: spawn ENOTDIR
Opening repository for path='/bin/false' failed; ex=Error: spawn ENOTDIR
Opening repository for path='/bin/fgrep' failed; ex=Error: spawn ENOTDIR
Opening repository for path='/bin/file' failed; ex=Error: spawn ENOTDIR
Opening repository for path='/bin/fincore' failed; ex=Error: spawn ENOTDIR
Opening repository for path='/bin/find' failed; ex=Error: spawn ENOTDIR
Opening repository for path='/bin/findmnt' failed; ex=Error: spawn ENOTDIR
Opening repository for path='/bin/flex' failed; ex=Error: spawn ENOTDIR
Opening repository for path='/bin/flex++' failed; ex=Error: spawn ENOTDIR
Opening repository for path='/bin/flock' failed; ex=Error: spawn ENOTDIR
Opening repository for path='/bin/fmt' failed; ex=Error: spawn ENOTDIR
Opening repository for path='/bin/fold' failed; ex=Error: spawn ENOTDIR
Opening repository for path='/bin/free' failed; ex=Error: spawn ENOTDIR
Opening repository for path='/bin/g++' failed; ex=Error: spawn ENOTDIR
Opening repository for path='/bin/g++-9' failed; ex=Error: spawn ENOTDIR
Opening repository for path='/bin/gcc' failed; ex=Error: spawn ENOTDIR
Opening repository for path='/bin/gcc-8' failed; ex=Error: spawn ENOTDIR
Opening repository for path='/bin/gcc-9' failed; ex=Error: spawn ENOTDIR
Opening repository for path='/bin/gcc-ar' failed; ex=Error: spawn ENOTDIR
Opening repository for path='/bin/gcc-ar-8' failed; ex=Error: spawn ENOTDIR
Opening repository for path='/bin/gcc-ar-9' failed; ex=Error: spawn ENOTDIR
Opening repository for path='/bin/gcc-nm' failed; ex=Error: spawn ENOTDIR
Opening repository for path='/bin/gcc-nm-8' failed; ex=Error: spawn ENOTDIR
Opening repository for path='/bin/gcc-nm-9' failed; ex=Error: spawn ENOTDIR
Opening repository for path='/bin/gcc-ranlib' failed; ex=Error: spawn ENOTDIR
Opening repository for path='/bin/gcc-ranlib-8' failed; ex=Error: spawn ENOTDIR
Opening repository for path='/bin/gcc-ranlib-9' failed; ex=Error: spawn ENOTDIR
Opening repository for path='/bin/gcov' failed; ex=Error: spawn ENOTDIR
Opening repository for path='/bin/gcov-8' failed; ex=Error: spawn ENOTDIR
Opening repository for path='/bin/gcov-9' failed; ex=Error: spawn ENOTDIR
Opening repository for path='/bin/gcov-dump' failed; ex=Error: spawn ENOTDIR
Opening repository for path='/bin/gcov-dump-8' failed; ex=Error: spawn ENOTDIR
Opening repository for path='/bin/gcov-dump-9' failed; ex=Error: spawn ENOTDIR
Opening repository for path='/bin/gcov-tool' failed; ex=Error: spawn ENOTDIR
Opening repository for path='/bin/gcov-tool-8' failed; ex=Error: spawn ENOTDIR
Opening repository for path='/bin/gcov-tool-9' failed; ex=Error: spawn ENOTDIR
Opening repository for path='/bin/genbrk' failed; ex=Error: spawn ENOTDIR
Opening repository for path='/bin/gencat' failed; ex=Error: spawn ENOTDIR
Opening repository for path='/bin/gencfu' failed; ex=Error: spawn ENOTDIR
Opening repository for path='/bin/gencnval' failed; ex=Error: spawn ENOTDIR
Opening repository for path='/bin/gendict' failed; ex=Error: spawn ENOTDIR
Opening repository for path='/bin/genrb' failed; ex=Error: spawn ENOTDIR
Opening repository for path='/bin/getconf' failed; ex=Error: spawn ENOTDIR
Opening repository for path='/bin/getent' failed; ex=Error: spawn ENOTDIR
Opening repository for path='/bin/getopt' failed; ex=Error: spawn ENOTDIR
Opening repository for path='/bin/gfortran' failed; ex=Error: spawn ENOTDIR
Opening repository for path='/bin/gfortran-8' failed; ex=Error: spawn ENOTDIR
Opening repository for path='/bin/gfortran-9' failed; ex=Error: spawn ENOTDIR
Opening repository for path='/bin/git' failed; ex=Error: spawn ENOTDIR
Opening repository for path='/bin/git-receive-pack' failed; ex=Error: spawn ENOTDIR
Opening repository for path='/bin/git-shell' failed; ex=Error: spawn ENOTDIR
Opening repository for path='/bin/git-upload-archive' failed; ex=Error: spawn ENOTDIR
Opening repository for path='/bin/git-upload-pack' failed; ex=Error: spawn ENOTDIR
Opening repository for path='/bin/gold' failed; ex=Error: spawn ENOTDIR
Opening repository for path='/bin/gpasswd' failed; ex=Error: spawn ENOTDIR
Opening repository for path='/bin/gpg' failed; ex=Error: spawn ENOTDIR
Opening repository for path='/bin/gpg-agent' failed; ex=Error: spawn ENOTDIR
Opening repository for path='/bin/gpg-connect-agent' failed; ex=Error: spawn ENOTDIR
Opening repository for path='/bin/gpg-wks-server' failed; ex=Error: spawn ENOTDIR
Opening repository for path='/bin/gpg-zip' failed; ex=Error: spawn ENOTDIR
Opening repository for path='/bin/gpgcompose' failed; ex=Error: spawn ENOTDIR
Opening repository for path='/bin/gpgconf' failed; ex=Error: spawn ENOTDIR
Opening repository for path='/bin/gpgparsemail' failed; ex=Error: spawn ENOTDIR
Opening repository for path='/bin/gpgsm' failed; ex=Error: spawn ENOTDIR
Opening repository for path='/bin/gpgsplit' failed; ex=Error: spawn ENOTDIR
Opening repository for path='/bin/gpgtar' failed; ex=Error: spawn ENOTDIR
Opening repository for path='/bin/gpgv' failed; ex=Error: spawn ENOTDIR
Opening repository for path='/bin/gprof' failed; ex=Error: spawn ENOTDIR
Opening repository for path='/bin/grep' failed; ex=Error: spawn ENOTDIR
Opening repository for path='/bin/groups' failed; ex=Error: spawn ENOTDIR
Opening repository for path='/bin/gunzip' failed; ex=Error: spawn ENOTDIR
Opening repository for path='/bin/gyp' failed; ex=Error: spawn ENOTDIR
Opening repository for path='/bin/gzexe' failed; ex=Error: spawn ENOTDIR
Opening repository for path='/bin/gzip' failed; ex=Error: spawn ENOTDIR
Opening repository for path='/bin/h2ph' failed; ex=Error: spawn ENOTDIR
Opening repository for path='/bin/h2xs' failed; ex=Error: spawn ENOTDIR
Opening repository for path='/bin/head' failed; ex=Error: spawn ENOTDIR
Opening repository for path='/bin/helpztags' failed; ex=Error: spawn ENOTDIR
Opening repository for path='/bin/hostid' failed; ex=Error: spawn ENOTDIR
Opening repository for path='/bin/hostname' failed; ex=Error: spawn ENOTDIR
Opening repository for path='/bin/hostnamectl' failed; ex=Error: spawn ENOTDIR
Opening repository for path='/bin/i386' failed; ex=Error: spawn ENOTDIR
Opening repository for path='/bin/iceauth' failed; ex=Error: spawn ENOTDIR
Opening repository for path='/bin/iconv' failed; ex=Error: spawn ENOTDIR
Opening repository for path='/bin/icuinfo' failed; ex=Error: spawn ENOTDIR
Opening repository for path='/bin/id' failed; ex=Error: spawn ENOTDIR
Opening repository for path='/bin/ifnames' failed; ex=Error: spawn ENOTDIR
Opening repository for path='/bin/infocmp' failed; ex=Error: spawn ENOTDIR
Opening repository for path='/bin/infotocap' failed; ex=Error: spawn ENOTDIR
Opening repository for path='/bin/inspect' failed; ex=Error: spawn ENOTDIR
Opening repository for path='/bin/install' failed; ex=Error: spawn ENOTDIR
Opening repository for path='/bin/instmodsh' failed; ex=Error: spawn ENOTDIR
Opening repository for path='/bin/ionice' failed; ex=Error: spawn ENOTDIR
Opening repository for path='/bin/ip' failed; ex=Error: spawn ENOTDIR
Opening repository for path='/bin/ipcmk' failed; ex=Error: spawn ENOTDIR
Opening repository for path='/bin/ipcrm' failed; ex=Error: spawn ENOTDIR
Opening repository for path='/bin/ipcs' failed; ex=Error: spawn ENOTDIR
Opening repository for path='/bin/ipython3' failed; ex=Error: spawn ENOTDIR
Opening repository for path='/bin/ischroot' failed; ex=Error: spawn ENOTDIR
Opening repository for path='/bin/join' failed; ex=Error: spawn ENOTDIR
Opening repository for path='/bin/journalctl' failed; ex=Error: spawn ENOTDIR
Opening repository for path='/bin/js' failed; ex=Error: spawn ENOTDIR
Opening repository for path='/bin/json_pp' failed; ex=Error: spawn ENOTDIR
Opening repository for path='/bin/kbxutil' failed; ex=Error: spawn ENOTDIR
Opening repository for path='/bin/kernel-install' failed; ex=Error: spawn ENOTDIR
Opening repository for path='/bin/kill' failed; ex=Error: spawn ENOTDIR
Opening repository for path='/bin/last' failed; ex=Error: spawn ENOTDIR
Opening repository for path='/bin/lastb' failed; ex=Error: spawn ENOTDIR
Opening repository for path='/bin/lastlog' failed; ex=Error: spawn ENOTDIR
Opening repository for path='/bin/lcf' failed; ex=Error: spawn ENOTDIR
Opening repository for path='/bin/ld' failed; ex=Error: spawn ENOTDIR
Opening repository for path='/bin/ld.bfd' failed; ex=Error: spawn ENOTDIR
Opening repository for path='/bin/ld.gold' failed; ex=Error: spawn ENOTDIR
Opening repository for path='/bin/ldd' failed; ex=Error: spawn ENOTDIR
Opening repository for path='/bin/less' failed; ex=Error: spawn ENOTDIR
Opening repository for path='/bin/lessecho' failed; ex=Error: spawn ENOTDIR
Opening repository for path='/bin/lessfile' failed; ex=Error: spawn ENOTDIR
Opening repository for path='/bin/lesskey' failed; ex=Error: spawn ENOTDIR
Opening repository for path='/bin/lesspipe' failed; ex=Error: spawn ENOTDIR
Opening repository for path='/bin/lex' failed; ex=Error: spawn ENOTDIR
Opening repository for path='/bin/libnetcfg' failed; ex=Error: spawn ENOTDIR
Opening repository for path='/bin/libtoolize' failed; ex=Error: spawn ENOTDIR
Opening repository for path='/bin/link' failed; ex=Error: spawn ENOTDIR
Opening repository for path='/bin/linux32' failed; ex=Error: spawn ENOTDIR
Opening repository for path='/bin/linux64' failed; ex=Error: spawn ENOTDIR
Opening repository for path='/bin/listres' failed; ex=Error: spawn ENOTDIR
Opening repository for path='/bin/ln' failed; ex=Error: spawn ENOTDIR
Opening repository for path='/bin/lnstat' failed; ex=Error: spawn ENOTDIR
Opening repository for path='/bin/locale' failed; ex=Error: spawn ENOTDIR
Opening repository for path='/bin/locale-check' failed; ex=Error: spawn ENOTDIR
Opening repository for path='/bin/localectl' failed; ex=Error: spawn ENOTDIR
Opening repository for path='/bin/localedef' failed; ex=Error: spawn ENOTDIR
Opening repository for path='/bin/logger' failed; ex=Error: spawn ENOTDIR
Opening repository for path='/bin/login' failed; ex=Error: spawn ENOTDIR
Opening repository for path='/bin/loginctl' failed; ex=Error: spawn ENOTDIR
Opening repository for path='/bin/logname' failed; ex=Error: spawn ENOTDIR
Opening repository for path='/bin/ls' failed; ex=Error: spawn ENOTDIR
Opening repository for path='/bin/lsattr' failed; ex=Error: spawn ENOTDIR
Opening repository for path='/bin/lsb_release' failed; ex=Error: spawn ENOTDIR
Opening repository for path='/bin/lsblk' failed; ex=Error: spawn ENOTDIR
Opening repository for path='/bin/lscpu' failed; ex=Error: spawn ENOTDIR
Opening repository for path='/bin/lsipc' failed; ex=Error: spawn ENOTDIR
Opening repository for path='/bin/lslocks' failed; ex=Error: spawn ENOTDIR
Opening repository for path='/bin/lslogins' failed; ex=Error: spawn ENOTDIR
Opening repository for path='/bin/lsmem' failed; ex=Error: spawn ENOTDIR
Opening repository for path='/bin/lsns' failed; ex=Error: spawn ENOTDIR
Opening repository for path='/bin/lspgpot' failed; ex=Error: spawn ENOTDIR
Opening repository for path='/bin/luit' failed; ex=Error: spawn ENOTDIR
Opening repository for path='/bin/lwp-download' failed; ex=Error: spawn ENOTDIR
Opening repository for path='/bin/lwp-dump' failed; ex=Error: spawn ENOTDIR
Opening repository for path='/bin/lwp-mirror' failed; ex=Error: spawn ENOTDIR
Opening repository for path='/bin/lwp-request' failed; ex=Error: spawn ENOTDIR
Opening repository for path='/bin/lzcat' failed; ex=Error: spawn ENOTDIR
Opening repository for path='/bin/lzcmp' failed; ex=Error: spawn ENOTDIR
Opening repository for path='/bin/lzdiff' failed; ex=Error: spawn ENOTDIR
Opening repository for path='/bin/lzegrep' failed; ex=Error: spawn ENOTDIR
Opening repository for path='/bin/lzfgrep' failed; ex=Error: spawn ENOTDIR
Opening repository for path='/bin/lzgrep' failed; ex=Error: spawn ENOTDIR
Opening repository for path='/bin/lzless' failed; ex=Error: spawn ENOTDIR
Opening repository for path='/bin/lzma' failed; ex=Error: spawn ENOTDIR
Opening repository for path='/bin/lzmainfo' failed; ex=Error: spawn ENOTDIR
Opening repository for path='/bin/lzmore' failed; ex=Error: spawn ENOTDIR
Opening repository for path='/bin/m4' failed; ex=Error: spawn ENOTDIR
Opening repository for path='/bin/make' failed; ex=Error: spawn ENOTDIR
Opening repository for path='/bin/make-first-existing-target' failed; ex=Error: spawn ENOTDIR
Opening repository for path='/bin/makeconv' failed; ex=Error: spawn ENOTDIR
Opening repository for path='/bin/man' failed; ex=Error: spawn ENOTDIR
Opening repository for path='/bin/mawk' failed; ex=Error: spawn ENOTDIR
Opening repository for path='/bin/mcookie' failed; ex=Error: spawn ENOTDIR
Opening repository for path='/bin/md5sum' failed; ex=Error: spawn ENOTDIR
Opening repository for path='/bin/md5sum.textutils' failed; ex=Error: spawn ENOTDIR
Opening repository for path='/bin/mesa-overlay-control.py' failed; ex=Error: spawn ENOTDIR
Opening repository for path='/bin/mesg' failed; ex=Error: spawn ENOTDIR
Opening repository for path='/bin/migrate-pubring-from-classic-gpg' failed; ex=Error: spawn ENOTDIR
Opening repository for path='/bin/mimeopen' failed; ex=Error: spawn ENOTDIR
Opening repository for path='/bin/mimetype' failed; ex=Error: spawn ENOTDIR
Opening repository for path='/bin/mkdir' failed; ex=Error: spawn ENOTDIR
Opening repository for path='/bin/mkfifo' failed; ex=Error: spawn ENOTDIR
Opening repository for path='/bin/mknod' failed; ex=Error: spawn ENOTDIR
Opening repository for path='/bin/mktemp' failed; ex=Error: spawn ENOTDIR
Opening repository for path='/bin/more' failed; ex=Error: spawn ENOTDIR
Opening repository for path='/bin/mount' failed; ex=Error: spawn ENOTDIR
Opening repository for path='/bin/mountpoint' failed; ex=Error: spawn ENOTDIR
Opening repository for path='/bin/mpiCC' failed; ex=Error: spawn ENOTDIR
Opening repository for path='/bin/mpiCC.openmpi' failed; ex=Error: spawn ENOTDIR
Opening repository for path='/bin/mpic++' failed; ex=Error: spawn ENOTDIR
Opening repository for path='/bin/mpic++.openmpi' failed; ex=Error: spawn ENOTDIR
Opening repository for path='/bin/mpicc' failed; ex=Error: spawn ENOTDIR
Opening repository for path='/bin/mpicc.openmpi' failed; ex=Error: spawn ENOTDIR
Opening repository for path='/bin/mpicxx' failed; ex=Error: spawn ENOTDIR
Opening repository for path='/bin/mpicxx.openmpi' failed; ex=Error: spawn ENOTDIR
Opening repository for path='/bin/mpiexec' failed; ex=Error: spawn ENOTDIR
Opening repository for path='/bin/mpiexec.openmpi' failed; ex=Error: spawn ENOTDIR
Opening repository for path='/bin/mpif77' failed; ex=Error: spawn ENOTDIR
Opening repository for path='/bin/mpif77.openmpi' failed; ex=Error: spawn ENOTDIR
Opening repository for path='/bin/mpif90' failed; ex=Error: spawn ENOTDIR
Opening repository for path='/bin/mpif90.openmpi' failed; ex=Error: spawn ENOTDIR
Opening repository for path='/bin/mpifort' failed; ex=Error: spawn ENOTDIR
Opening repository for path='/bin/mpifort.openmpi' failed; ex=Error: spawn ENOTDIR
Opening repository for path='/bin/mpirun' failed; ex=Error: spawn ENOTDIR
Opening repository for path='/bin/mpirun.openmpi' failed; ex=Error: spawn ENOTDIR
Opening repository for path='/bin/mtrace' failed; ex=Error: spawn ENOTDIR
Opening repository for path='/bin/mv' failed; ex=Error: spawn ENOTDIR
Opening repository for path='/bin/namei' failed; ex=Error: spawn ENOTDIR
Opening repository for path='/bin/nawk' failed; ex=Error: spawn ENOTDIR
Opening repository for path='/bin/netstat' failed; ex=Error: spawn ENOTDIR
Opening repository for path='/bin/networkctl' failed; ex=Error: spawn ENOTDIR
Opening repository for path='/bin/networkd-dispatcher' failed; ex=Error: spawn ENOTDIR
Opening repository for path='/bin/newgrp' failed; ex=Error: spawn ENOTDIR
Opening repository for path='/bin/nice' failed; ex=Error: spawn ENOTDIR
Opening repository for path='/bin/nisdomainname' failed; ex=Error: spawn ENOTDIR
Opening repository for path='/bin/nl' failed; ex=Error: spawn ENOTDIR
Opening repository for path='/bin/nm' failed; ex=Error: spawn ENOTDIR
Opening repository for path='/bin/node' failed; ex=Error: spawn ENOTDIR
Opening repository for path='/bin/node-gyp' failed; ex=Error: spawn ENOTDIR
Opening repository for path='/bin/nodejs' failed; ex=Error: spawn ENOTDIR
Opening repository for path='/bin/nohup' failed; ex=Error: spawn ENOTDIR
Opening repository for path='/bin/npm' failed; ex=Error: spawn ENOTDIR
Opening repository for path='/bin/nproc' failed; ex=Error: spawn ENOTDIR
Opening repository for path='/bin/npx' failed; ex=Error: spawn ENOTDIR
Opening repository for path='/bin/nsenter' failed; ex=Error: spawn ENOTDIR
Opening repository for path='/bin/nstat' failed; ex=Error: spawn ENOTDIR
Opening repository for path='/bin/numfmt' failed; ex=Error: spawn ENOTDIR
Opening repository for path='/bin/objcopy' failed; ex=Error: spawn ENOTDIR
Opening repository for path='/bin/objdump' failed; ex=Error: spawn ENOTDIR
Opening repository for path='/bin/od' failed; ex=Error: spawn ENOTDIR
Opening repository for path='/bin/ompi-clean' failed; ex=Error: spawn ENOTDIR
Opening repository for path='/bin/ompi-server' failed; ex=Error: spawn ENOTDIR
Opening repository for path='/bin/ompi_info' failed; ex=Error: spawn ENOTDIR
Opening repository for path='/bin/opal_wrapper' failed; ex=Error: spawn ENOTDIR
Opening repository for path='/bin/opalc++' failed; ex=Error: spawn ENOTDIR
Opening repository for path='/bin/opalcc' failed; ex=Error: spawn ENOTDIR
Opening repository for path='/bin/opener' failed; ex=Error: spawn ENOTDIR
Opening repository for path='/bin/openssl' failed; ex=Error: spawn ENOTDIR
Opening repository for path='/bin/orte-clean' failed; ex=Error: spawn ENOTDIR
Opening repository for path='/bin/orte-server' failed; ex=Error: spawn ENOTDIR
Opening repository for path='/bin/orted' failed; ex=Error: spawn ENOTDIR
Opening repository for path='/bin/orterun' failed; ex=Error: spawn ENOTDIR
Opening repository for path='/bin/pager' failed; ex=Error: spawn ENOTDIR
Opening repository for path='/bin/partx' failed; ex=Error: spawn ENOTDIR
Opening repository for path='/bin/passwd' failed; ex=Error: spawn ENOTDIR
Opening repository for path='/bin/paste' failed; ex=Error: spawn ENOTDIR
Opening repository for path='/bin/patch' failed; ex=Error: spawn ENOTDIR
Opening repository for path='/bin/pathchk' failed; ex=Error: spawn ENOTDIR
Opening repository for path='/bin/pdb2' failed; ex=Error: spawn ENOTDIR
Opening repository for path='/bin/pdb2.7' failed; ex=Error: spawn ENOTDIR
Opening repository for path='/bin/pdb3' failed; ex=Error: spawn ENOTDIR
Opening repository for path='/bin/pdb3.8' failed; ex=Error: spawn ENOTDIR
Opening repository for path='/bin/perl' failed; ex=Error: spawn ENOTDIR
Opening repository for path='/bin/perl5.30-x86_64-linux-gnu' failed; ex=Error: spawn ENOTDIR
Opening repository for path='/bin/perl5.30.0' failed; ex=Error: spawn ENOTDIR
Opening repository for path='/bin/perlbug' failed; ex=Error: spawn ENOTDIR
Opening repository for path='/bin/perldoc' failed; ex=Error: spawn ENOTDIR
Opening repository for path='/bin/perlivp' failed; ex=Error: spawn ENOTDIR
Opening repository for path='/bin/perlthanks' failed; ex=Error: spawn ENOTDIR
Opening repository for path='/bin/pgrep' failed; ex=Error: spawn ENOTDIR
Opening repository for path='/bin/piconv' failed; ex=Error: spawn ENOTDIR
Opening repository for path='/bin/pidof' failed; ex=Error: spawn ENOTDIR
Opening repository for path='/bin/pinentry' failed; ex=Error: spawn ENOTDIR
Opening repository for path='/bin/pinentry-curses' failed; ex=Error: spawn ENOTDIR
Opening repository for path='/bin/pinky' failed; ex=Error: spawn ENOTDIR
Opening repository for path='/bin/pip' failed; ex=Error: spawn ENOTDIR
Opening repository for path='/bin/pip3' failed; ex=Error: spawn ENOTDIR
Opening repository for path='/bin/pkg-config' failed; ex=Error: spawn ENOTDIR
Opening repository for path='/bin/pkgdata' failed; ex=Error: spawn ENOTDIR
Opening repository for path='/bin/pkill' failed; ex=Error: spawn ENOTDIR
Opening repository for path='/bin/pl2pm' failed; ex=Error: spawn ENOTDIR
Opening repository for path='/bin/pldd' failed; ex=Error: spawn ENOTDIR
Opening repository for path='/bin/pmap' failed; ex=Error: spawn ENOTDIR
Opening repository for path='/bin/pod2html' failed; ex=Error: spawn ENOTDIR
Opening repository for path='/bin/pod2man' failed; ex=Error: spawn ENOTDIR
Opening repository for path='/bin/pod2text' failed; ex=Error: spawn ENOTDIR
Opening repository for path='/bin/pod2usage' failed; ex=Error: spawn ENOTDIR
Opening repository for path='/bin/podchecker' failed; ex=Error: spawn ENOTDIR
Opening repository for path='/bin/podselect' failed; ex=Error: spawn ENOTDIR
Opening repository for path='/bin/pr' failed; ex=Error: spawn ENOTDIR
Opening repository for path='/bin/print' failed; ex=Error: spawn ENOTDIR
Opening repository for path='/bin/printenv' failed; ex=Error: spawn ENOTDIR
Opening repository for path='/bin/printf' failed; ex=Error: spawn ENOTDIR
Opening repository for path='/bin/prlimit' failed; ex=Error: spawn ENOTDIR
Opening repository for path='/bin/prove' failed; ex=Error: spawn ENOTDIR
Opening repository for path='/bin/ps' failed; ex=Error: spawn ENOTDIR
Opening repository for path='/bin/ptar' failed; ex=Error: spawn ENOTDIR
Opening repository for path='/bin/ptardiff' failed; ex=Error: spawn ENOTDIR
Opening repository for path='/bin/ptargrep' failed; ex=Error: spawn ENOTDIR
Opening repository for path='/bin/ptx' failed; ex=Error: spawn ENOTDIR
Opening repository for path='/bin/pwd' failed; ex=Error: spawn ENOTDIR
Opening repository for path='/bin/pwdx' failed; ex=Error: spawn ENOTDIR
Opening repository for path='/bin/py3clean' failed; ex=Error: spawn ENOTDIR
Opening repository for path='/bin/py3compile' failed; ex=Error: spawn ENOTDIR
Opening repository for path='/bin/py3versions' failed; ex=Error: spawn ENOTDIR
Opening repository for path='/bin/pyclean' failed; ex=Error: spawn ENOTDIR
Opening repository for path='/bin/pycompile' failed; ex=Error: spawn ENOTDIR
Opening repository for path='/bin/pydoc2' failed; ex=Error: spawn ENOTDIR
Opening repository for path='/bin/pydoc2.7' failed; ex=Error: spawn ENOTDIR
Opening repository for path='/bin/pydoc3' failed; ex=Error: spawn ENOTDIR
Opening repository for path='/bin/pydoc3.8' failed; ex=Error: spawn ENOTDIR
Opening repository for path='/bin/pygettext2' failed; ex=Error: spawn ENOTDIR
Opening repository for path='/bin/pygettext2.7' failed; ex=Error: spawn ENOTDIR
Opening repository for path='/bin/pygettext3' failed; ex=Error: spawn ENOTDIR
Opening repository for path='/bin/pygettext3.8' failed; ex=Error: spawn ENOTDIR
Opening repository for path='/bin/pygmentize' failed; ex=Error: spawn ENOTDIR
Opening repository for path='/bin/python2' failed; ex=Error: spawn ENOTDIR
Opening repository for path='/bin/python2.7' failed; ex=Error: spawn ENOTDIR
Opening repository for path='/bin/python3' failed; ex=Error: spawn ENOTDIR
Opening repository for path='/bin/python3-config' failed; ex=Error: spawn ENOTDIR
Opening repository for path='/bin/python3.8' failed; ex=Error: spawn ENOTDIR
Opening repository for path='/bin/python3.8-config' failed; ex=Error: spawn ENOTDIR
Opening repository for path='/bin/pyversions' failed; ex=Error: spawn ENOTDIR
Opening repository for path='/bin/quickbook' failed; ex=Error: spawn ENOTDIR
Opening repository for path='/bin/ranlib' failed; ex=Error: spawn ENOTDIR
Opening repository for path='/bin/rbash' failed; ex=Error: spawn ENOTDIR
Opening repository for path='/bin/rcp' failed; ex=Error: spawn ENOTDIR
Opening repository for path='/bin/rdma' failed; ex=Error: spawn ENOTDIR
Opening repository for path='/bin/readelf' failed; ex=Error: spawn ENOTDIR
Opening repository for path='/bin/readlink' failed; ex=Error: spawn ENOTDIR
Opening repository for path='/bin/realpath' failed; ex=Error: spawn ENOTDIR
Opening repository for path='/bin/redis-benchmark' failed; ex=Error: spawn ENOTDIR
Opening repository for path='/bin/redis-check-aof' failed; ex=Error: spawn ENOTDIR
Opening repository for path='/bin/redis-check-rdb' failed; ex=Error: spawn ENOTDIR
Opening repository for path='/bin/redis-cli' failed; ex=Error: spawn ENOTDIR
Opening repository for path='/bin/redis-server' failed; ex=Error: spawn ENOTDIR
Opening repository for path='/bin/rename.ul' failed; ex=Error: spawn ENOTDIR
Opening repository for path='/bin/renice' failed; ex=Error: spawn ENOTDIR
Opening repository for path='/bin/reset' failed; ex=Error: spawn ENOTDIR
Opening repository for path='/bin/resizepart' failed; ex=Error: spawn ENOTDIR
Opening repository for path='/bin/resolvectl' failed; ex=Error: spawn ENOTDIR
Opening repository for path='/bin/rev' failed; ex=Error: spawn ENOTDIR
Opening repository for path='/bin/rgrep' failed; ex=Error: spawn ENOTDIR
Opening repository for path='/bin/rimraf' failed; ex=Error: spawn ENOTDIR
Opening repository for path='/bin/rlogin' failed; ex=Error: spawn ENOTDIR
Opening repository for path='/bin/rm' failed; ex=Error: spawn ENOTDIR
Opening repository for path='/bin/rmdir' failed; ex=Error: spawn ENOTDIR
Opening repository for path='/bin/routef' failed; ex=Error: spawn ENOTDIR
Opening repository for path='/bin/routel' failed; ex=Error: spawn ENOTDIR
Opening repository for path='/bin/rpcgen' failed; ex=Error: spawn ENOTDIR
Opening repository for path='/bin/rsh' failed; ex=Error: spawn ENOTDIR
Opening repository for path='/bin/rtstat' failed; ex=Error: spawn ENOTDIR
Opening repository for path='/bin/run-mailcap' failed; ex=Error: spawn ENOTDIR
Opening repository for path='/bin/run-parts' failed; ex=Error: spawn ENOTDIR
Opening repository for path='/bin/runcon' failed; ex=Error: spawn ENOTDIR
Opening repository for path='/bin/rview' failed; ex=Error: spawn ENOTDIR
Opening repository for path='/bin/rvim' failed; ex=Error: spawn ENOTDIR
Opening repository for path='/bin/savelog' failed; ex=Error: spawn ENOTDIR
Opening repository for path='/bin/scp' failed; ex=Error: spawn ENOTDIR
Opening repository for path='/bin/script' failed; ex=Error: spawn ENOTDIR
Opening repository for path='/bin/scriptreplay' failed; ex=Error: spawn ENOTDIR
Opening repository for path='/bin/sdiff' failed; ex=Error: spawn ENOTDIR
Opening repository for path='/bin/sed' failed; ex=Error: spawn ENOTDIR
Opening repository for path='/bin/see' failed; ex=Error: spawn ENOTDIR
Opening repository for path='/bin/select-editor' failed; ex=Error: spawn ENOTDIR
Opening repository for path='/bin/semver' failed; ex=Error: spawn ENOTDIR
Opening repository for path='/bin/sensible-browser' failed; ex=Error: spawn ENOTDIR
Opening repository for path='/bin/sensible-editor' failed; ex=Error: spawn ENOTDIR
Opening repository for path='/bin/sensible-pager' failed; ex=Error: spawn ENOTDIR
Opening repository for path='/bin/seq' failed; ex=Error: spawn ENOTDIR
Opening repository for path='/bin/sessreg' failed; ex=Error: spawn ENOTDIR
Opening repository for path='/bin/setarch' failed; ex=Error: spawn ENOTDIR
Opening repository for path='/bin/setpriv' failed; ex=Error: spawn ENOTDIR
Opening repository for path='/bin/setsid' failed; ex=Error: spawn ENOTDIR
Opening repository for path='/bin/setterm' failed; ex=Error: spawn ENOTDIR
Opening repository for path='/bin/sftp' failed; ex=Error: spawn ENOTDIR
Opening repository for path='/bin/sg' failed; ex=Error: spawn ENOTDIR
Opening repository for path='/bin/sh' failed; ex=Error: spawn ENOTDIR
Opening repository for path='/bin/sha1sum' failed; ex=Error: spawn ENOTDIR
Opening repository for path='/bin/sha224sum' failed; ex=Error: spawn ENOTDIR
Opening repository for path='/bin/sha256sum' failed; ex=Error: spawn ENOTDIR
Opening repository for path='/bin/sha384sum' failed; ex=Error: spawn ENOTDIR
Opening repository for path='/bin/sha512sum' failed; ex=Error: spawn ENOTDIR
Opening repository for path='/bin/shasum' failed; ex=Error: spawn ENOTDIR
Opening repository for path='/bin/showrgb' failed; ex=Error: spawn ENOTDIR
Opening repository for path='/bin/shred' failed; ex=Error: spawn ENOTDIR
Opening repository for path='/bin/shuf' failed; ex=Error: spawn ENOTDIR
Opening repository for path='/bin/size' failed; ex=Error: spawn ENOTDIR
Opening repository for path='/bin/skill' failed; ex=Error: spawn ENOTDIR
Opening repository for path='/bin/slabtop' failed; ex=Error: spawn ENOTDIR
Opening repository for path='/bin/sleep' failed; ex=Error: spawn ENOTDIR
Opening repository for path='/bin/slogin' failed; ex=Error: spawn ENOTDIR
Opening repository for path='/bin/snice' failed; ex=Error: spawn ENOTDIR
Opening repository for path='/bin/sort' failed; ex=Error: spawn ENOTDIR
Opening repository for path='/bin/sotruss' failed; ex=Error: spawn ENOTDIR
Opening repository for path='/bin/splain' failed; ex=Error: spawn ENOTDIR
Opening repository for path='/bin/split' failed; ex=Error: spawn ENOTDIR
Opening repository for path='/bin/sprof' failed; ex=Error: spawn ENOTDIR
Opening repository for path='/bin/ss' failed; ex=Error: spawn ENOTDIR
Opening repository for path='/bin/ssh' failed; ex=Error: spawn ENOTDIR
Opening repository for path='/bin/ssh-add' failed; ex=Error: spawn ENOTDIR
Opening repository for path='/bin/ssh-agent' failed; ex=Error: spawn ENOTDIR
Opening repository for path='/bin/ssh-argv0' failed; ex=Error: spawn ENOTDIR
Opening repository for path='/bin/ssh-copy-id' failed; ex=Error: spawn ENOTDIR
Opening repository for path='/bin/ssh-import-id' failed; ex=Error: spawn ENOTDIR
Opening repository for path='/bin/ssh-import-id-gh' failed; ex=Error: spawn ENOTDIR
Opening repository for path='/bin/ssh-import-id-lp' failed; ex=Error: spawn ENOTDIR
Opening repository for path='/bin/ssh-keygen' failed; ex=Error: spawn ENOTDIR
Opening repository for path='/bin/ssh-keyscan' failed; ex=Error: spawn ENOTDIR
Opening repository for path='/bin/sshpk-conv' failed; ex=Error: spawn ENOTDIR
Opening repository for path='/bin/sshpk-sign' failed; ex=Error: spawn ENOTDIR
Opening repository for path='/bin/sshpk-verify' failed; ex=Error: spawn ENOTDIR
Opening repository for path='/bin/stat' failed; ex=Error: spawn ENOTDIR
Opening repository for path='/bin/stdbuf' failed; ex=Error: spawn ENOTDIR
Opening repository for path='/bin/strings' failed; ex=Error: spawn ENOTDIR
Opening repository for path='/bin/strip' failed; ex=Error: spawn ENOTDIR
Opening repository for path='/bin/stty' failed; ex=Error: spawn ENOTDIR
Opening repository for path='/bin/su' failed; ex=Error: spawn ENOTDIR
Opening repository for path='/bin/sudo' failed; ex=Error: spawn ENOTDIR
Opening repository for path='/bin/sudoedit' failed; ex=Error: spawn ENOTDIR
Opening repository for path='/bin/sudoreplay' failed; ex=Error: spawn ENOTDIR
Opening repository for path='/bin/sum' failed; ex=Error: spawn ENOTDIR
Opening repository for path='/bin/symcryptrun' failed; ex=Error: spawn ENOTDIR
Opening repository for path='/bin/sync' failed; ex=Error: spawn ENOTDIR
Opening repository for path='/bin/systemctl' failed; ex=Error: spawn ENOTDIR
Opening repository for path='/bin/systemd' failed; ex=Error: spawn ENOTDIR
Opening repository for path='/bin/systemd-analyze' failed; ex=Error: spawn ENOTDIR
Opening repository for path='/bin/systemd-ask-password' failed; ex=Error: spawn ENOTDIR
Opening repository for path='/bin/systemd-cat' failed; ex=Error: spawn ENOTDIR
Opening repository for path='/bin/systemd-cgls' failed; ex=Error: spawn ENOTDIR
Opening repository for path='/bin/systemd-cgtop' failed; ex=Error: spawn ENOTDIR
Opening repository for path='/bin/systemd-delta' failed; ex=Error: spawn ENOTDIR
Opening repository for path='/bin/systemd-detect-virt' failed; ex=Error: spawn ENOTDIR
Opening repository for path='/bin/systemd-escape' failed; ex=Error: spawn ENOTDIR
Opening repository for path='/bin/systemd-id128' failed; ex=Error: spawn ENOTDIR
Opening repository for path='/bin/systemd-inhibit' failed; ex=Error: spawn ENOTDIR
Opening repository for path='/bin/systemd-machine-id-setup' failed; ex=Error: spawn ENOTDIR
Opening repository for path='/bin/systemd-mount' failed; ex=Error: spawn ENOTDIR
Opening repository for path='/bin/systemd-notify' failed; ex=Error: spawn ENOTDIR
Opening repository for path='/bin/systemd-path' failed; ex=Error: spawn ENOTDIR
Opening repository for path='/bin/systemd-resolve' failed; ex=Error: spawn ENOTDIR
Opening repository for path='/bin/systemd-run' failed; ex=Error: spawn ENOTDIR
Opening repository for path='/bin/systemd-socket-activate' failed; ex=Error: spawn ENOTDIR
Opening repository for path='/bin/systemd-stdio-bridge' failed; ex=Error: spawn ENOTDIR
Opening repository for path='/bin/systemd-sysusers' failed; ex=Error: spawn ENOTDIR
Opening repository for path='/bin/systemd-tmpfiles' failed; ex=Error: spawn ENOTDIR
Opening repository for path='/bin/systemd-tty-ask-password-agent' failed; ex=Error: spawn ENOTDIR
Opening repository for path='/bin/systemd-umount' failed; ex=Error: spawn ENOTDIR
Opening repository for path='/bin/tabs' failed; ex=Error: spawn ENOTDIR
Opening repository for path='/bin/tac' failed; ex=Error: spawn ENOTDIR
Opening repository for path='/bin/tail' failed; ex=Error: spawn ENOTDIR
Opening repository for path='/bin/tar' failed; ex=Error: spawn ENOTDIR
Opening repository for path='/bin/taskset' failed; ex=Error: spawn ENOTDIR
Opening repository for path='/bin/tee' failed; ex=Error: spawn ENOTDIR
Opening repository for path='/bin/tempfile' failed; ex=Error: spawn ENOTDIR
Opening repository for path='/bin/test' failed; ex=Error: spawn ENOTDIR
Opening repository for path='/bin/tic' failed; ex=Error: spawn ENOTDIR
Opening repository for path='/bin/timedatectl' failed; ex=Error: spawn ENOTDIR
Opening repository for path='/bin/timeout' failed; ex=Error: spawn ENOTDIR
Opening repository for path='/bin/tload' failed; ex=Error: spawn ENOTDIR
Opening repository for path='/bin/tmux' failed; ex=Error: spawn ENOTDIR
Opening repository for path='/bin/toe' failed; ex=Error: spawn ENOTDIR
Opening repository for path='/bin/top' failed; ex=Error: spawn ENOTDIR
Opening repository for path='/bin/touch' failed; ex=Error: spawn ENOTDIR
Opening repository for path='/bin/tput' failed; ex=Error: spawn ENOTDIR
Opening repository for path='/bin/tr' failed; ex=Error: spawn ENOTDIR
Opening repository for path='/bin/tree' failed; ex=Error: spawn ENOTDIR
Opening repository for path='/bin/true' failed; ex=Error: spawn ENOTDIR
Opening repository for path='/bin/truncate' failed; ex=Error: spawn ENOTDIR
Opening repository for path='/bin/tset' failed; ex=Error: spawn ENOTDIR
Opening repository for path='/bin/tsort' failed; ex=Error: spawn ENOTDIR
Opening repository for path='/bin/tty' failed; ex=Error: spawn ENOTDIR
Opening repository for path='/bin/tzselect' failed; ex=Error: spawn ENOTDIR
Opening repository for path='/bin/ucf' failed; ex=Error: spawn ENOTDIR
Opening repository for path='/bin/ucfq' failed; ex=Error: spawn ENOTDIR
Opening repository for path='/bin/ucfr' failed; ex=Error: spawn ENOTDIR
Opening repository for path='/bin/uconv' failed; ex=Error: spawn ENOTDIR
Opening repository for path='/bin/umount' failed; ex=Error: spawn ENOTDIR
Opening repository for path='/bin/uname' failed; ex=Error: spawn ENOTDIR
Opening repository for path='/bin/uncompress' failed; ex=Error: spawn ENOTDIR
Opening repository for path='/bin/unexpand' failed; ex=Error: spawn ENOTDIR
Opening repository for path='/bin/uniq' failed; ex=Error: spawn ENOTDIR
Opening repository for path='/bin/unlink' failed; ex=Error: spawn ENOTDIR
Opening repository for path='/bin/unlzma' failed; ex=Error: spawn ENOTDIR
Opening repository for path='/bin/unshare' failed; ex=Error: spawn ENOTDIR
Opening repository for path='/bin/unxz' failed; ex=Error: spawn ENOTDIR
Opening repository for path='/bin/update-alternatives' failed; ex=Error: spawn ENOTDIR
Opening repository for path='/bin/update-mime-database' failed; ex=Error: spawn ENOTDIR
Opening repository for path='/bin/uptime' failed; ex=Error: spawn ENOTDIR
Opening repository for path='/bin/users' failed; ex=Error: spawn ENOTDIR
Opening repository for path='/bin/utmpdump' failed; ex=Error: spawn ENOTDIR
Opening repository for path='/bin/vdir' failed; ex=Error: spawn ENOTDIR
Opening repository for path='/bin/vi' failed; ex=Error: spawn ENOTDIR
Opening repository for path='/bin/view' failed; ex=Error: spawn ENOTDIR
Opening repository for path='/bin/viewres' failed; ex=Error: spawn ENOTDIR
Opening repository for path='/bin/vim' failed; ex=Error: spawn ENOTDIR
Opening repository for path='/bin/vim.basic' failed; ex=Error: spawn ENOTDIR
Opening repository for path='/bin/vimdiff' failed; ex=Error: spawn ENOTDIR
Opening repository for path='/bin/vimtutor' failed; ex=Error: spawn ENOTDIR
Opening repository for path='/bin/vmstat' failed; ex=Error: spawn ENOTDIR
Opening repository for path='/bin/w' failed; ex=Error: spawn ENOTDIR
Opening repository for path='/bin/w.procps' failed; ex=Error: spawn ENOTDIR
Opening repository for path='/bin/wall' failed; ex=Error: spawn ENOTDIR
Opening repository for path='/bin/watch' failed; ex=Error: spawn ENOTDIR
Opening repository for path='/bin/watchgnupg' failed; ex=Error: spawn ENOTDIR
Opening repository for path='/bin/wc' failed; ex=Error: spawn ENOTDIR
Opening repository for path='/bin/wdctl' failed; ex=Error: spawn ENOTDIR
Opening repository for path='/bin/wget' failed; ex=Error: spawn ENOTDIR
Opening repository for path='/bin/whereis' failed; ex=Error: spawn ENOTDIR
Opening repository for path='/bin/which' failed; ex=Error: spawn ENOTDIR
Opening repository for path='/bin/who' failed; ex=Error: spawn ENOTDIR
Opening repository for path='/bin/whoami' failed; ex=Error: spawn ENOTDIR
Opening repository for path='/bin/x86_64' failed; ex=Error: spawn ENOTDIR
Opening repository for path='/bin/x86_64-linux-gnu-addr2line' failed; ex=Error: spawn ENOTDIR
Opening repository for path='/bin/x86_64-linux-gnu-ar' failed; ex=Error: spawn ENOTDIR
Opening repository for path='/bin/x86_64-linux-gnu-as' failed; ex=Error: spawn ENOTDIR
Opening repository for path='/bin/x86_64-linux-gnu-c++filt' failed; ex=Error: spawn ENOTDIR
Opening repository for path='/bin/x86_64-linux-gnu-cpp' failed; ex=Error: spawn ENOTDIR
Opening repository for path='/bin/x86_64-linux-gnu-cpp-8' failed; ex=Error: spawn ENOTDIR
Opening repository for path='/bin/x86_64-linux-gnu-cpp-9' failed; ex=Error: spawn ENOTDIR
Opening repository for path='/bin/x86_64-linux-gnu-dwp' failed; ex=Error: spawn ENOTDIR
Opening repository for path='/bin/x86_64-linux-gnu-elfedit' failed; ex=Error: spawn ENOTDIR
Opening repository for path='/bin/x86_64-linux-gnu-g++' failed; ex=Error: spawn ENOTDIR
Opening repository for path='/bin/x86_64-linux-gnu-g++-9' failed; ex=Error: spawn ENOTDIR
Opening repository for path='/bin/x86_64-linux-gnu-gcc' failed; ex=Error: spawn ENOTDIR
Opening repository for path='/bin/x86_64-linux-gnu-gcc-8' failed; ex=Error: spawn ENOTDIR
Opening repository for path='/bin/x86_64-linux-gnu-gcc-9' failed; ex=Error: spawn ENOTDIR
Opening repository for path='/bin/x86_64-linux-gnu-gcc-ar' failed; ex=Error: spawn ENOTDIR
Opening repository for path='/bin/x86_64-linux-gnu-gcc-ar-8' failed; ex=Error: spawn ENOTDIR
Opening repository for path='/bin/x86_64-linux-gnu-gcc-ar-9' failed; ex=Error: spawn ENOTDIR
Opening repository for path='/bin/x86_64-linux-gnu-gcc-nm' failed; ex=Error: spawn ENOTDIR
Opening repository for path='/bin/x86_64-linux-gnu-gcc-nm-8' failed; ex=Error: spawn ENOTDIR
Opening repository for path='/bin/x86_64-linux-gnu-gcc-nm-9' failed; ex=Error: spawn ENOTDIR
Opening repository for path='/bin/x86_64-linux-gnu-gcc-ranlib' failed; ex=Error: spawn ENOTDIR
Opening repository for path='/bin/x86_64-linux-gnu-gcc-ranlib-8' failed; ex=Error: spawn ENOTDIR
Opening repository for path='/bin/x86_64-linux-gnu-gcc-ranlib-9' failed; ex=Error: spawn ENOTDIR
Opening repository for path='/bin/x86_64-linux-gnu-gcov' failed; ex=Error: spawn ENOTDIR
Opening repository for path='/bin/x86_64-linux-gnu-gcov-8' failed; ex=Error: spawn ENOTDIR
Opening repository for path='/bin/x86_64-linux-gnu-gcov-9' failed; ex=Error: spawn ENOTDIR
Opening repository for path='/bin/x86_64-linux-gnu-gcov-dump' failed; ex=Error: spawn ENOTDIR
Opening repository for path='/bin/x86_64-linux-gnu-gcov-dump-8' failed; ex=Error: spawn ENOTDIR
Opening repository for path='/bin/x86_64-linux-gnu-gcov-dump-9' failed; ex=Error: spawn ENOTDIR
Opening repository for path='/bin/x86_64-linux-gnu-gcov-tool' failed; ex=Error: spawn ENOTDIR
Opening repository for path='/bin/x86_64-linux-gnu-gcov-tool-8' failed; ex=Error: spawn ENOTDIR
Opening repository for path='/bin/x86_64-linux-gnu-gcov-tool-9' failed; ex=Error: spawn ENOTDIR
Opening repository for path='/bin/x86_64-linux-gnu-gfortran' failed; ex=Error: spawn ENOTDIR
Opening repository for path='/bin/x86_64-linux-gnu-gfortran-8' failed; ex=Error: spawn ENOTDIR
Opening repository for path='/bin/x86_64-linux-gnu-gfortran-9' failed; ex=Error: spawn ENOTDIR
Opening repository for path='/bin/x86_64-linux-gnu-gold' failed; ex=Error: spawn ENOTDIR
Opening repository for path='/bin/x86_64-linux-gnu-gprof' failed; ex=Error: spawn ENOTDIR
Opening repository for path='/bin/x86_64-linux-gnu-ld' failed; ex=Error: spawn ENOTDIR
Opening repository for path='/bin/x86_64-linux-gnu-ld.bfd' failed; ex=Error: spawn ENOTDIR
Opening repository for path='/bin/x86_64-linux-gnu-ld.gold' failed; ex=Error: spawn ENOTDIR
Opening repository for path='/bin/x86_64-linux-gnu-nm' failed; ex=Error: spawn ENOTDIR
Opening repository for path='/bin/x86_64-linux-gnu-objcopy' failed; ex=Error: spawn ENOTDIR
Opening repository for path='/bin/x86_64-linux-gnu-objdump' failed; ex=Error: spawn ENOTDIR
Opening repository for path='/bin/x86_64-linux-gnu-pkg-config' failed; ex=Error: spawn ENOTDIR
Opening repository for path='/bin/x86_64-linux-gnu-python3-config' failed; ex=Error: spawn ENOTDIR
Opening repository for path='/bin/x86_64-linux-gnu-python3.8-config' failed; ex=Error: spawn ENOTDIR
Opening repository for path='/bin/x86_64-linux-gnu-ranlib' failed; ex=Error: spawn ENOTDIR
Opening repository for path='/bin/x86_64-linux-gnu-readelf' failed; ex=Error: spawn ENOTDIR
Opening repository for path='/bin/x86_64-linux-gnu-size' failed; ex=Error: spawn ENOTDIR
Opening repository for path='/bin/x86_64-linux-gnu-strings' failed; ex=Error: spawn ENOTDIR
Opening repository for path='/bin/x86_64-linux-gnu-strip' failed; ex=Error: spawn ENOTDIR
Opening repository for path='/bin/x86_64-pc-linux-gnu-pkg-config' failed; ex=Error: spawn ENOTDIR
Opening repository for path='/bin/xargs' failed; ex=Error: spawn ENOTDIR
Opening repository for path='/bin/xauth' failed; ex=Error: spawn ENOTDIR
Opening repository for path='/bin/xcmsdb' failed; ex=Error: spawn ENOTDIR
Opening repository for path='/bin/xdg-desktop-icon' failed; ex=Error: spawn ENOTDIR
Opening repository for path='/bin/xdg-desktop-menu' failed; ex=Error: spawn ENOTDIR
Opening repository for path='/bin/xdg-email' failed; ex=Error: spawn ENOTDIR
Opening repository for path='/bin/xdg-icon-resource' failed; ex=Error: spawn ENOTDIR
Opening repository for path='/bin/xdg-mime' failed; ex=Error: spawn ENOTDIR
Opening repository for path='/bin/xdg-open' failed; ex=Error: spawn ENOTDIR
Opening repository for path='/bin/xdg-screensaver' failed; ex=Error: spawn ENOTDIR
Opening repository for path='/bin/xdg-settings' failed; ex=Error: spawn ENOTDIR
Opening repository for path='/bin/xdg-user-dir' failed; ex=Error: spawn ENOTDIR
Opening repository for path='/bin/xdg-user-dirs-update' failed; ex=Error: spawn ENOTDIR
Opening repository for path='/bin/xdpyinfo' failed; ex=Error: spawn ENOTDIR
Opening repository for path='/bin/xdriinfo' failed; ex=Error: spawn ENOTDIR
Opening repository for path='/bin/xev' failed; ex=Error: spawn ENOTDIR
Opening repository for path='/bin/xfd' failed; ex=Error: spawn ENOTDIR
Opening repository for path='/bin/xfontsel' failed; ex=Error: spawn ENOTDIR
Opening repository for path='/bin/xgamma' failed; ex=Error: spawn ENOTDIR
Opening repository for path='/bin/xhost' failed; ex=Error: spawn ENOTDIR
Opening repository for path='/bin/xkeystone' failed; ex=Error: spawn ENOTDIR
Opening repository for path='/bin/xkill' failed; ex=Error: spawn ENOTDIR
Opening repository for path='/bin/xlsatoms' failed; ex=Error: spawn ENOTDIR
Opening repository for path='/bin/xlsclients' failed; ex=Error: spawn ENOTDIR
Opening repository for path='/bin/xlsfonts' failed; ex=Error: spawn ENOTDIR
Opening repository for path='/bin/xmessage' failed; ex=Error: spawn ENOTDIR
Opening repository for path='/bin/xmodmap' failed; ex=Error: spawn ENOTDIR
Opening repository for path='/bin/xprop' failed; ex=Error: spawn ENOTDIR
Opening repository for path='/bin/xrandr' failed; ex=Error: spawn ENOTDIR
Opening repository for path='/bin/xrdb' failed; ex=Error: spawn ENOTDIR
Opening repository for path='/bin/xrefresh' failed; ex=Error: spawn ENOTDIR
Opening repository for path='/bin/xset' failed; ex=Error: spawn ENOTDIR
Opening repository for path='/bin/xsetmode' failed; ex=Error: spawn ENOTDIR
Opening repository for path='/bin/xsetpointer' failed; ex=Error: spawn ENOTDIR
Opening repository for path='/bin/xsetroot' failed; ex=Error: spawn ENOTDIR
Opening repository for path='/bin/xstdcmap' failed; ex=Error: spawn ENOTDIR
Opening repository for path='/bin/xsubpp' failed; ex=Error: spawn ENOTDIR
Opening repository for path='/bin/xvidtune' failed; ex=Error: spawn ENOTDIR
Opening repository for path='/bin/xvinfo' failed; ex=Error: spawn ENOTDIR
Opening repository for path='/bin/xwininfo' failed; ex=Error: spawn ENOTDIR
Opening repository for path='/bin/xxd' failed; ex=Error: spawn ENOTDIR
Opening repository for path='/bin/xz' failed; ex=Error: spawn ENOTDIR
Opening repository for path='/bin/xzcat' failed; ex=Error: spawn ENOTDIR
Opening repository for path='/bin/xzcmp' failed; ex=Error: spawn ENOTDIR
Opening repository for path='/bin/xzdiff' failed; ex=Error: spawn ENOTDIR
Opening repository for path='/bin/xzegrep' failed; ex=Error: spawn ENOTDIR
Opening repository for path='/bin/xzfgrep' failed; ex=Error: spawn ENOTDIR
Opening repository for path='/bin/xzgrep' failed; ex=Error: spawn ENOTDIR
Opening repository for path='/bin/xzless' failed; ex=Error: spawn ENOTDIR
Opening repository for path='/bin/xzmore' failed; ex=Error: spawn ENOTDIR
Opening repository for path='/bin/yacc' failed; ex=Error: spawn ENOTDIR
Opening repository for path='/bin/yes' failed; ex=Error: spawn ENOTDIR
Opening repository for path='/bin/ypdomainname' failed; ex=Error: spawn ENOTDIR
Opening repository for path='/bin/zcat' failed; ex=Error: spawn ENOTDIR
Opening repository for path='/bin/zcmp' failed; ex=Error: spawn ENOTDIR
Opening repository for path='/bin/zdiff' failed; ex=Error: spawn ENOTDIR
Opening repository for path='/bin/zdump' failed; ex=Error: spawn ENOTDIR
Opening repository for path='/bin/zegrep' failed; ex=Error: spawn ENOTDIR
Opening repository for path='/bin/zfgrep' failed; ex=Error: spawn ENOTDIR
Opening repository for path='/bin/zforce' failed; ex=Error: spawn ENOTDIR
Opening repository for path='/bin/zgrep' failed; ex=Error: spawn ENOTDIR
Opening repository for path='/bin/zipdetails' failed; ex=Error: spawn ENOTDIR
Opening repository for path='/bin/zless' failed; ex=Error: spawn ENOTDIR
Opening repository for path='/bin/zmore' failed; ex=Error: spawn ENOTDIR
Opening repository for path='/bin/znew' failed; ex=Error: spawn ENOTDIR
Opening repository for path='/bin' failed; ex=Failed to execute git {
  "exitCode": 128,
  "gitErrorCode": "NotAGitRepository",
  "gitCommand": "rev-parse",
  "stdout": "",
  "stderr": "fatal: not a git repository (or any of the parent directories): .git\n"
}
