[2022-04-23 11:23:39.724] [exthost] [info] Extension host with pid 596480 started
[2022-04-23 11:23:39.735] [exthost] [info] Lock '/home/zjl/.vscode-server/data/User/workspaceStorage/2074cc806682da7ab43325e33433e1e3/vscode.lock': Lock acquired.
[2022-04-23 11:23:39.881] [exthost] [info] ExtensionService#_doActivateExtension vscode.debug-auto-launch, startup: true, activationEvent: '*'
[2022-04-23 11:23:39.888] [exthost] [info] ExtensionService#_doActivateExtension vscode.git-base, startup: true, activationEvent: '*', root cause: vscode.github
[2022-04-23 11:23:40.286] [exthost] [info] ExtensionService#_doActivateExtension vscode.git, startup: true, activationEvent: '*'
[2022-04-23 11:23:40.533] [exthost] [info] ExtensionService#_doActivateExtension vscode.github, startup: true, activationEvent: '*'
[2022-04-23 11:23:40.951] [exthost] [info] ExtensionService#_doActivateExtension vscode.emmet, startup: false, activationEvent: 'onStartupFinished'
[2022-04-23 11:23:41.010] [exthost] [info] ExtensionService#_doActivateExtension vscode.merge-conflict, startup: false, activationEvent: 'onStartupFinished'
[2022-04-23 11:23:41.024] [exthost] [info] Eager extensions activated
[2022-04-23 11:23:41.392] [exthost] [warning] [Decorations] CAPPING events from decorations provider vscode.git 1782
[2022-04-23 11:24:36.960] [exthost] [warning] [Decorations] CAPPING events from decorations provider vscode.git 1783
[2022-04-23 11:24:42.091] [exthost] [warning] [Decorations] CAPPING events from decorations provider vscode.git 1783
[2022-04-23 11:24:47.245] [exthost] [warning] [Decorations] CAPPING events from decorations provider vscode.git 1783
[2022-04-23 11:24:52.432] [exthost] [warning] [Decorations] CAPPING events from decorations provider vscode.git 1783
[2022-04-23 11:24:57.546] [exthost] [warning] [Decorations] CAPPING events from decorations provider vscode.git 1783
[2022-04-23 11:25:02.759] [exthost] [warning] [Decorations] CAPPING events from decorations provider vscode.git 1783
[2022-04-23 11:25:07.871] [exthost] [warning] [Decorations] CAPPING events from decorations provider vscode.git 1783
[2022-04-23 11:25:13.001] [exthost] [warning] [Decorations] CAPPING events from decorations provider vscode.git 1783
[2022-04-23 11:25:18.223] [exthost] [warning] [Decorations] CAPPING events from decorations provider vscode.git 1783
[2022-04-23 11:25:23.488] [exthost] [warning] [Decorations] CAPPING events from decorations provider vscode.git 1783
[2022-04-23 11:25:28.856] [exthost] [warning] [Decorations] CAPPING events from decorations provider vscode.git 1783
[2022-04-23 11:26:16.960] [exthost] [warning] [Decorations] CAPPING events from decorations provider vscode.git 1783
[2022-04-23 11:39:08.244] [exthost] [warning] [Decorations] CAPPING events from decorations provider vscode.git 1783
[2022-04-23 11:39:13.430] [exthost] [warning] [Decorations] CAPPING events from decorations provider vscode.git 1783
[2022-04-23 11:39:18.641] [exthost] [warning] [Decorations] CAPPING events from decorations provider vscode.git 1783
[2022-04-23 11:39:26.564] [exthost] [warning] [Decorations] CAPPING events from decorations provider vscode.git 1783
[2022-04-23 11:39:31.741] [exthost] [warning] [Decorations] CAPPING events from decorations provider vscode.git 1783
[2022-04-23 11:39:37.370] [exthost] [warning] [Decorations] CAPPING events from decorations provider vscode.git 1783
[2022-04-23 11:47:35.892] [exthost] [warning] [Decorations] CAPPING events from decorations provider vscode.git 1783
[2022-04-23 11:47:41.842] [exthost] [warning] [Decorations] CAPPING events from decorations provider vscode.git 1783
[2022-04-23 11:47:53.421] [exthost] [warning] [Decorations] CAPPING events from decorations provider vscode.git 1783
[2022-04-23 11:48:01.768] [exthost] [warning] [Decorations] CAPPING events from decorations provider vscode.git 1783
[2022-04-23 11:48:25.799] [exthost] [warning] [Decorations] CAPPING events from decorations provider vscode.git 1783
[2022-04-23 11:48:30.916] [exthost] [warning] [Decorations] CAPPING events from decorations provider vscode.git 1783
[2022-04-23 12:34:47.480] [exthost] [warning] [Decorations] CAPPING events from decorations provider vscode.git 1783
[2022-04-23 12:34:52.595] [exthost] [warning] [Decorations] CAPPING events from decorations provider vscode.git 1783
[2022-04-23 12:34:57.787] [exthost] [warning] [Decorations] CAPPING events from decorations provider vscode.git 1783
[2022-04-23 12:35:02.951] [exthost] [warning] [Decorations] CAPPING events from decorations provider vscode.git 1783
[2022-04-23 12:35:08.044] [exthost] [warning] [Decorations] CAPPING events from decorations provider vscode.git 1783
[2022-04-23 12:35:13.239] [exthost] [warning] [Decorations] CAPPING events from decorations provider vscode.git 1783
[2022-04-23 12:36:27.291] [exthost] [warning] [Decorations] CAPPING events from decorations provider vscode.git 1783
[2022-04-23 12:36:34.872] [exthost] [warning] [Decorations] CAPPING events from decorations provider vscode.git 1783
[2022-04-23 12:36:40.041] [exthost] [warning] [Decorations] CAPPING events from decorations provider vscode.git 1783
[2022-04-23 12:36:47.623] [exthost] [warning] [Decorations] CAPPING events from decorations provider vscode.git 1783
[2022-04-23 12:36:57.220] [exthost] [warning] [Decorations] CAPPING events from decorations provider vscode.git 1783
[2022-04-23 12:37:10.645] [exthost] [warning] [Decorations] CAPPING events from decorations provider vscode.git 1783
[2022-04-23 12:37:20.784] [exthost] [warning] [Decorations] CAPPING events from decorations provider vscode.git 1783
[2022-04-23 12:37:25.911] [exthost] [warning] [Decorations] CAPPING events from decorations provider vscode.git 1783
[2022-04-23 12:37:31.049] [exthost] [warning] [Decorations] CAPPING events from decorations provider vscode.git 1783
[2022-04-23 12:37:36.324] [exthost] [warning] [Decorations] CAPPING events from decorations provider vscode.git 1783
[2022-04-23 12:37:42.654] [exthost] [warning] [Decorations] CAPPING events from decorations provider vscode.git 1783
[2022-04-23 12:37:59.103] [exthost] [warning] [Decorations] CAPPING events from decorations provider vscode.git 1783
[2022-04-23 12:38:10.421] [exthost] [warning] [Decorations] CAPPING events from decorations provider vscode.git 1783
[2022-04-23 12:38:27.651] [exthost] [warning] [Decorations] CAPPING events from decorations provider vscode.git 1783
[2022-04-23 12:38:32.756] [exthost] [warning] [Decorations] CAPPING events from decorations provider vscode.git 1783
[2022-04-23 12:38:37.919] [exthost] [warning] [Decorations] CAPPING events from decorations provider vscode.git 1783
[2022-04-23 12:38:43.019] [exthost] [warning] [Decorations] CAPPING events from decorations provider vscode.git 1783
[2022-04-23 12:38:48.115] [exthost] [warning] [Decorations] CAPPING events from decorations provider vscode.git 1783
[2022-04-23 12:38:53.299] [exthost] [warning] [Decorations] CAPPING events from decorations provider vscode.git 1783
[2022-04-23 12:38:58.413] [exthost] [warning] [Decorations] CAPPING events from decorations provider vscode.git 1783
[2022-04-23 12:39:03.512] [exthost] [warning] [Decorations] CAPPING events from decorations provider vscode.git 1783
[2022-04-23 12:39:08.617] [exthost] [warning] [Decorations] CAPPING events from decorations provider vscode.git 1783
[2022-04-23 12:39:13.865] [exthost] [warning] [Decorations] CAPPING events from decorations provider vscode.git 1783
[2022-04-23 12:39:18.970] [exthost] [warning] [Decorations] CAPPING events from decorations provider vscode.git 1783
[2022-04-23 12:39:24.100] [exthost] [warning] [Decorations] CAPPING events from decorations provider vscode.git 1783
[2022-04-23 12:39:29.231] [exthost] [warning] [Decorations] CAPPING events from decorations provider vscode.git 1783
[2022-04-23 12:39:34.409] [exthost] [warning] [Decorations] CAPPING events from decorations provider vscode.git 1783
[2022-04-23 12:39:39.528] [exthost] [warning] [Decorations] CAPPING events from decorations provider vscode.git 1783
[2022-04-23 12:39:44.617] [exthost] [warning] [Decorations] CAPPING events from decorations provider vscode.git 1783
[2022-04-23 12:39:49.835] [exthost] [warning] [Decorations] CAPPING events from decorations provider vscode.git 1783
[2022-04-23 12:39:54.938] [exthost] [warning] [Decorations] CAPPING events from decorations provider vscode.git 1783
[2022-04-23 12:40:00.183] [exthost] [warning] [Decorations] CAPPING events from decorations provider vscode.git 1783
[2022-04-23 12:40:05.281] [exthost] [warning] [Decorations] CAPPING events from decorations provider vscode.git 1783
[2022-04-23 12:40:10.448] [exthost] [warning] [Decorations] CAPPING events from decorations provider vscode.git 1783
[2022-04-23 12:40:15.550] [exthost] [warning] [Decorations] CAPPING events from decorations provider vscode.git 1783
[2022-04-23 12:40:20.842] [exthost] [warning] [Decorations] CAPPING events from decorations provider vscode.git 1783
[2022-04-23 12:40:26.001] [exthost] [warning] [Decorations] CAPPING events from decorations provider vscode.git 1783
[2022-04-23 12:40:31.172] [exthost] [warning] [Decorations] CAPPING events from decorations provider vscode.git 1783
[2022-04-23 12:40:36.278] [exthost] [warning] [Decorations] CAPPING events from decorations provider vscode.git 1783
[2022-04-23 12:40:41.472] [exthost] [warning] [Decorations] CAPPING events from decorations provider vscode.git 1783
[2022-04-23 12:40:46.571] [exthost] [warning] [Decorations] CAPPING events from decorations provider vscode.git 1783
[2022-04-23 12:40:51.758] [exthost] [warning] [Decorations] CAPPING events from decorations provider vscode.git 1783
[2022-04-23 12:40:56.873] [exthost] [warning] [Decorations] CAPPING events from decorations provider vscode.git 1783
[2022-04-23 12:41:02.062] [exthost] [warning] [Decorations] CAPPING events from decorations provider vscode.git 1783
[2022-04-23 12:41:07.157] [exthost] [warning] [Decorations] CAPPING events from decorations provider vscode.git 1783
[2022-04-23 12:41:12.349] [exthost] [warning] [Decorations] CAPPING events from decorations provider vscode.git 1783
[2022-04-23 12:41:17.497] [exthost] [warning] [Decorations] CAPPING events from decorations provider vscode.git 1783
[2022-04-23 12:41:22.741] [exthost] [warning] [Decorations] CAPPING events from decorations provider vscode.git 1783
[2022-04-23 12:41:27.896] [exthost] [warning] [Decorations] CAPPING events from decorations provider vscode.git 1783
[2022-04-23 12:41:33.050] [exthost] [warning] [Decorations] CAPPING events from decorations provider vscode.git 1783
[2022-04-23 12:41:38.532] [exthost] [warning] [Decorations] CAPPING events from decorations provider vscode.git 1783
[2022-04-23 12:41:43.778] [exthost] [warning] [Decorations] CAPPING events from decorations provider vscode.git 1783
[2022-04-23 12:41:49.115] [exthost] [warning] [Decorations] CAPPING events from decorations provider vscode.git 1783
[2022-04-23 12:41:54.269] [exthost] [warning] [Decorations] CAPPING events from decorations provider vscode.git 1783
[2022-04-23 12:41:59.602] [exthost] [warning] [Decorations] CAPPING events from decorations provider vscode.git 1783
[2022-04-23 12:42:04.846] [exthost] [warning] [Decorations] CAPPING events from decorations provider vscode.git 1783
[2022-04-23 12:42:10.049] [exthost] [warning] [Decorations] CAPPING events from decorations provider vscode.git 1783
[2022-04-23 12:42:15.227] [exthost] [warning] [Decorations] CAPPING events from decorations provider vscode.git 1783
[2022-04-23 12:42:20.386] [exthost] [warning] [Decorations] CAPPING events from decorations provider vscode.git 1783
[2022-04-23 12:42:25.568] [exthost] [warning] [Decorations] CAPPING events from decorations provider vscode.git 1783
[2022-04-23 12:42:30.827] [exthost] [warning] [Decorations] CAPPING events from decorations provider vscode.git 1783
[2022-04-23 12:42:37.703] [exthost] [warning] [Decorations] CAPPING events from decorations provider vscode.git 1783
[2022-04-23 12:42:42.829] [exthost] [warning] [Decorations] CAPPING events from decorations provider vscode.git 1783
[2022-04-23 12:42:48.084] [exthost] [warning] [Decorations] CAPPING events from decorations provider vscode.git 1783
[2022-04-23 12:42:53.205] [exthost] [warning] [Decorations] CAPPING events from decorations provider vscode.git 1783
[2022-04-23 12:42:58.435] [exthost] [warning] [Decorations] CAPPING events from decorations provider vscode.git 1783
[2022-04-23 12:43:03.561] [exthost] [warning] [Decorations] CAPPING events from decorations provider vscode.git 1783
[2022-04-23 12:43:08.809] [exthost] [warning] [Decorations] CAPPING events from decorations provider vscode.git 1783
[2022-04-23 12:43:14.044] [exthost] [warning] [Decorations] CAPPING events from decorations provider vscode.git 1783
[2022-04-23 12:43:19.246] [exthost] [warning] [Decorations] CAPPING events from decorations provider vscode.git 1783
[2022-04-23 12:43:24.392] [exthost] [warning] [Decorations] CAPPING events from decorations provider vscode.git 1783
[2022-04-23 12:43:29.709] [exthost] [warning] [Decorations] CAPPING events from decorations provider vscode.git 1783
[2022-04-23 12:43:34.866] [exthost] [warning] [Decorations] CAPPING events from decorations provider vscode.git 1783
[2022-04-23 12:43:40.215] [exthost] [warning] [Decorations] CAPPING events from decorations provider vscode.git 1783
[2022-04-23 12:43:45.352] [exthost] [warning] [Decorations] CAPPING events from decorations provider vscode.git 1783
[2022-04-23 12:43:50.554] [exthost] [warning] [Decorations] CAPPING events from decorations provider vscode.git 1783
[2022-04-23 12:43:55.714] [exthost] [warning] [Decorations] CAPPING events from decorations provider vscode.git 1783
[2022-04-23 12:44:00.923] [exthost] [warning] [Decorations] CAPPING events from decorations provider vscode.git 1783
[2022-04-23 12:44:06.044] [exthost] [warning] [Decorations] CAPPING events from decorations provider vscode.git 1783
[2022-04-23 12:44:11.175] [exthost] [warning] [Decorations] CAPPING events from decorations provider vscode.git 1783
[2022-04-23 12:44:16.321] [exthost] [warning] [Decorations] CAPPING events from decorations provider vscode.git 1783
[2022-04-23 12:44:21.496] [exthost] [warning] [Decorations] CAPPING events from decorations provider vscode.git 1783
[2022-04-23 12:44:26.667] [exthost] [warning] [Decorations] CAPPING events from decorations provider vscode.git 1783
[2022-04-23 12:44:31.803] [exthost] [warning] [Decorations] CAPPING events from decorations provider vscode.git 1783
[2022-04-23 12:44:36.921] [exthost] [warning] [Decorations] CAPPING events from decorations provider vscode.git 1783
[2022-04-23 12:44:42.101] [exthost] [warning] [Decorations] CAPPING events from decorations provider vscode.git 1783
[2022-04-23 12:44:47.334] [exthost] [warning] [Decorations] CAPPING events from decorations provider vscode.git 1783
[2022-04-23 12:44:52.476] [exthost] [warning] [Decorations] CAPPING events from decorations provider vscode.git 1783
[2022-04-23 12:44:57.622] [exthost] [warning] [Decorations] CAPPING events from decorations provider vscode.git 1783
[2022-04-23 12:45:02.926] [exthost] [warning] [Decorations] CAPPING events from decorations provider vscode.git 1783
[2022-04-23 12:45:08.069] [exthost] [warning] [Decorations] CAPPING events from decorations provider vscode.git 1783
[2022-04-23 12:45:13.342] [exthost] [warning] [Decorations] CAPPING events from decorations provider vscode.git 1783
[2022-04-23 12:45:18.461] [exthost] [warning] [Decorations] CAPPING events from decorations provider vscode.git 1783
[2022-04-23 12:45:23.698] [exthost] [warning] [Decorations] CAPPING events from decorations provider vscode.git 1783
[2022-04-23 12:45:28.816] [exthost] [warning] [Decorations] CAPPING events from decorations provider vscode.git 1783
[2022-04-23 12:45:33.936] [exthost] [warning] [Decorations] CAPPING events from decorations provider vscode.git 1783
[2022-04-23 12:45:39.060] [exthost] [warning] [Decorations] CAPPING events from decorations provider vscode.git 1783
[2022-04-23 12:45:44.196] [exthost] [warning] [Decorations] CAPPING events from decorations provider vscode.git 1783
[2022-04-23 12:45:49.526] [exthost] [warning] [Decorations] CAPPING events from decorations provider vscode.git 1783
[2022-04-23 12:45:54.723] [exthost] [warning] [Decorations] CAPPING events from decorations provider vscode.git 1783
[2022-04-23 12:45:59.852] [exthost] [warning] [Decorations] CAPPING events from decorations provider vscode.git 1783
[2022-04-23 12:46:05.156] [exthost] [warning] [Decorations] CAPPING events from decorations provider vscode.git 1783
[2022-04-23 12:46:10.254] [exthost] [warning] [Decorations] CAPPING events from decorations provider vscode.git 1783
[2022-04-23 12:46:15.385] [exthost] [warning] [Decorations] CAPPING events from decorations provider vscode.git 1783
[2022-04-23 12:46:20.487] [exthost] [warning] [Decorations] CAPPING events from decorations provider vscode.git 1783
[2022-04-23 12:46:25.639] [exthost] [warning] [Decorations] CAPPING events from decorations provider vscode.git 1783
[2022-04-23 12:46:30.828] [exthost] [warning] [Decorations] CAPPING events from decorations provider vscode.git 1783
[2022-04-23 12:46:35.951] [exthost] [warning] [Decorations] CAPPING events from decorations provider vscode.git 1783
[2022-04-23 12:46:41.056] [exthost] [warning] [Decorations] CAPPING events from decorations provider vscode.git 1783
[2022-04-23 12:46:46.200] [exthost] [warning] [Decorations] CAPPING events from decorations provider vscode.git 1783
[2022-04-23 12:46:51.327] [exthost] [warning] [Decorations] CAPPING events from decorations provider vscode.git 1783
[2022-04-23 12:46:56.485] [exthost] [warning] [Decorations] CAPPING events from decorations provider vscode.git 1783
[2022-04-23 12:47:01.775] [exthost] [warning] [Decorations] CAPPING events from decorations provider vscode.git 1783
[2022-04-23 12:47:06.900] [exthost] [warning] [Decorations] CAPPING events from decorations provider vscode.git 1783
[2022-04-23 12:47:12.015] [exthost] [warning] [Decorations] CAPPING events from decorations provider vscode.git 1783
[2022-04-23 12:47:17.218] [exthost] [warning] [Decorations] CAPPING events from decorations provider vscode.git 1783
[2022-04-23 12:47:22.348] [exthost] [warning] [Decorations] CAPPING events from decorations provider vscode.git 1783
[2022-04-23 12:47:27.500] [exthost] [warning] [Decorations] CAPPING events from decorations provider vscode.git 1783
[2022-04-23 12:47:32.601] [exthost] [warning] [Decorations] CAPPING events from decorations provider vscode.git 1783
[2022-04-23 12:47:37.836] [exthost] [warning] [Decorations] CAPPING events from decorations provider vscode.git 1783
[2022-04-23 12:47:44.795] [exthost] [warning] [Decorations] CAPPING events from decorations provider vscode.git 1783
[2022-04-23 12:47:49.959] [exthost] [warning] [Decorations] CAPPING events from decorations provider vscode.git 1783
[2022-04-23 12:47:55.091] [exthost] [warning] [Decorations] CAPPING events from decorations provider vscode.git 1783
[2022-04-23 12:48:01.898] [exthost] [warning] [Decorations] CAPPING events from decorations provider vscode.git 1783
[2022-04-23 12:48:39.224] [exthost] [warning] [Decorations] CAPPING events from decorations provider vscode.git 1783
[2022-04-23 12:49:00.421] [exthost] [warning] [Decorations] CAPPING events from decorations provider vscode.git 1783
[2022-04-23 14:00:14.347] [exthost] [warning] [Decorations] CAPPING events from decorations provider vscode.git 1783
[2022-04-23 14:00:19.112] [exthost] [info] ExtensionService#_doActivateExtension vscode.extension-editing, startup: false, activationEvent: 'onLanguage:markdown'
[2022-04-23 14:00:19.192] [exthost] [info] ExtensionService#_doActivateExtension vscode.markdown-language-features, startup: false, activationEvent: 'onLanguage:markdown'
[2022-04-23 14:00:19.509] [exthost] [warning] [Decorations] CAPPING events from decorations provider vscode.git 1783
[2022-04-23 14:00:20.761] [exthost] [info] ExtensionService#_doActivateExtension vscode.markdown-math, startup: false, activationEvent: 'api', root cause: vscode.markdown-language-features
[2022-04-23 14:00:24.654] [exthost] [warning] [Decorations] CAPPING events from decorations provider vscode.git 1783
[2022-04-23 14:00:29.766] [exthost] [warning] [Decorations] CAPPING events from decorations provider vscode.git 1783
[2022-04-23 14:00:45.626] [exthost] [warning] [Decorations] CAPPING events from decorations provider vscode.git 1783
[2022-04-23 14:00:53.506] [exthost] [warning] [Decorations] CAPPING events from decorations provider vscode.git 1783
[2022-04-23 14:01:03.697] [exthost] [warning] [Decorations] CAPPING events from decorations provider vscode.git 1783
[2022-04-23 14:01:14.609] [exthost] [warning] [Decorations] CAPPING events from decorations provider vscode.git 1783
[2022-04-23 14:01:24.338] [exthost] [warning] [Decorations] CAPPING events from decorations provider vscode.git 1783
[2022-04-23 14:36:16.911] [exthost] [warning] [Decorations] CAPPING events from decorations provider vscode.git 1783
[2022-04-23 14:36:22.031] [exthost] [warning] [Decorations] CAPPING events from decorations provider vscode.git 1783
[2022-04-23 14:36:27.634] [exthost] [warning] [Decorations] CAPPING events from decorations provider vscode.git 1783
[2022-04-23 14:36:41.707] [exthost] [warning] [Decorations] CAPPING events from decorations provider vscode.git 1783
[2022-04-23 14:37:44.996] [exthost] [warning] [Decorations] CAPPING events from decorations provider vscode.git 1783
[2022-04-23 14:38:06.360] [exthost] [warning] [Decorations] CAPPING events from decorations provider vscode.git 1783
[2022-04-23 14:48:10.202] [exthost] [warning] [Decorations] CAPPING events from decorations provider vscode.git 1783
[2022-04-23 14:48:15.343] [exthost] [warning] [Decorations] CAPPING events from decorations provider vscode.git 1783
[2022-04-23 14:48:20.466] [exthost] [warning] [Decorations] CAPPING events from decorations provider vscode.git 1783
[2022-04-23 14:48:21.916] [exthost] [info] ExtensionService#_doActivateExtension vscode.typescript-language-features, startup: false, activationEvent: 'onLanguage:javascript'
[2022-04-23 14:48:26.386] [exthost] [warning] [Decorations] CAPPING events from decorations provider vscode.git 1784
[2022-04-23 14:48:37.613] [exthost] [warning] [Decorations] CAPPING events from decorations provider vscode.git 1784
[2022-04-23 14:48:42.745] [exthost] [warning] [Decorations] CAPPING events from decorations provider vscode.git 1784
[2022-04-23 14:48:47.863] [exthost] [warning] [Decorations] CAPPING events from decorations provider vscode.git 1784
[2022-04-23 14:48:53.072] [exthost] [warning] [Decorations] CAPPING events from decorations provider vscode.git 1784
[2022-04-23 14:48:59.306] [exthost] [warning] [Decorations] CAPPING events from decorations provider vscode.git 1784
[2022-04-23 14:49:04.484] [exthost] [warning] [Decorations] CAPPING events from decorations provider vscode.git 1784
[2022-04-23 14:49:09.622] [exthost] [warning] [Decorations] CAPPING events from decorations provider vscode.git 1784
[2022-04-23 14:49:14.731] [exthost] [warning] [Decorations] CAPPING events from decorations provider vscode.git 1784
[2022-04-23 14:49:19.866] [exthost] [warning] [Decorations] CAPPING events from decorations provider vscode.git 1784
[2022-04-23 14:49:25.121] [exthost] [warning] [Decorations] CAPPING events from decorations provider vscode.git 1784
[2022-04-23 14:49:30.484] [exthost] [warning] [Decorations] CAPPING events from decorations provider vscode.git 1784
[2022-04-23 14:49:35.649] [exthost] [warning] [Decorations] CAPPING events from decorations provider vscode.git 1784
[2022-04-23 14:49:40.771] [exthost] [warning] [Decorations] CAPPING events from decorations provider vscode.git 1784
[2022-04-23 14:49:45.907] [exthost] [warning] [Decorations] CAPPING events from decorations provider vscode.git 1784
[2022-04-23 14:49:51.052] [exthost] [warning] [Decorations] CAPPING events from decorations provider vscode.git 1784
[2022-04-23 14:49:56.178] [exthost] [warning] [Decorations] CAPPING events from decorations provider vscode.git 1784
[2022-04-23 14:50:01.317] [exthost] [warning] [Decorations] CAPPING events from decorations provider vscode.git 1784
[2022-04-23 14:50:06.436] [exthost] [warning] [Decorations] CAPPING events from decorations provider vscode.git 1784
[2022-04-23 14:50:11.577] [exthost] [warning] [Decorations] CAPPING events from decorations provider vscode.git 1784
[2022-04-23 14:50:16.716] [exthost] [warning] [Decorations] CAPPING events from decorations provider vscode.git 1784
[2022-04-23 14:50:21.875] [exthost] [warning] [Decorations] CAPPING events from decorations provider vscode.git 1784
[2022-04-23 14:57:25.820] [exthost] [warning] [Decorations] CAPPING events from decorations provider vscode.git 1784
[2022-04-23 14:57:30.951] [exthost] [warning] [Decorations] CAPPING events from decorations provider vscode.git 1784
[2022-04-23 14:58:35.697] [exthost] [warning] [Decorations] CAPPING events from decorations provider vscode.git 1784
[2022-04-23 14:59:37.928] [exthost] [warning] [Decorations] CAPPING events from decorations provider vscode.git 1784
[2022-04-23 14:59:43.201] [exthost] [warning] [Decorations] CAPPING events from decorations provider vscode.git 1784
[2022-04-23 14:59:53.051] [exthost] [warning] [Decorations] CAPPING events from decorations provider vscode.git 1784
[2022-04-23 14:59:58.208] [exthost] [warning] [Decorations] CAPPING events from decorations provider vscode.git 1784
[2022-04-23 15:00:33.832] [exthost] [warning] [Decorations] CAPPING events from decorations provider vscode.git 1784
[2022-04-23 15:00:38.989] [exthost] [warning] [Decorations] CAPPING events from decorations provider vscode.git 1784
[2022-04-23 15:00:44.337] [exthost] [warning] [Decorations] CAPPING events from decorations provider vscode.git 1784
[2022-04-23 15:00:49.484] [exthost] [warning] [Decorations] CAPPING events from decorations provider vscode.git 1784
[2022-04-23 15:00:58.142] [exthost] [warning] [Decorations] CAPPING events from decorations provider vscode.git 1784
[2022-04-23 15:01:27.326] [exthost] [warning] [Decorations] CAPPING events from decorations provider vscode.git 1784
[2022-04-23 15:02:03.084] [exthost] [warning] [Decorations] CAPPING events from decorations provider vscode.git 1784
[2022-04-23 15:02:08.193] [exthost] [warning] [Decorations] CAPPING events from decorations provider vscode.git 1784
[2022-04-23 15:02:13.329] [exthost] [warning] [Decorations] CAPPING events from decorations provider vscode.git 1784
[2022-04-23 15:02:18.471] [exthost] [warning] [Decorations] CAPPING events from decorations provider vscode.git 1784
[2022-04-23 15:02:23.721] [exthost] [warning] [Decorations] CAPPING events from decorations provider vscode.git 1784
[2022-04-23 15:02:29.044] [exthost] [warning] [Decorations] CAPPING events from decorations provider vscode.git 1784
[2022-04-23 15:02:36.420] [exthost] [warning] [Decorations] CAPPING events from decorations provider vscode.git 1784
[2022-04-23 15:02:51.379] [exthost] [warning] [Decorations] CAPPING events from decorations provider vscode.git 1784
[2022-04-23 15:10:20.057] [exthost] [warning] [Decorations] CAPPING events from decorations provider vscode.git 1784
[2022-04-23 15:10:25.197] [exthost] [warning] [Decorations] CAPPING events from decorations provider vscode.git 1784
[2022-04-23 15:10:30.298] [exthost] [warning] [Decorations] CAPPING events from decorations provider vscode.git 1784
[2022-04-23 15:10:35.395] [exthost] [warning] [Decorations] CAPPING events from decorations provider vscode.git 1784
[2022-04-23 15:10:42.049] [exthost] [warning] [Decorations] CAPPING events from decorations provider vscode.git 1784
[2022-04-23 15:10:55.169] [exthost] [warning] [Decorations] CAPPING events from decorations provider vscode.git 1784
[2022-04-23 15:11:00.274] [exthost] [warning] [Decorations] CAPPING events from decorations provider vscode.git 1784
[2022-04-23 15:11:05.371] [exthost] [warning] [Decorations] CAPPING events from decorations provider vscode.git 1784
[2022-04-23 15:11:10.489] [exthost] [warning] [Decorations] CAPPING events from decorations provider vscode.git 1784
[2022-04-23 15:11:15.586] [exthost] [warning] [Decorations] CAPPING events from decorations provider vscode.git 1784
[2022-04-23 15:11:20.694] [exthost] [warning] [Decorations] CAPPING events from decorations provider vscode.git 1784
[2022-04-23 15:11:25.802] [exthost] [warning] [Decorations] CAPPING events from decorations provider vscode.git 1784
[2022-04-23 15:11:30.925] [exthost] [warning] [Decorations] CAPPING events from decorations provider vscode.git 1784
[2022-04-23 15:11:36.054] [exthost] [warning] [Decorations] CAPPING events from decorations provider vscode.git 1784
[2022-04-23 15:11:41.153] [exthost] [warning] [Decorations] CAPPING events from decorations provider vscode.git 1784
[2022-04-23 15:11:47.880] [exthost] [warning] [Decorations] CAPPING events from decorations provider vscode.git 1784
[2022-04-23 15:11:52.980] [exthost] [warning] [Decorations] CAPPING events from decorations provider vscode.git 1784
[2022-04-23 15:12:08.450] [exthost] [warning] [Decorations] CAPPING events from decorations provider vscode.git 1784
[2022-04-23 15:12:14.217] [exthost] [warning] [Decorations] CAPPING events from decorations provider vscode.git 1784
[2022-04-23 15:12:31.755] [exthost] [warning] [Decorations] CAPPING events from decorations provider vscode.git 1784
[2022-04-23 15:12:36.877] [exthost] [warning] [Decorations] CAPPING events from decorations provider vscode.git 1784
[2022-04-23 15:13:06.839] [exthost] [warning] [Decorations] CAPPING events from decorations provider vscode.git 1784
[2022-04-23 15:13:24.761] [exthost] [warning] [Decorations] CAPPING events from decorations provider vscode.git 1784
[2022-04-23 15:14:16.457] [exthost] [warning] [Decorations] CAPPING events from decorations provider vscode.git 1784
[2022-04-23 15:14:33.612] [exthost] [warning] [Decorations] CAPPING events from decorations provider vscode.git 1784
[2022-04-23 15:14:48.848] [exthost] [warning] [Decorations] CAPPING events from decorations provider vscode.git 1784
[2022-04-23 15:14:53.988] [exthost] [warning] [Decorations] CAPPING events from decorations provider vscode.git 1784
[2022-04-23 15:15:16.152] [exthost] [warning] [Decorations] CAPPING events from decorations provider vscode.git 1784
[2022-04-23 15:16:04.366] [exthost] [warning] [Decorations] CAPPING events from decorations provider vscode.git 1784
[2022-04-23 15:20:47.855] [exthost] [warning] [Decorations] CAPPING events from decorations provider vscode.git 1784
[2022-04-23 15:20:53.009] [exthost] [warning] [Decorations] CAPPING events from decorations provider vscode.git 1784
[2022-04-23 15:21:23.443] [exthost] [warning] [Decorations] CAPPING events from decorations provider vscode.git 1784
[2022-04-23 15:21:28.777] [exthost] [warning] [Decorations] CAPPING events from decorations provider vscode.git 1784
[2022-04-23 15:21:33.942] [exthost] [warning] [Decorations] CAPPING events from decorations provider vscode.git 1784
[2022-04-23 15:21:39.112] [exthost] [warning] [Decorations] CAPPING events from decorations provider vscode.git 1784
[2022-04-23 15:21:46.571] [exthost] [warning] [Decorations] CAPPING events from decorations provider vscode.git 1784
[2022-04-23 15:24:26.315] [exthost] [warning] [Decorations] CAPPING events from decorations provider vscode.git 1784
[2022-04-23 15:24:39.566] [exthost] [warning] [Decorations] CAPPING events from decorations provider vscode.git 1784
[2022-04-23 15:25:31.129] [exthost] [warning] [Decorations] CAPPING events from decorations provider vscode.git 1784
[2022-04-23 15:26:45.948] [exthost] [warning] [Decorations] CAPPING events from decorations provider vscode.git 1784
[2022-04-23 15:26:51.108] [exthost] [warning] [Decorations] CAPPING events from decorations provider vscode.git 1784
[2022-04-23 15:26:56.251] [exthost] [warning] [Decorations] CAPPING events from decorations provider vscode.git 1784
[2022-04-23 15:27:01.477] [exthost] [warning] [Decorations] CAPPING events from decorations provider vscode.git 1784
[2022-04-23 15:27:06.798] [exthost] [warning] [Decorations] CAPPING events from decorations provider vscode.git 1784
[2022-04-23 15:27:12.075] [exthost] [warning] [Decorations] CAPPING events from decorations provider vscode.git 1784
[2022-04-23 15:27:18.888] [exthost] [warning] [Decorations] CAPPING events from decorations provider vscode.git 1784
[2022-04-23 15:28:38.893] [exthost] [warning] [Decorations] CAPPING events from decorations provider vscode.git 1784
[2022-04-23 16:11:51.852] [exthost] [warning] [Decorations] CAPPING events from decorations provider vscode.git 1784
[2022-04-23 16:11:56.996] [exthost] [warning] [Decorations] CAPPING events from decorations provider vscode.git 1784
[2022-04-23 16:12:02.211] [exthost] [warning] [Decorations] CAPPING events from decorations provider vscode.git 1784
[2022-04-23 16:12:07.344] [exthost] [warning] [Decorations] CAPPING events from decorations provider vscode.git 1784
[2022-04-23 16:13:12.741] [exthost] [warning] [Decorations] CAPPING events from decorations provider vscode.git 1784
[2022-04-23 16:13:17.851] [exthost] [warning] [Decorations] CAPPING events from decorations provider vscode.git 1784
[2022-04-23 16:13:22.974] [exthost] [warning] [Decorations] CAPPING events from decorations provider vscode.git 1784
[2022-04-23 16:13:28.157] [exthost] [warning] [Decorations] CAPPING events from decorations provider vscode.git 1784
[2022-04-23 16:13:33.959] [exthost] [warning] [Decorations] CAPPING events from decorations provider vscode.git 1784
[2022-04-23 16:13:39.082] [exthost] [warning] [Decorations] CAPPING events from decorations provider vscode.git 1784
[2022-04-23 16:13:44.187] [exthost] [warning] [Decorations] CAPPING events from decorations provider vscode.git 1784
[2022-04-23 16:13:49.287] [exthost] [warning] [Decorations] CAPPING events from decorations provider vscode.git 1784
[2022-04-23 16:13:54.418] [exthost] [warning] [Decorations] CAPPING events from decorations provider vscode.git 1784
[2022-04-23 16:13:59.603] [exthost] [warning] [Decorations] CAPPING events from decorations provider vscode.git 1784
[2022-04-23 16:14:04.828] [exthost] [warning] [Decorations] CAPPING events from decorations provider vscode.git 1784
[2022-04-23 16:14:09.930] [exthost] [warning] [Decorations] CAPPING events from decorations provider vscode.git 1784
[2022-04-23 16:14:15.046] [exthost] [warning] [Decorations] CAPPING events from decorations provider vscode.git 1784
[2022-04-23 16:14:20.189] [exthost] [warning] [Decorations] CAPPING events from decorations provider vscode.git 1784
[2022-04-23 16:14:25.298] [exthost] [warning] [Decorations] CAPPING events from decorations provider vscode.git 1784
[2022-04-23 16:14:30.410] [exthost] [warning] [Decorations] CAPPING events from decorations provider vscode.git 1784
[2022-04-23 16:14:35.527] [exthost] [warning] [Decorations] CAPPING events from decorations provider vscode.git 1784
[2022-04-23 16:14:40.670] [exthost] [warning] [Decorations] CAPPING events from decorations provider vscode.git 1784
[2022-04-23 16:14:45.791] [exthost] [warning] [Decorations] CAPPING events from decorations provider vscode.git 1784
[2022-04-23 16:14:50.924] [exthost] [warning] [Decorations] CAPPING events from decorations provider vscode.git 1784
[2022-04-23 16:14:56.045] [exthost] [warning] [Decorations] CAPPING events from decorations provider vscode.git 1784
[2022-04-23 16:15:01.234] [exthost] [warning] [Decorations] CAPPING events from decorations provider vscode.git 1784
[2022-04-23 16:15:06.366] [exthost] [warning] [Decorations] CAPPING events from decorations provider vscode.git 1784
[2022-04-23 16:15:11.501] [exthost] [warning] [Decorations] CAPPING events from decorations provider vscode.git 1784
[2022-04-23 16:15:16.670] [exthost] [warning] [Decorations] CAPPING events from decorations provider vscode.git 1784
[2022-04-23 16:15:21.811] [exthost] [warning] [Decorations] CAPPING events from decorations provider vscode.git 1784
[2022-04-23 16:15:26.952] [exthost] [warning] [Decorations] CAPPING events from decorations provider vscode.git 1784
[2022-04-23 16:15:32.091] [exthost] [warning] [Decorations] CAPPING events from decorations provider vscode.git 1784
[2022-04-23 16:15:37.345] [exthost] [warning] [Decorations] CAPPING events from decorations provider vscode.git 1784
[2022-04-23 16:15:42.510] [exthost] [warning] [Decorations] CAPPING events from decorations provider vscode.git 1784
[2022-04-23 16:15:47.679] [exthost] [warning] [Decorations] CAPPING events from decorations provider vscode.git 1784
[2022-04-23 16:15:52.811] [exthost] [warning] [Decorations] CAPPING events from decorations provider vscode.git 1784
[2022-04-23 16:15:57.917] [exthost] [warning] [Decorations] CAPPING events from decorations provider vscode.git 1784
[2022-04-23 16:16:03.124] [exthost] [warning] [Decorations] CAPPING events from decorations provider vscode.git 1784
[2022-04-23 16:16:08.394] [exthost] [warning] [Decorations] CAPPING events from decorations provider vscode.git 1784
[2022-04-23 16:16:13.634] [exthost] [warning] [Decorations] CAPPING events from decorations provider vscode.git 1784
[2022-04-23 16:16:20.181] [exthost] [warning] [Decorations] CAPPING events from decorations provider vscode.git 1784
[2022-04-23 16:16:25.393] [exthost] [warning] [Decorations] CAPPING events from decorations provider vscode.git 1784
[2022-04-23 16:16:30.749] [exthost] [warning] [Decorations] CAPPING events from decorations provider vscode.git 1784
[2022-04-23 16:16:36.013] [exthost] [warning] [Decorations] CAPPING events from decorations provider vscode.git 1784
[2022-04-23 16:16:41.252] [exthost] [warning] [Decorations] CAPPING events from decorations provider vscode.git 1784
[2022-04-23 16:16:46.409] [exthost] [warning] [Decorations] CAPPING events from decorations provider vscode.git 1784
[2022-04-23 16:16:51.529] [exthost] [warning] [Decorations] CAPPING events from decorations provider vscode.git 1784
[2022-04-23 16:16:56.795] [exthost] [warning] [Decorations] CAPPING events from decorations provider vscode.git 1784
[2022-04-23 16:17:01.977] [exthost] [warning] [Decorations] CAPPING events from decorations provider vscode.git 1784
[2022-04-23 16:17:07.113] [exthost] [warning] [Decorations] CAPPING events from decorations provider vscode.git 1784
[2022-04-23 16:17:12.259] [exthost] [warning] [Decorations] CAPPING events from decorations provider vscode.git 1784
[2022-04-23 16:17:17.404] [exthost] [warning] [Decorations] CAPPING events from decorations provider vscode.git 1784
[2022-04-23 16:17:22.754] [exthost] [warning] [Decorations] CAPPING events from decorations provider vscode.git 1784
[2022-04-23 16:17:27.912] [exthost] [warning] [Decorations] CAPPING events from decorations provider vscode.git 1784
[2022-04-23 16:17:33.120] [exthost] [warning] [Decorations] CAPPING events from decorations provider vscode.git 1784
[2022-04-23 16:17:38.317] [exthost] [warning] [Decorations] CAPPING events from decorations provider vscode.git 1784
[2022-04-23 16:17:43.832] [exthost] [warning] [Decorations] CAPPING events from decorations provider vscode.git 1784
[2022-04-23 16:17:48.978] [exthost] [warning] [Decorations] CAPPING events from decorations provider vscode.git 1784
[2022-04-23 16:17:54.103] [exthost] [warning] [Decorations] CAPPING events from decorations provider vscode.git 1784
[2022-04-23 16:17:59.327] [exthost] [warning] [Decorations] CAPPING events from decorations provider vscode.git 1784
[2022-04-23 16:18:04.457] [exthost] [warning] [Decorations] CAPPING events from decorations provider vscode.git 1784
[2022-04-23 16:18:09.603] [exthost] [warning] [Decorations] CAPPING events from decorations provider vscode.git 1784
[2022-04-23 16:18:14.775] [exthost] [warning] [Decorations] CAPPING events from decorations provider vscode.git 1784
[2022-04-23 16:18:19.974] [exthost] [warning] [Decorations] CAPPING events from decorations provider vscode.git 1784
[2022-04-23 16:18:25.150] [exthost] [warning] [Decorations] CAPPING events from decorations provider vscode.git 1784
[2022-04-23 16:18:30.273] [exthost] [warning] [Decorations] CAPPING events from decorations provider vscode.git 1784
[2022-04-23 16:18:35.444] [exthost] [warning] [Decorations] CAPPING events from decorations provider vscode.git 1784
[2022-04-23 16:18:40.696] [exthost] [warning] [Decorations] CAPPING events from decorations provider vscode.git 1784
[2022-04-23 16:18:47.199] [exthost] [warning] [Decorations] CAPPING events from decorations provider vscode.git 1784
[2022-04-23 16:18:52.403] [exthost] [warning] [Decorations] CAPPING events from decorations provider vscode.git 1784
[2022-04-23 16:18:57.530] [exthost] [warning] [Decorations] CAPPING events from decorations provider vscode.git 1784
[2022-04-23 16:19:02.895] [exthost] [warning] [Decorations] CAPPING events from decorations provider vscode.git 1784
[2022-04-23 16:19:08.144] [exthost] [warning] [Decorations] CAPPING events from decorations provider vscode.git 1784
[2022-04-23 16:19:13.290] [exthost] [warning] [Decorations] CAPPING events from decorations provider vscode.git 1784
[2022-04-23 16:19:18.528] [exthost] [warning] [Decorations] CAPPING events from decorations provider vscode.git 1784
[2022-04-23 16:19:23.637] [exthost] [warning] [Decorations] CAPPING events from decorations provider vscode.git 1784
[2022-04-23 16:19:28.751] [exthost] [warning] [Decorations] CAPPING events from decorations provider vscode.git 1784
[2022-04-23 16:19:33.998] [exthost] [warning] [Decorations] CAPPING events from decorations provider vscode.git 1784
[2022-04-23 16:19:39.092] [exthost] [warning] [Decorations] CAPPING events from decorations provider vscode.git 1784
[2022-04-23 16:19:44.343] [exthost] [warning] [Decorations] CAPPING events from decorations provider vscode.git 1784
[2022-04-23 16:19:49.549] [exthost] [warning] [Decorations] CAPPING events from decorations provider vscode.git 1784
[2022-04-23 16:19:54.751] [exthost] [warning] [Decorations] CAPPING events from decorations provider vscode.git 1784
[2022-04-23 16:20:00.028] [exthost] [warning] [Decorations] CAPPING events from decorations provider vscode.git 1784
[2022-04-23 16:20:05.183] [exthost] [warning] [Decorations] CAPPING events from decorations provider vscode.git 1784
[2022-04-23 16:20:10.320] [exthost] [warning] [Decorations] CAPPING events from decorations provider vscode.git 1784
[2022-04-23 16:20:15.458] [exthost] [warning] [Decorations] CAPPING events from decorations provider vscode.git 1784
[2022-04-23 16:20:20.796] [exthost] [warning] [Decorations] CAPPING events from decorations provider vscode.git 1784
[2022-04-23 16:20:26.118] [exthost] [warning] [Decorations] CAPPING events from decorations provider vscode.git 1784
[2022-04-23 16:20:31.255] [exthost] [warning] [Decorations] CAPPING events from decorations provider vscode.git 1784
[2022-04-23 16:20:36.385] [exthost] [warning] [Decorations] CAPPING events from decorations provider vscode.git 1784
[2022-04-23 16:20:41.806] [exthost] [warning] [Decorations] CAPPING events from decorations provider vscode.git 1784
[2022-04-23 16:20:46.972] [exthost] [warning] [Decorations] CAPPING events from decorations provider vscode.git 1784
[2022-04-23 16:20:52.146] [exthost] [warning] [Decorations] CAPPING events from decorations provider vscode.git 1784
[2022-04-23 16:20:57.444] [exthost] [warning] [Decorations] CAPPING events from decorations provider vscode.git 1784
[2022-04-23 16:21:04.563] [exthost] [warning] [Decorations] CAPPING events from decorations provider vscode.git 1784
[2022-04-23 16:21:09.769] [exthost] [warning] [Decorations] CAPPING events from decorations provider vscode.git 1784
[2022-04-23 16:21:14.900] [exthost] [warning] [Decorations] CAPPING events from decorations provider vscode.git 1784
[2022-04-23 16:21:20.136] [exthost] [warning] [Decorations] CAPPING events from decorations provider vscode.git 1784
[2022-04-23 16:21:25.251] [exthost] [warning] [Decorations] CAPPING events from decorations provider vscode.git 1784
[2022-04-23 16:21:30.395] [exthost] [warning] [Decorations] CAPPING events from decorations provider vscode.git 1784
[2022-04-23 16:21:35.627] [exthost] [warning] [Decorations] CAPPING events from decorations provider vscode.git 1784
[2022-04-23 16:21:40.767] [exthost] [warning] [Decorations] CAPPING events from decorations provider vscode.git 1784
[2022-04-23 16:21:46.341] [exthost] [warning] [Decorations] CAPPING events from decorations provider vscode.git 1784
[2022-04-23 16:21:51.487] [exthost] [warning] [Decorations] CAPPING events from decorations provider vscode.git 1784
[2022-04-23 16:21:56.676] [exthost] [warning] [Decorations] CAPPING events from decorations provider vscode.git 1784
[2022-04-23 16:22:02.112] [exthost] [warning] [Decorations] CAPPING events from decorations provider vscode.git 1784
[2022-04-23 16:22:07.256] [exthost] [warning] [Decorations] CAPPING events from decorations provider vscode.git 1784
[2022-04-23 16:22:12.547] [exthost] [warning] [Decorations] CAPPING events from decorations provider vscode.git 1784
[2022-04-23 16:22:17.708] [exthost] [warning] [Decorations] CAPPING events from decorations provider vscode.git 1784
[2022-04-23 16:22:22.949] [exthost] [warning] [Decorations] CAPPING events from decorations provider vscode.git 1784
[2022-04-23 16:22:28.163] [exthost] [warning] [Decorations] CAPPING events from decorations provider vscode.git 1784
[2022-04-23 16:22:33.497] [exthost] [warning] [Decorations] CAPPING events from decorations provider vscode.git 1784
[2022-04-23 16:22:38.959] [exthost] [warning] [Decorations] CAPPING events from decorations provider vscode.git 1784
[2022-04-23 16:22:45.984] [exthost] [warning] [Decorations] CAPPING events from decorations provider vscode.git 1784
[2022-04-23 16:22:51.173] [exthost] [warning] [Decorations] CAPPING events from decorations provider vscode.git 1784
[2022-04-23 16:22:56.343] [exthost] [warning] [Decorations] CAPPING events from decorations provider vscode.git 1784
[2022-04-23 16:23:01.509] [exthost] [warning] [Decorations] CAPPING events from decorations provider vscode.git 1784
[2022-04-23 16:23:06.752] [exthost] [warning] [Decorations] CAPPING events from decorations provider vscode.git 1784
[2022-04-23 16:23:11.973] [exthost] [warning] [Decorations] CAPPING events from decorations provider vscode.git 1784
[2022-04-23 16:23:17.177] [exthost] [warning] [Decorations] CAPPING events from decorations provider vscode.git 1784
[2022-04-23 16:23:22.515] [exthost] [warning] [Decorations] CAPPING events from decorations provider vscode.git 1784
[2022-04-23 16:23:30.276] [exthost] [warning] [Decorations] CAPPING events from decorations provider vscode.git 1784
[2022-04-23 16:23:35.406] [exthost] [warning] [Decorations] CAPPING events from decorations provider vscode.git 1784
[2022-04-23 16:23:40.594] [exthost] [warning] [Decorations] CAPPING events from decorations provider vscode.git 1784
[2022-04-23 16:23:45.948] [exthost] [warning] [Decorations] CAPPING events from decorations provider vscode.git 1784
[2022-04-23 16:23:52.952] [exthost] [warning] [Decorations] CAPPING events from decorations provider vscode.git 1784
[2022-04-23 16:24:00.738] [exthost] [warning] [Decorations] CAPPING events from decorations provider vscode.git 1784
[2022-04-23 16:24:05.992] [exthost] [warning] [Decorations] CAPPING events from decorations provider vscode.git 1784
[2022-04-23 16:24:11.253] [exthost] [warning] [Decorations] CAPPING events from decorations provider vscode.git 1784
[2022-04-23 16:24:16.408] [exthost] [warning] [Decorations] CAPPING events from decorations provider vscode.git 1784
[2022-04-23 16:24:21.549] [exthost] [warning] [Decorations] CAPPING events from decorations provider vscode.git 1784
[2022-04-23 16:24:26.845] [exthost] [warning] [Decorations] CAPPING events from decorations provider vscode.git 1784
[2022-04-23 16:24:32.049] [exthost] [warning] [Decorations] CAPPING events from decorations provider vscode.git 1784
[2022-04-23 16:24:37.344] [exthost] [warning] [Decorations] CAPPING events from decorations provider vscode.git 1784
[2022-04-23 16:24:44.039] [exthost] [warning] [Decorations] CAPPING events from decorations provider vscode.git 1784
[2022-04-23 16:24:49.201] [exthost] [warning] [Decorations] CAPPING events from decorations provider vscode.git 1784
[2022-04-23 16:24:54.374] [exthost] [warning] [Decorations] CAPPING events from decorations provider vscode.git 1784
[2022-04-23 16:24:59.560] [exthost] [warning] [Decorations] CAPPING events from decorations provider vscode.git 1784
[2022-04-23 16:25:04.752] [exthost] [warning] [Decorations] CAPPING events from decorations provider vscode.git 1784
[2022-04-23 16:25:09.924] [exthost] [warning] [Decorations] CAPPING events from decorations provider vscode.git 1784
[2022-04-23 16:25:15.081] [exthost] [warning] [Decorations] CAPPING events from decorations provider vscode.git 1784
[2022-04-23 16:25:20.349] [exthost] [warning] [Decorations] CAPPING events from decorations provider vscode.git 1784
[2022-04-23 16:25:25.599] [exthost] [warning] [Decorations] CAPPING events from decorations provider vscode.git 1784
[2022-04-23 16:25:31.049] [exthost] [warning] [Decorations] CAPPING events from decorations provider vscode.git 1784
[2022-04-23 16:25:40.142] [exthost] [warning] [Decorations] CAPPING events from decorations provider vscode.git 1784
[2022-04-23 16:25:45.298] [exthost] [warning] [Decorations] CAPPING events from decorations provider vscode.git 1784
[2022-04-23 16:25:50.820] [exthost] [warning] [Decorations] CAPPING events from decorations provider vscode.git 1784
[2022-04-23 16:25:57.331] [exthost] [warning] [Decorations] CAPPING events from decorations provider vscode.git 1784
[2022-04-23 16:26:02.456] [exthost] [warning] [Decorations] CAPPING events from decorations provider vscode.git 1784
[2022-04-23 16:26:07.745] [exthost] [warning] [Decorations] CAPPING events from decorations provider vscode.git 1784
[2022-04-23 16:26:13.299] [exthost] [warning] [Decorations] CAPPING events from decorations provider vscode.git 1784
[2022-04-23 16:26:18.428] [exthost] [warning] [Decorations] CAPPING events from decorations provider vscode.git 1784
[2022-04-23 16:26:24.104] [exthost] [warning] [Decorations] CAPPING events from decorations provider vscode.git 1784
[2022-04-23 16:26:29.276] [exthost] [warning] [Decorations] CAPPING events from decorations provider vscode.git 1784
[2022-04-23 16:26:34.506] [exthost] [warning] [Decorations] CAPPING events from decorations provider vscode.git 1784
[2022-04-23 16:26:39.639] [exthost] [warning] [Decorations] CAPPING events from decorations provider vscode.git 1784
[2022-04-23 16:26:44.868] [exthost] [warning] [Decorations] CAPPING events from decorations provider vscode.git 1784
[2022-04-23 16:26:50.006] [exthost] [warning] [Decorations] CAPPING events from decorations provider vscode.git 1784
[2022-04-23 16:26:55.215] [exthost] [warning] [Decorations] CAPPING events from decorations provider vscode.git 1784
[2022-04-23 16:27:00.321] [exthost] [warning] [Decorations] CAPPING events from decorations provider vscode.git 1784
[2022-04-23 16:27:05.527] [exthost] [warning] [Decorations] CAPPING events from decorations provider vscode.git 1784
[2022-04-23 16:27:10.726] [exthost] [warning] [Decorations] CAPPING events from decorations provider vscode.git 1784
[2022-04-23 16:27:15.864] [exthost] [warning] [Decorations] CAPPING events from decorations provider vscode.git 1784
[2022-04-23 16:27:20.976] [exthost] [warning] [Decorations] CAPPING events from decorations provider vscode.git 1784
[2022-04-23 16:27:26.084] [exthost] [warning] [Decorations] CAPPING events from decorations provider vscode.git 1784
[2022-04-23 16:27:31.189] [exthost] [warning] [Decorations] CAPPING events from decorations provider vscode.git 1784
[2022-04-23 16:27:36.419] [exthost] [warning] [Decorations] CAPPING events from decorations provider vscode.git 1784
[2022-04-23 16:27:41.708] [exthost] [warning] [Decorations] CAPPING events from decorations provider vscode.git 1784
[2022-04-23 16:27:46.858] [exthost] [warning] [Decorations] CAPPING events from decorations provider vscode.git 1784
[2022-04-23 16:27:52.054] [exthost] [warning] [Decorations] CAPPING events from decorations provider vscode.git 1784
[2022-04-23 16:27:57.167] [exthost] [warning] [Decorations] CAPPING events from decorations provider vscode.git 1784
[2022-04-23 16:28:02.366] [exthost] [warning] [Decorations] CAPPING events from decorations provider vscode.git 1784
[2022-04-23 16:28:07.572] [exthost] [warning] [Decorations] CAPPING events from decorations provider vscode.git 1784
[2022-04-23 16:28:12.713] [exthost] [warning] [Decorations] CAPPING events from decorations provider vscode.git 1784
[2022-04-23 16:28:17.857] [exthost] [warning] [Decorations] CAPPING events from decorations provider vscode.git 1784
[2022-04-23 16:28:22.985] [exthost] [warning] [Decorations] CAPPING events from decorations provider vscode.git 1784
[2022-04-23 16:28:28.119] [exthost] [warning] [Decorations] CAPPING events from decorations provider vscode.git 1784
[2022-04-23 16:28:33.267] [exthost] [warning] [Decorations] CAPPING events from decorations provider vscode.git 1784
[2022-04-23 16:28:38.449] [exthost] [warning] [Decorations] CAPPING events from decorations provider vscode.git 1784
[2022-04-23 16:28:43.587] [exthost] [warning] [Decorations] CAPPING events from decorations provider vscode.git 1784
[2022-04-23 16:28:48.720] [exthost] [warning] [Decorations] CAPPING events from decorations provider vscode.git 1784
[2022-04-23 16:28:53.901] [exthost] [warning] [Decorations] CAPPING events from decorations provider vscode.git 1784
[2022-04-23 16:28:59.357] [exthost] [warning] [Decorations] CAPPING events from decorations provider vscode.git 1784
[2022-04-23 16:29:04.471] [exthost] [warning] [Decorations] CAPPING events from decorations provider vscode.git 1784
[2022-04-23 16:29:09.575] [exthost] [warning] [Decorations] CAPPING events from decorations provider vscode.git 1784
[2022-04-23 16:29:14.694] [exthost] [warning] [Decorations] CAPPING events from decorations provider vscode.git 1784
[2022-04-23 16:29:19.813] [exthost] [warning] [Decorations] CAPPING events from decorations provider vscode.git 1784
[2022-04-23 16:29:24.928] [exthost] [warning] [Decorations] CAPPING events from decorations provider vscode.git 1784
[2022-04-23 16:29:30.883] [exthost] [warning] [Decorations] CAPPING events from decorations provider vscode.git 1784
[2022-04-23 16:29:36.010] [exthost] [warning] [Decorations] CAPPING events from decorations provider vscode.git 1784
[2022-04-23 16:29:41.243] [exthost] [warning] [Decorations] CAPPING events from decorations provider vscode.git 1784
[2022-04-23 16:29:46.564] [exthost] [warning] [Decorations] CAPPING events from decorations provider vscode.git 1784
[2022-04-23 16:29:51.798] [exthost] [warning] [Decorations] CAPPING events from decorations provider vscode.git 1784
[2022-04-23 16:29:56.924] [exthost] [warning] [Decorations] CAPPING events from decorations provider vscode.git 1784
[2022-04-23 16:30:02.029] [exthost] [warning] [Decorations] CAPPING events from decorations provider vscode.git 1784
[2022-04-23 16:30:07.184] [exthost] [warning] [Decorations] CAPPING events from decorations provider vscode.git 1784
[2022-04-23 16:30:12.350] [exthost] [warning] [Decorations] CAPPING events from decorations provider vscode.git 1784
[2022-04-23 16:30:17.472] [exthost] [warning] [Decorations] CAPPING events from decorations provider vscode.git 1784
[2022-04-23 16:30:22.649] [exthost] [warning] [Decorations] CAPPING events from decorations provider vscode.git 1784
[2022-04-23 16:30:27.768] [exthost] [warning] [Decorations] CAPPING events from decorations provider vscode.git 1784
[2022-04-23 16:30:32.918] [exthost] [warning] [Decorations] CAPPING events from decorations provider vscode.git 1784
[2022-04-23 16:30:38.057] [exthost] [warning] [Decorations] CAPPING events from decorations provider vscode.git 1784
[2022-04-23 16:30:43.180] [exthost] [warning] [Decorations] CAPPING events from decorations provider vscode.git 1784
[2022-04-23 16:30:48.300] [exthost] [warning] [Decorations] CAPPING events from decorations provider vscode.git 1784
[2022-04-23 16:30:53.455] [exthost] [warning] [Decorations] CAPPING events from decorations provider vscode.git 1784
[2022-04-23 16:30:58.569] [exthost] [warning] [Decorations] CAPPING events from decorations provider vscode.git 1784
[2022-04-23 16:31:03.672] [exthost] [warning] [Decorations] CAPPING events from decorations provider vscode.git 1784
[2022-04-23 16:31:08.870] [exthost] [warning] [Decorations] CAPPING events from decorations provider vscode.git 1784
[2022-04-23 16:31:14.115] [exthost] [warning] [Decorations] CAPPING events from decorations provider vscode.git 1784
[2022-04-23 16:31:19.248] [exthost] [warning] [Decorations] CAPPING events from decorations provider vscode.git 1784
[2022-04-23 16:31:24.389] [exthost] [warning] [Decorations] CAPPING events from decorations provider vscode.git 1784
[2022-04-23 16:31:29.520] [exthost] [warning] [Decorations] CAPPING events from decorations provider vscode.git 1784
[2022-04-23 16:31:34.645] [exthost] [warning] [Decorations] CAPPING events from decorations provider vscode.git 1784
[2022-04-23 16:31:39.779] [exthost] [warning] [Decorations] CAPPING events from decorations provider vscode.git 1784
[2022-04-23 16:31:44.901] [exthost] [warning] [Decorations] CAPPING events from decorations provider vscode.git 1784
[2022-04-23 16:31:50.044] [exthost] [warning] [Decorations] CAPPING events from decorations provider vscode.git 1784
[2022-04-23 16:31:55.177] [exthost] [warning] [Decorations] CAPPING events from decorations provider vscode.git 1784
[2022-04-23 16:32:00.303] [exthost] [warning] [Decorations] CAPPING events from decorations provider vscode.git 1784
[2022-04-23 16:32:05.408] [exthost] [warning] [Decorations] CAPPING events from decorations provider vscode.git 1784
[2022-04-23 16:32:10.516] [exthost] [warning] [Decorations] CAPPING events from decorations provider vscode.git 1784
[2022-04-23 16:32:15.632] [exthost] [warning] [Decorations] CAPPING events from decorations provider vscode.git 1784
[2022-04-23 16:32:20.777] [exthost] [warning] [Decorations] CAPPING events from decorations provider vscode.git 1784
[2022-04-23 16:32:25.918] [exthost] [warning] [Decorations] CAPPING events from decorations provider vscode.git 1784
[2022-04-23 16:32:31.061] [exthost] [warning] [Decorations] CAPPING events from decorations provider vscode.git 1784
[2022-04-23 16:32:36.252] [exthost] [warning] [Decorations] CAPPING events from decorations provider vscode.git 1784
[2022-04-23 16:32:41.365] [exthost] [warning] [Decorations] CAPPING events from decorations provider vscode.git 1784
[2022-04-23 17:31:27.220] [exthost] [warning] [Decorations] CAPPING events from decorations provider vscode.git 1784
[2022-04-23 17:31:32.349] [exthost] [warning] [Decorations] CAPPING events from decorations provider vscode.git 1784
[2022-04-23 17:31:45.686] [exthost] [warning] [Decorations] CAPPING events from decorations provider vscode.git 1784
[2022-04-23 17:31:50.843] [exthost] [warning] [Decorations] CAPPING events from decorations provider vscode.git 1784
[2022-04-23 17:31:55.974] [exthost] [warning] [Decorations] CAPPING events from decorations provider vscode.git 1784
[2022-04-23 17:32:01.308] [exthost] [warning] [Decorations] CAPPING events from decorations provider vscode.git 1784
[2022-04-23 17:32:06.463] [exthost] [warning] [Decorations] CAPPING events from decorations provider vscode.git 1784
[2022-04-23 17:32:11.591] [exthost] [warning] [Decorations] CAPPING events from decorations provider vscode.git 1784
[2022-04-23 17:32:16.729] [exthost] [warning] [Decorations] CAPPING events from decorations provider vscode.git 1784
[2022-04-23 17:32:21.914] [exthost] [warning] [Decorations] CAPPING events from decorations provider vscode.git 1784
[2022-04-23 17:32:27.062] [exthost] [warning] [Decorations] CAPPING events from decorations provider vscode.git 1784
[2022-04-23 17:32:32.217] [exthost] [warning] [Decorations] CAPPING events from decorations provider vscode.git 1784
[2022-04-23 17:32:37.339] [exthost] [warning] [Decorations] CAPPING events from decorations provider vscode.git 1784
[2022-04-23 17:32:42.448] [exthost] [warning] [Decorations] CAPPING events from decorations provider vscode.git 1784
[2022-04-23 17:32:47.633] [exthost] [warning] [Decorations] CAPPING events from decorations provider vscode.git 1784
[2022-04-23 17:32:52.739] [exthost] [warning] [Decorations] CAPPING events from decorations provider vscode.git 1784
[2022-04-23 17:33:03.491] [exthost] [warning] [Decorations] CAPPING events from decorations provider vscode.git 1784
[2022-04-23 17:33:09.578] [exthost] [warning] [Decorations] CAPPING events from decorations provider vscode.git 1784
[2022-04-23 17:43:47.836] [exthost] [warning] [Decorations] CAPPING events from decorations provider vscode.git 1784
[2022-04-23 17:43:57.083] [exthost] [warning] [Decorations] CAPPING events from decorations provider vscode.git 1784
[2022-04-23 17:44:02.207] [exthost] [warning] [Decorations] CAPPING events from decorations provider vscode.git 1784
[2022-04-23 17:44:07.604] [exthost] [warning] [Decorations] CAPPING events from decorations provider vscode.git 1784
[2022-04-23 17:44:14.238] [exthost] [warning] [Decorations] CAPPING events from decorations provider vscode.git 1784
[2022-04-23 17:44:19.350] [exthost] [warning] [Decorations] CAPPING events from decorations provider vscode.git 1784
[2022-04-23 17:44:24.576] [exthost] [warning] [Decorations] CAPPING events from decorations provider vscode.git 1784
[2022-04-23 17:44:29.893] [exthost] [warning] [Decorations] CAPPING events from decorations provider vscode.git 1784
[2022-04-23 17:44:35.033] [exthost] [warning] [Decorations] CAPPING events from decorations provider vscode.git 1784
[2022-04-23 17:44:42.018] [exthost] [warning] [Decorations] CAPPING events from decorations provider vscode.git 1784
[2022-04-23 17:45:28.003] [exthost] [warning] [Decorations] CAPPING events from decorations provider vscode.git 1784
[2022-04-23 17:45:33.150] [exthost] [warning] [Decorations] CAPPING events from decorations provider vscode.git 1784
[2022-04-23 17:45:38.291] [exthost] [warning] [Decorations] CAPPING events from decorations provider vscode.git 1784
[2022-04-23 17:45:43.438] [exthost] [warning] [Decorations] CAPPING events from decorations provider vscode.git 1784
[2022-04-23 17:45:48.560] [exthost] [warning] [Decorations] CAPPING events from decorations provider vscode.git 1784
[2022-04-23 17:45:53.678] [exthost] [warning] [Decorations] CAPPING events from decorations provider vscode.git 1784
[2022-04-23 17:46:31.771] [exthost] [warning] [Decorations] CAPPING events from decorations provider vscode.git 1784
[2022-04-23 17:46:36.896] [exthost] [warning] [Decorations] CAPPING events from decorations provider vscode.git 1784
[2022-04-23 17:46:42.357] [exthost] [warning] [Decorations] CAPPING events from decorations provider vscode.git 1784
[2022-04-23 17:46:47.486] [exthost] [warning] [Decorations] CAPPING events from decorations provider vscode.git 1784
[2022-04-23 17:46:52.636] [exthost] [warning] [Decorations] CAPPING events from decorations provider vscode.git 1784
[2022-04-23 17:46:57.882] [exthost] [warning] [Decorations] CAPPING events from decorations provider vscode.git 1784
[2022-04-23 17:47:03.002] [exthost] [warning] [Decorations] CAPPING events from decorations provider vscode.git 1784
[2022-04-23 17:47:22.078] [exthost] [warning] [Decorations] CAPPING events from decorations provider vscode.git 1784
[2022-04-23 17:47:27.254] [exthost] [warning] [Decorations] CAPPING events from decorations provider vscode.git 1784
[2022-04-23 17:47:32.450] [exthost] [warning] [Decorations] CAPPING events from decorations provider vscode.git 1784
[2022-04-23 17:47:37.664] [exthost] [warning] [Decorations] CAPPING events from decorations provider vscode.git 1784
[2022-04-23 17:47:42.772] [exthost] [warning] [Decorations] CAPPING events from decorations provider vscode.git 1784
[2022-04-23 17:47:47.909] [exthost] [warning] [Decorations] CAPPING events from decorations provider vscode.git 1784
[2022-04-23 17:47:53.082] [exthost] [warning] [Decorations] CAPPING events from decorations provider vscode.git 1784
[2022-04-23 17:47:58.217] [exthost] [warning] [Decorations] CAPPING events from decorations provider vscode.git 1784
[2022-04-23 17:48:03.350] [exthost] [warning] [Decorations] CAPPING events from decorations provider vscode.git 1784
[2022-04-23 17:52:57.906] [exthost] [warning] [Decorations] CAPPING events from decorations provider vscode.git 1784
[2022-04-23 17:53:03.056] [exthost] [warning] [Decorations] CAPPING events from decorations provider vscode.git 1784
[2022-04-23 17:53:10.311] [exthost] [warning] [Decorations] CAPPING events from decorations provider vscode.git 1784
[2022-04-23 17:53:21.616] [exthost] [warning] [Decorations] CAPPING events from decorations provider vscode.git 1784
[2022-04-23 17:53:26.733] [exthost] [warning] [Decorations] CAPPING events from decorations provider vscode.git 1784
[2022-04-23 17:53:31.900] [exthost] [warning] [Decorations] CAPPING events from decorations provider vscode.git 1784
[2022-04-23 17:59:59.493] [exthost] [warning] [Decorations] CAPPING events from decorations provider vscode.git 1784
[2022-04-23 18:00:04.759] [exthost] [warning] [Decorations] CAPPING events from decorations provider vscode.git 1784
[2022-04-23 18:00:09.865] [exthost] [warning] [Decorations] CAPPING events from decorations provider vscode.git 1784
[2022-04-23 18:00:15.002] [exthost] [warning] [Decorations] CAPPING events from decorations provider vscode.git 1784
[2022-04-23 18:00:20.169] [exthost] [warning] [Decorations] CAPPING events from decorations provider vscode.git 1784
[2022-04-23 18:00:25.301] [exthost] [warning] [Decorations] CAPPING events from decorations provider vscode.git 1784
[2022-04-23 18:00:30.418] [exthost] [warning] [Decorations] CAPPING events from decorations provider vscode.git 1784
[2022-04-23 18:00:35.529] [exthost] [warning] [Decorations] CAPPING events from decorations provider vscode.git 1784
[2022-04-23 18:00:40.909] [exthost] [warning] [Decorations] CAPPING events from decorations provider vscode.git 1784
[2022-04-23 18:03:11.779] [exthost] [warning] [Decorations] CAPPING events from decorations provider vscode.git 1784
[2022-04-23 18:04:27.352] [exthost] [warning] [Decorations] CAPPING events from decorations provider vscode.git 1784
[2022-04-23 18:06:31.041] [exthost] [warning] [Decorations] CAPPING events from decorations provider vscode.git 1784
[2022-04-23 18:06:36.220] [exthost] [warning] [Decorations] CAPPING events from decorations provider vscode.git 1784
[2022-04-23 18:06:41.535] [exthost] [warning] [Decorations] CAPPING events from decorations provider vscode.git 1784
[2022-04-23 18:06:46.757] [exthost] [warning] [Decorations] CAPPING events from decorations provider vscode.git 1784
[2022-04-23 18:06:51.982] [exthost] [warning] [Decorations] CAPPING events from decorations provider vscode.git 1784
[2022-04-23 18:06:57.233] [exthost] [warning] [Decorations] CAPPING events from decorations provider vscode.git 1784
[2022-04-23 18:07:02.506] [exthost] [warning] [Decorations] CAPPING events from decorations provider vscode.git 1784
[2022-04-23 18:07:07.790] [exthost] [warning] [Decorations] CAPPING events from decorations provider vscode.git 1784
[2022-04-23 18:07:13.024] [exthost] [warning] [Decorations] CAPPING events from decorations provider vscode.git 1784
[2022-04-23 18:07:18.371] [exthost] [warning] [Decorations] CAPPING events from decorations provider vscode.git 1784
[2022-04-23 18:07:23.552] [exthost] [warning] [Decorations] CAPPING events from decorations provider vscode.git 1784
[2022-04-23 18:07:28.710] [exthost] [warning] [Decorations] CAPPING events from decorations provider vscode.git 1784
[2022-04-23 18:07:33.848] [exthost] [warning] [Decorations] CAPPING events from decorations provider vscode.git 1784
[2022-04-23 18:07:39.829] [exthost] [warning] [Decorations] CAPPING events from decorations provider vscode.git 1784
[2022-04-23 18:07:44.959] [exthost] [warning] [Decorations] CAPPING events from decorations provider vscode.git 1784
[2022-04-23 18:07:50.084] [exthost] [warning] [Decorations] CAPPING events from decorations provider vscode.git 1784
[2022-04-23 18:07:55.251] [exthost] [warning] [Decorations] CAPPING events from decorations provider vscode.git 1784
[2022-04-23 18:08:00.386] [exthost] [warning] [Decorations] CAPPING events from decorations provider vscode.git 1784
[2022-04-23 18:08:05.543] [exthost] [warning] [Decorations] CAPPING events from decorations provider vscode.git 1784
[2022-04-23 18:08:10.711] [exthost] [warning] [Decorations] CAPPING events from decorations provider vscode.git 1784
[2022-04-23 18:08:26.611] [exthost] [warning] [Decorations] CAPPING events from decorations provider vscode.git 1784
[2022-04-23 18:08:31.747] [exthost] [warning] [Decorations] CAPPING events from decorations provider vscode.git 1784
[2022-04-23 18:17:46.037] [exthost] [warning] [Decorations] CAPPING events from decorations provider vscode.git 1784
[2022-04-23 18:17:53.563] [exthost] [warning] [Decorations] CAPPING events from decorations provider vscode.git 1784
[2022-04-23 18:17:58.729] [exthost] [warning] [Decorations] CAPPING events from decorations provider vscode.git 1784
[2022-04-23 18:18:04.318] [exthost] [warning] [Decorations] CAPPING events from decorations provider vscode.git 1784
[2022-04-23 18:18:09.548] [exthost] [warning] [Decorations] CAPPING events from decorations provider vscode.git 1784
[2022-04-23 18:18:14.828] [exthost] [warning] [Decorations] CAPPING events from decorations provider vscode.git 1784
[2022-04-23 18:18:25.827] [exthost] [warning] [Decorations] CAPPING events from decorations provider vscode.git 1784
[2022-04-23 18:19:12.951] [exthost] [warning] [Decorations] CAPPING events from decorations provider vscode.git 1784
[2022-04-23 18:19:18.089] [exthost] [warning] [Decorations] CAPPING events from decorations provider vscode.git 1784
[2022-04-23 18:19:23.227] [exthost] [warning] [Decorations] CAPPING events from decorations provider vscode.git 1784
[2022-04-23 18:19:28.399] [exthost] [warning] [Decorations] CAPPING events from decorations provider vscode.git 1784
[2022-04-23 18:20:15.362] [exthost] [warning] [Decorations] CAPPING events from decorations provider vscode.git 1784
[2022-04-23 18:20:20.513] [exthost] [warning] [Decorations] CAPPING events from decorations provider vscode.git 1784
[2022-04-23 18:20:25.678] [exthost] [warning] [Decorations] CAPPING events from decorations provider vscode.git 1784
[2022-04-23 18:20:30.844] [exthost] [warning] [Decorations] CAPPING events from decorations provider vscode.git 1784
[2022-04-23 18:20:35.958] [exthost] [warning] [Decorations] CAPPING events from decorations provider vscode.git 1784
[2022-04-23 18:20:41.082] [exthost] [warning] [Decorations] CAPPING events from decorations provider vscode.git 1784
[2022-04-23 18:20:46.191] [exthost] [warning] [Decorations] CAPPING events from decorations provider vscode.git 1784
[2022-04-23 18:20:51.303] [exthost] [warning] [Decorations] CAPPING events from decorations provider vscode.git 1784
[2022-04-23 18:20:56.442] [exthost] [warning] [Decorations] CAPPING events from decorations provider vscode.git 1784
[2022-04-23 18:21:01.869] [exthost] [warning] [Decorations] CAPPING events from decorations provider vscode.git 1784
[2022-04-23 18:21:07.576] [exthost] [warning] [Decorations] CAPPING events from decorations provider vscode.git 1784
[2022-04-23 18:21:14.595] [exthost] [warning] [Decorations] CAPPING events from decorations provider vscode.git 1784
[2022-04-23 18:21:20.140] [exthost] [warning] [Decorations] CAPPING events from decorations provider vscode.git 1784
[2022-04-23 18:21:48.875] [exthost] [warning] [Decorations] CAPPING events from decorations provider vscode.git 1784
[2022-04-23 18:21:53.997] [exthost] [warning] [Decorations] CAPPING events from decorations provider vscode.git 1784
[2022-04-23 18:21:59.118] [exthost] [warning] [Decorations] CAPPING events from decorations provider vscode.git 1784
[2022-04-23 18:22:14.591] [exthost] [warning] [Decorations] CAPPING events from decorations provider vscode.git 1784
[2022-04-23 18:56:06.699] [exthost] [warning] [Decorations] CAPPING events from decorations provider vscode.git 1784
[2022-04-23 18:58:36.784] [exthost] [warning] [Decorations] CAPPING events from decorations provider vscode.git 1784
[2022-04-23 18:58:41.943] [exthost] [warning] [Decorations] CAPPING events from decorations provider vscode.git 1784
[2022-04-23 18:58:47.074] [exthost] [warning] [Decorations] CAPPING events from decorations provider vscode.git 1784
[2022-04-23 18:58:54.113] [exthost] [warning] [Decorations] CAPPING events from decorations provider vscode.git 1784
[2022-04-23 20:06:24.162] [exthost] [warning] [Decorations] CAPPING events from decorations provider vscode.git 1784
[2022-04-23 20:06:29.324] [exthost] [warning] [Decorations] CAPPING events from decorations provider vscode.git 1784
[2022-04-23 20:06:34.646] [exthost] [warning] [Decorations] CAPPING events from decorations provider vscode.git 1784
[2022-04-23 20:06:39.879] [exthost] [warning] [Decorations] CAPPING events from decorations provider vscode.git 1784
[2022-04-23 20:06:45.131] [exthost] [warning] [Decorations] CAPPING events from decorations provider vscode.git 1784
[2022-04-23 20:06:50.377] [exthost] [warning] [Decorations] CAPPING events from decorations provider vscode.git 1784
[2022-04-23 20:06:55.666] [exthost] [warning] [Decorations] CAPPING events from decorations provider vscode.git 1784
[2022-04-23 20:06:58.644] [exthost] [info] ExtensionService#_doActivateExtension vscode.configuration-editing, startup: false, activationEvent: 'onLanguage:jsonc'
[2022-04-23 20:06:58.816] [exthost] [info] ExtensionService#_doActivateExtension vscode.json-language-features, startup: false, activationEvent: 'onLanguage:jsonc'
[2022-04-23 20:07:00.873] [exthost] [warning] [Decorations] CAPPING events from decorations provider vscode.git 1785
[2022-04-23 20:07:06.085] [exthost] [warning] [Decorations] CAPPING events from decorations provider vscode.git 1785
[2022-04-23 20:07:28.168] [exthost] [warning] [Decorations] CAPPING events from decorations provider vscode.git 1785
[2022-04-23 20:07:33.392] [exthost] [warning] [Decorations] CAPPING events from decorations provider vscode.git 1785
[2022-04-23 20:08:31.867] [exthost] [warning] [Decorations] CAPPING events from decorations provider vscode.git 1785
[2022-04-23 20:08:42.915] [exthost] [warning] [Decorations] CAPPING events from decorations provider vscode.git 1785
[2022-04-23 20:27:29.578] [exthost] [warning] [Decorations] CAPPING events from decorations provider vscode.git 1785
[2022-04-23 20:27:36.407] [exthost] [warning] [Decorations] CAPPING events from decorations provider vscode.git 1785
[2022-04-23 20:27:41.700] [exthost] [warning] [Decorations] CAPPING events from decorations provider vscode.git 1785
[2022-04-23 20:27:47.018] [exthost] [warning] [Decorations] CAPPING events from decorations provider vscode.git 1785
[2022-04-23 20:27:52.543] [exthost] [warning] [Decorations] CAPPING events from decorations provider vscode.git 1785
[2022-04-23 20:27:57.782] [exthost] [warning] [Decorations] CAPPING events from decorations provider vscode.git 1785
[2022-04-23 20:28:03.092] [exthost] [warning] [Decorations] CAPPING events from decorations provider vscode.git 1785
[2022-04-23 20:50:42.727] [exthost] [warning] [Decorations] CAPPING events from decorations provider vscode.git 1785
[2022-04-23 21:01:14.357] [exthost] [warning] [Decorations] CAPPING events from decorations provider vscode.git 1785
[2022-04-23 21:01:19.708] [exthost] [warning] [Decorations] CAPPING events from decorations provider vscode.git 1785
[2022-04-23 21:01:24.849] [exthost] [warning] [Decorations] CAPPING events from decorations provider vscode.git 1785
[2022-04-23 21:01:30.028] [exthost] [warning] [Decorations] CAPPING events from decorations provider vscode.git 1785
[2022-04-23 21:01:35.225] [exthost] [warning] [Decorations] CAPPING events from decorations provider vscode.git 1785
[2022-04-23 22:03:09.069] [exthost] [warning] [Decorations] CAPPING events from decorations provider vscode.git 1785
[2022-04-23 22:03:14.212] [exthost] [warning] [Decorations] CAPPING events from decorations provider vscode.git 1785
[2022-04-23 22:03:19.330] [exthost] [warning] [Decorations] CAPPING events from decorations provider vscode.git 1785
[2022-04-23 22:28:52.860] [exthost] [warning] [Decorations] CAPPING events from decorations provider vscode.git 1785
[2022-04-23 22:47:17.463] [exthost] [warning] [Decorations] CAPPING events from decorations provider vscode.git 1785
[2022-04-23 22:47:22.667] [exthost] [warning] [Decorations] CAPPING events from decorations provider vscode.git 1785
[2022-04-23 22:47:27.806] [exthost] [warning] [Decorations] CAPPING events from decorations provider vscode.git 1785
[2022-04-23 22:47:33.153] [exthost] [warning] [Decorations] CAPPING events from decorations provider vscode.git 1785
[2022-04-23 22:47:38.334] [exthost] [warning] [Decorations] CAPPING events from decorations provider vscode.git 1785
[2022-04-23 22:47:43.833] [exthost] [warning] [Decorations] CAPPING events from decorations provider vscode.git 1785
[2022-04-23 22:59:48.550] [exthost] [warning] [Decorations] CAPPING events from decorations provider vscode.git 1785
[2022-04-23 22:59:53.675] [exthost] [warning] [Decorations] CAPPING events from decorations provider vscode.git 1785
[2022-04-23 22:59:58.888] [exthost] [warning] [Decorations] CAPPING events from decorations provider vscode.git 1785
[2022-04-23 23:00:04.052] [exthost] [warning] [Decorations] CAPPING events from decorations provider vscode.git 1785
[2022-04-23 23:00:09.285] [exthost] [warning] [Decorations] CAPPING events from decorations provider vscode.git 1785
[2022-04-23 23:00:20.852] [exthost] [warning] [Decorations] CAPPING events from decorations provider vscode.git 1785
[2022-04-23 23:00:42.276] [exthost] [warning] [Decorations] CAPPING events from decorations provider vscode.git 1785
[2022-04-23 23:09:35.460] [exthost] [warning] [Decorations] CAPPING events from decorations provider vscode.git 1785
[2022-04-23 23:09:40.670] [exthost] [warning] [Decorations] CAPPING events from decorations provider vscode.git 1785
[2022-04-23 23:22:57.323] [exthost] [warning] [Decorations] CAPPING events from decorations provider vscode.git 1785
[2022-04-23 23:23:02.550] [exthost] [warning] [Decorations] CAPPING events from decorations provider vscode.git 1785
[2022-04-23 23:23:07.784] [exthost] [warning] [Decorations] CAPPING events from decorations provider vscode.git 1785
[2022-04-23 23:23:13.022] [exthost] [warning] [Decorations] CAPPING events from decorations provider vscode.git 1785
[2022-04-23 23:23:18.200] [exthost] [warning] [Decorations] CAPPING events from decorations provider vscode.git 1785
[2022-04-23 23:23:23.594] [exthost] [warning] [Decorations] CAPPING events from decorations provider vscode.git 1785
[2022-04-23 23:23:28.859] [exthost] [warning] [Decorations] CAPPING events from decorations provider vscode.git 1785
[2022-04-23 23:23:34.996] [exthost] [warning] [Decorations] CAPPING events from decorations provider vscode.git 1785
[2022-04-23 23:23:40.171] [exthost] [warning] [Decorations] CAPPING events from decorations provider vscode.git 1785
[2022-04-23 23:23:45.305] [exthost] [warning] [Decorations] CAPPING events from decorations provider vscode.git 1785
[2022-04-23 23:23:50.470] [exthost] [warning] [Decorations] CAPPING events from decorations provider vscode.git 1785
[2022-04-23 23:23:55.613] [exthost] [warning] [Decorations] CAPPING events from decorations provider vscode.git 1785
[2022-04-23 23:24:00.794] [exthost] [warning] [Decorations] CAPPING events from decorations provider vscode.git 1785
[2022-04-23 23:24:06.018] [exthost] [warning] [Decorations] CAPPING events from decorations provider vscode.git 1785
[2022-04-23 23:24:11.188] [exthost] [warning] [Decorations] CAPPING events from decorations provider vscode.git 1785
[2022-04-23 23:24:16.354] [exthost] [warning] [Decorations] CAPPING events from decorations provider vscode.git 1785
[2022-04-23 23:24:24.494] [exthost] [warning] [Decorations] CAPPING events from decorations provider vscode.git 1785
[2022-04-23 23:25:00.430] [exthost] [warning] [Decorations] CAPPING events from decorations provider vscode.git 1785
[2022-04-23 23:25:05.566] [exthost] [warning] [Decorations] CAPPING events from decorations provider vscode.git 1785
[2022-04-23 23:25:10.704] [exthost] [warning] [Decorations] CAPPING events from decorations provider vscode.git 1785
[2022-04-23 23:25:15.997] [exthost] [warning] [Decorations] CAPPING events from decorations provider vscode.git 1785
[2022-04-23 23:25:21.171] [exthost] [warning] [Decorations] CAPPING events from decorations provider vscode.git 1785
[2022-04-23 23:25:26.344] [exthost] [warning] [Decorations] CAPPING events from decorations provider vscode.git 1785
[2022-04-23 23:25:31.494] [exthost] [warning] [Decorations] CAPPING events from decorations provider vscode.git 1785
[2022-04-23 23:25:36.867] [exthost] [warning] [Decorations] CAPPING events from decorations provider vscode.git 1785
[2022-04-23 23:25:43.893] [exthost] [warning] [Decorations] CAPPING events from decorations provider vscode.git 1785
[2022-04-23 23:25:49.117] [exthost] [warning] [Decorations] CAPPING events from decorations provider vscode.git 1785
[2022-04-23 23:25:54.287] [exthost] [warning] [Decorations] CAPPING events from decorations provider vscode.git 1785
[2022-04-23 23:25:59.431] [exthost] [warning] [Decorations] CAPPING events from decorations provider vscode.git 1785
[2022-04-23 23:26:04.676] [exthost] [warning] [Decorations] CAPPING events from decorations provider vscode.git 1785
[2022-04-23 23:26:11.829] [exthost] [warning] [Decorations] CAPPING events from decorations provider vscode.git 1785
[2022-04-23 23:26:20.046] [exthost] [warning] [Decorations] CAPPING events from decorations provider vscode.git 1785
[2022-04-23 23:26:28.614] [exthost] [warning] [Decorations] CAPPING events from decorations provider vscode.git 1785
[2022-04-23 23:26:33.763] [exthost] [warning] [Decorations] CAPPING events from decorations provider vscode.git 1785
[2022-04-23 23:26:38.937] [exthost] [warning] [Decorations] CAPPING events from decorations provider vscode.git 1785
[2022-04-23 23:30:53.443] [exthost] [warning] [Decorations] CAPPING events from decorations provider vscode.git 1785
[2022-04-23 23:31:43.729] [exthost] [warning] [Decorations] CAPPING events from decorations provider vscode.git 1785
[2022-04-23 23:31:48.929] [exthost] [warning] [Decorations] CAPPING events from decorations provider vscode.git 1785
[2022-04-23 23:32:01.946] [exthost] [warning] [Decorations] CAPPING events from decorations provider vscode.git 1785
[2022-04-23 23:33:26.620] [exthost] [warning] [Decorations] CAPPING events from decorations provider vscode.git 1785
[2022-04-23 23:33:31.821] [exthost] [warning] [Decorations] CAPPING events from decorations provider vscode.git 1785
[2022-04-23 23:50:00.016] [exthost] [warning] [Decorations] CAPPING events from decorations provider vscode.git 1785
[2022-04-23 23:50:05.432] [exthost] [warning] [Decorations] CAPPING events from decorations provider vscode.git 1785
[2022-04-23 23:50:10.652] [exthost] [warning] [Decorations] CAPPING events from decorations provider vscode.git 1785
[2022-04-23 23:50:15.755] [exthost] [warning] [Decorations] CAPPING events from decorations provider vscode.git 1785
[2022-04-23 23:50:20.961] [exthost] [warning] [Decorations] CAPPING events from decorations provider vscode.git 1785
[2022-04-23 23:50:26.219] [exthost] [warning] [Decorations] CAPPING events from decorations provider vscode.git 1785
[2022-04-23 23:52:27.053] [exthost] [warning] [Decorations] CAPPING events from decorations provider vscode.git 1785
[2022-04-23 23:53:20.381] [exthost] [warning] [Decorations] CAPPING events from decorations provider vscode.git 1785
[2022-04-23 23:53:25.543] [exthost] [warning] [Decorations] CAPPING events from decorations provider vscode.git 1785
[2022-04-23 23:53:30.672] [exthost] [warning] [Decorations] CAPPING events from decorations provider vscode.git 1785
[2022-04-23 23:53:35.780] [exthost] [warning] [Decorations] CAPPING events from decorations provider vscode.git 1785
[2022-04-23 23:53:40.930] [exthost] [warning] [Decorations] CAPPING events from decorations provider vscode.git 1785
[2022-04-23 23:53:46.125] [exthost] [warning] [Decorations] CAPPING events from decorations provider vscode.git 1785
[2022-04-23 23:56:45.916] [exthost] [warning] [Decorations] CAPPING events from decorations provider vscode.git 1785
[2022-04-23 23:56:51.042] [exthost] [warning] [Decorations] CAPPING events from decorations provider vscode.git 1785
[2022-04-23 23:56:56.208] [exthost] [warning] [Decorations] CAPPING events from decorations provider vscode.git 1785
[2022-04-23 23:57:18.797] [exthost] [warning] [Decorations] CAPPING events from decorations provider vscode.git 1785
[2022-04-23 23:57:24.070] [exthost] [warning] [Decorations] CAPPING events from decorations provider vscode.git 1785
[2022-04-23 23:57:29.180] [exthost] [warning] [Decorations] CAPPING events from decorations provider vscode.git 1785
[2022-04-23 23:57:34.397] [exthost] [warning] [Decorations] CAPPING events from decorations provider vscode.git 1785
[2022-04-23 23:57:39.502] [exthost] [warning] [Decorations] CAPPING events from decorations provider vscode.git 1785
[2022-04-23 23:58:24.490] [exthost] [warning] [Decorations] CAPPING events from decorations provider vscode.git 1785
[2022-04-23 23:58:29.616] [exthost] [warning] [Decorations] CAPPING events from decorations provider vscode.git 1785
[2022-04-23 23:58:35.593] [exthost] [warning] [Decorations] CAPPING events from decorations provider vscode.git 1785
[2022-04-23 23:58:40.981] [exthost] [warning] [Decorations] CAPPING events from decorations provider vscode.git 1785
[2022-04-23 23:59:03.585] [exthost] [warning] [Decorations] CAPPING events from decorations provider vscode.git 1785
[2022-04-24 00:00:00.088] [exthost] [warning] [Decorations] CAPPING events from decorations provider vscode.git 1785
[2022-04-24 00:00:30.026] [exthost] [warning] [Decorations] CAPPING events from decorations provider vscode.git 1785
[2022-04-24 00:01:05.797] [exthost] [warning] [Decorations] CAPPING events from decorations provider vscode.git 1785
[2022-04-24 00:01:12.814] [exthost] [warning] [Decorations] CAPPING events from decorations provider vscode.git 1785
[2022-04-24 00:01:18.822] [exthost] [warning] [Decorations] CAPPING events from decorations provider vscode.git 1785
[2022-04-24 00:01:49.657] [exthost] [warning] [Decorations] CAPPING events from decorations provider vscode.git 1785
[2022-04-24 00:03:15.335] [exthost] [warning] [Decorations] CAPPING events from decorations provider vscode.git 1785
[2022-04-24 00:03:20.475] [exthost] [warning] [Decorations] CAPPING events from decorations provider vscode.git 1785
[2022-04-24 00:03:25.629] [exthost] [warning] [Decorations] CAPPING events from decorations provider vscode.git 1785
[2022-04-24 00:03:30.938] [exthost] [warning] [Decorations] CAPPING events from decorations provider vscode.git 1785
[2022-04-24 00:03:37.231] [exthost] [warning] [Decorations] CAPPING events from decorations provider vscode.git 1785
[2022-04-24 00:03:42.379] [exthost] [warning] [Decorations] CAPPING events from decorations provider vscode.git 1785
[2022-04-24 00:03:52.097] [exthost] [warning] [Decorations] CAPPING events from decorations provider vscode.git 1785
[2022-04-24 00:04:18.815] [exthost] [warning] [Decorations] CAPPING events from decorations provider vscode.git 1785
[2022-04-24 00:04:48.002] [exthost] [warning] [Decorations] CAPPING events from decorations provider vscode.git 1785
[2022-04-24 00:06:06.381] [exthost] [warning] [Decorations] CAPPING events from decorations provider vscode.git 1785
[2022-04-24 00:06:39.586] [exthost] [warning] [Decorations] CAPPING events from decorations provider vscode.git 1785
[2022-04-24 00:09:53.714] [exthost] [warning] [Decorations] CAPPING events from decorations provider vscode.git 1785
[2022-04-24 00:09:58.837] [exthost] [warning] [Decorations] CAPPING events from decorations provider vscode.git 1785
[2022-04-24 00:10:03.965] [exthost] [warning] [Decorations] CAPPING events from decorations provider vscode.git 1785
[2022-04-24 00:10:09.137] [exthost] [warning] [Decorations] CAPPING events from decorations provider vscode.git 1785
[2022-04-24 00:10:14.334] [exthost] [warning] [Decorations] CAPPING events from decorations provider vscode.git 1785
[2022-04-24 00:10:19.526] [exthost] [warning] [Decorations] CAPPING events from decorations provider vscode.git 1785
[2022-04-24 00:10:24.853] [exthost] [warning] [Decorations] CAPPING events from decorations provider vscode.git 1785
[2022-04-24 00:10:29.978] [exthost] [warning] [Decorations] CAPPING events from decorations provider vscode.git 1785
[2022-04-24 00:10:37.836] [exthost] [warning] [Decorations] CAPPING events from decorations provider vscode.git 1785
[2022-04-24 00:10:49.845] [exthost] [warning] [Decorations] CAPPING events from decorations provider vscode.git 1785
[2022-04-24 00:15:08.285] [exthost] [warning] [Decorations] CAPPING events from decorations provider vscode.git 1785
[2022-04-24 00:15:15.246] [exthost] [warning] [Decorations] CAPPING events from decorations provider vscode.git 1785
[2022-04-24 00:15:20.375] [exthost] [warning] [Decorations] CAPPING events from decorations provider vscode.git 1785
[2022-04-24 00:15:26.788] [exthost] [warning] [Decorations] CAPPING events from decorations provider vscode.git 1785
[2022-04-24 00:15:31.974] [exthost] [warning] [Decorations] CAPPING events from decorations provider vscode.git 1785
[2022-04-24 00:15:37.114] [exthost] [warning] [Decorations] CAPPING events from decorations provider vscode.git 1785
[2022-04-24 00:15:42.262] [exthost] [warning] [Decorations] CAPPING events from decorations provider vscode.git 1785
[2022-04-24 00:15:47.369] [exthost] [warning] [Decorations] CAPPING events from decorations provider vscode.git 1785
[2022-04-24 00:15:52.517] [exthost] [warning] [Decorations] CAPPING events from decorations provider vscode.git 1785
[2022-04-24 00:15:57.709] [exthost] [warning] [Decorations] CAPPING events from decorations provider vscode.git 1785
[2022-04-24 00:16:02.849] [exthost] [warning] [Decorations] CAPPING events from decorations provider vscode.git 1785
[2022-04-24 00:16:07.973] [exthost] [warning] [Decorations] CAPPING events from decorations provider vscode.git 1785
[2022-04-24 00:16:13.112] [exthost] [warning] [Decorations] CAPPING events from decorations provider vscode.git 1785
[2022-04-24 00:16:18.262] [exthost] [warning] [Decorations] CAPPING events from decorations provider vscode.git 1785
[2022-04-24 00:16:23.416] [exthost] [warning] [Decorations] CAPPING events from decorations provider vscode.git 1785
[2022-04-24 00:16:28.621] [exthost] [warning] [Decorations] CAPPING events from decorations provider vscode.git 1785
[2022-04-24 00:16:33.823] [exthost] [warning] [Decorations] CAPPING events from decorations provider vscode.git 1785
[2022-04-24 00:16:47.434] [exthost] [warning] [Decorations] CAPPING events from decorations provider vscode.git 1785
[2022-04-24 00:17:34.870] [exthost] [warning] [Decorations] CAPPING events from decorations provider vscode.git 1785
[2022-04-24 00:23:51.810] [exthost] [warning] [Decorations] CAPPING events from decorations provider vscode.git 1785
[2022-04-24 00:23:56.932] [exthost] [warning] [Decorations] CAPPING events from decorations provider vscode.git 1785
[2022-04-24 00:24:02.050] [exthost] [warning] [Decorations] CAPPING events from decorations provider vscode.git 1785
[2022-04-24 00:24:07.189] [exthost] [warning] [Decorations] CAPPING events from decorations provider vscode.git 1785
[2022-04-24 00:24:13.088] [exthost] [warning] [Decorations] CAPPING events from decorations provider vscode.git 1785
[2022-04-24 00:24:29.556] [exthost] [warning] [Decorations] CAPPING events from decorations provider vscode.git 1785
[2022-04-24 00:24:37.374] [exthost] [warning] [Decorations] CAPPING events from decorations provider vscode.git 1785
[2022-04-24 00:24:42.507] [exthost] [warning] [Decorations] CAPPING events from decorations provider vscode.git 1785
[2022-04-24 00:24:56.793] [exthost] [warning] [Decorations] CAPPING events from decorations provider vscode.git 1785
[2022-04-24 01:08:31.236] [exthost] [warning] [Decorations] CAPPING events from decorations provider vscode.git 1785
[2022-04-24 01:08:36.340] [exthost] [warning] [Decorations] CAPPING events from decorations provider vscode.git 1785
[2022-04-24 01:08:41.460] [exthost] [warning] [Decorations] CAPPING events from decorations provider vscode.git 1785
[2022-04-24 01:08:46.558] [exthost] [warning] [Decorations] CAPPING events from decorations provider vscode.git 1785
[2022-04-24 01:08:52.699] [exthost] [warning] [Decorations] CAPPING events from decorations provider vscode.git 1785
[2022-04-24 01:08:59.012] [exthost] [warning] [Decorations] CAPPING events from decorations provider vscode.git 1785
[2022-04-24 01:09:13.620] [exthost] [warning] [Decorations] CAPPING events from decorations provider vscode.git 1785
[2022-04-24 01:09:18.739] [exthost] [warning] [Decorations] CAPPING events from decorations provider vscode.git 1785
[2022-04-24 01:09:23.832] [exthost] [warning] [Decorations] CAPPING events from decorations provider vscode.git 1785
[2022-04-24 01:09:28.927] [exthost] [warning] [Decorations] CAPPING events from decorations provider vscode.git 1785
[2022-04-24 01:10:02.212] [exthost] [warning] [Decorations] CAPPING events from decorations provider vscode.git 1785
[2022-04-24 01:10:07.324] [exthost] [warning] [Decorations] CAPPING events from decorations provider vscode.git 1785
[2022-04-24 01:10:12.602] [exthost] [warning] [Decorations] CAPPING events from decorations provider vscode.git 1785
[2022-04-24 01:11:54.327] [exthost] [warning] [Decorations] CAPPING events from decorations provider vscode.git 1785
[2022-04-24 01:11:59.436] [exthost] [warning] [Decorations] CAPPING events from decorations provider vscode.git 1785
[2022-04-24 01:12:04.553] [exthost] [warning] [Decorations] CAPPING events from decorations provider vscode.git 1785
[2022-04-24 01:12:09.682] [exthost] [warning] [Decorations] CAPPING events from decorations provider vscode.git 1785
[2022-04-24 01:12:30.276] [exthost] [warning] [Decorations] CAPPING events from decorations provider vscode.git 1785
[2022-04-24 01:12:54.268] [exthost] [warning] [Decorations] CAPPING events from decorations provider vscode.git 1785
[2022-04-24 04:16:11.330] [exthost] [info] extension host terminating: renderer disconnected for too long (1)
[2022-04-24 04:16:11.331] [exthost] [info] Lock '/home/zjl/.vscode-server/data/User/workspaceStorage/2074cc806682da7ab43325e33433e1e3/vscode.lock': Marking the lockfile as scheduled to be released in 6000 ms.
[2022-04-24 04:16:11.374] [exthost] [info] Extension host with pid 596480 exiting with code 0
